org.junit.internal.Throwables:rethrowAsException:1:[java.lang.Throwable] = 0.0071691463772696196, Parents; -2
java.util.Arrays:sort:2:[java.lang.Object[], java.util.Comparator] = 0.0, Parents; -2
java.lang.Class:getDeclaredFields:0:[] = 0.0, Parents; -2
org.junit.runner.notification.RunNotifier$7:run:0:[] = 0.0, Parents; -2
org.junit.runner.notification.RunNotifier$4:run:0:[] = 0.0, Parents; -2
java.util.Map:entrySet:0:[] = 0.0, Parents; -2
org.junit.experimental.categories.Categories$CategoryFilter:exclude:2:[boolean, java.lang.Class[]] = 0.99, Parents; -2
org.junit.tests.experimental.rules.TemporaryFolderUsageTest:newNamedFileIsCreatedUnderRootFolder:0:[] = 0.0, Parents; -2
org.junit.tests.experimental.theories.runner.UnsuccessfulWithDataPointFields:reportBadParams:0:[] = 0.15384615384615385, Parents; -2
org.junit.experimental.theories.Theories$TheoryAnchor$1:createTest:0:[] = 0.5384615384615384, Parents; -2
org.junit.tests.experimental.rules.RuleMemberValidatorTest:rejectArbitraryObjectWithRuleAnnotation:0:[] = 0.99, Parents; -2
org.junit.runner.notification.RunNotifierTest:wrapIfNotThreadSafeShouldNotWrapThreadSafeListeners:0:[] = 0.99, Parents; -2
java.lang.ClassNotFoundException:getMessage:0:[] = 0.0, Parents; -2
org.junit.tests.junit3compatibility.JUnit38ClassRunnerTest:<init>:0:[] = 0.0, Parents; -2
org.junit.rules.DisableOnDebugTest:whenRunWithoutDebugFlagsTestShouldPass:0:[] = 0.99, Parents; -2
org.junit.tests.experimental.rules.TemporaryFolderUsageTest:newFolderWithGivenFolderThrowsIOExceptionIfFolderNameConsistsOfMultiplePathComponents:0:[] = 0.0, Parents; -2
org.junit.tests.AllTests:suite:0:[] = 0.0, Parents; -2
org.junit.tests.experimental.categories.CategoryTest$MultipleIncludesAndExcludeOnMethod:b:0:[] = 0.0, Parents; -2
junit.tests.extensions.ExtensionTest:assertEquals:2:[int, int] = 0.0, Parents; -2
java.lang.Exception:<init>:2:[java.lang.String, java.lang.Throwable] = 0.0, Parents; -2
java.util.LinkedHashMap:put:2:[java.lang.Object, java.lang.Object] = 0.0, Parents; -2
org.junit.runner.notification.SynchronizedRunListener:testFinished:1:[org.junit.runner.Description] = 0.99, Parents; -2
org.junit.runners.ParentRunner:sort:1:[org.junit.runner.manipulation.Sorter] = 0.725, Parents; -2
org.junit.rules.ExpectedException:expect:1:[org.hamcrest.Matcher] = 0.14285714285714285, Parents; -2
org.junit.samples.ListTest:<init>:0:[] = 0.0, Parents; -2
org.junit.tests.junit3compatibility.JUnit38ClassRunnerTest:getDescriptionWithAnnotation:0:[] = 0.0, Parents; -2
java.lang.System:setOut:1:[java.io.PrintStream] = 0.0, Parents; -2
org.hamcrest.CoreMatchers:everyItem:1:[org.hamcrest.Matcher] = 0.0, Parents; -2
junit.samples.SimpleTest:assertEquals:2:[int, int] = 0.0, Parents; -2
java.lang.SecurityManager:checkAccess:1:[java.lang.ThreadGroup] = 0.0, Parents; -2
org.junit.tests.running.methods.TestMethodTest:constructorParameter:0:[] = 0.0, Parents; -2
java.lang.Thread:sleep:1:[long] = 0.0, Parents; -2
org.junit.tests.deprecated.JUnit4ClassRunnerTest$UnconstructableExample:failure:0:[] = 0.0, Parents; -2
org.junit.tests.experimental.results.PrintableResultTest:backTraceHasGoodToString:2:[java.lang.String, java.lang.String] = 0.0, Parents; -2
org.junit.tests.junit3compatibility.AllTestsTest:correctTestCountAdapted:0:[] = 0.0, Parents; -2
java.lang.String:endsWith:1:[java.lang.String] = 0.0, Parents; -2
org.junit.runner.notification.RunNotifierTest:addFirstAndRemoveWithNonThreadSafeListener:0:[] = 0.99, Parents; -2
org.junit.tests.experimental.rules.ExpectedExceptionTest$FailedAssumptionAndExpectException:failedAssumption:0:[] = 0.99, Parents; -2
org.junit.internal.matchers.StacktracePrintingMatcher:describeMismatchSafely:2:[java.lang.Throwable, org.hamcrest.Description] = 0.07142857142857142, Parents; -2
org.junit.runner.JUnitCommandLineParseResultTest:shouldStopParsingOptionsUponNonOption:0:[] = 0.99, Parents; -2
org.junit.tests.experimental.categories.JavadocTest$SlowTestSuite:<init>:0:[] = 0.0, Parents; -2
java.io.ObjectInputStream:<init>:1:[java.io.InputStream] = 0.0, Parents; -2
org.junit.tests.experimental.theories.extendingwithstubs.StubbedTheoriesTest:ask:1:[org.junit.tests.experimental.theories.extendingwithstubs.Correspondent] = 0.0, Parents; -2
junit.tests.framework.AssertTest:assertSame:2:[java.lang.Object, java.lang.Object] = 0.0, Parents; -2
java.lang.reflect.Field:getName:0:[] = 0.0, Parents; -2
java.lang.SecurityManager:checkPropertiesAccess:0:[] = 0.0, Parents; -2
org.junit.internal.runners.JUnit38ClassRunner:filter:1:[org.junit.runner.manipulation.Filter] = 0.1276595744680851, Parents; -2
org.junit.tests.experimental.categories.MultiCategoryTest$InheritanceAllAnyTest:<init>:0:[] = 0.0, Parents; -2
org.junit.tests.manipulation.FilterTest$NamedFilter:intersect:1:[org.junit.runner.manipulation.Filter] = 0.0, Parents; -2
java.lang.Class:getAnnotation:1:[java.lang.Class] = 0.0, Parents; -2
org.junit.tests.experimental.AssumptionTest:assertCompletesNormally:0:[] = 0.0, Parents; -2
java.lang.SecurityManager:checkRead:2:[java.lang.String, java.lang.Object] = 0.0, Parents; -2
org.junit.tests.experimental.categories.CategoryTest:describeMultipleCategoryFilter:0:[] = 0.99, Parents; -2
org.junit.tests.experimental.rules.RuleMemberValidatorTest:rejectClassRuleIsAnArbitraryObject:0:[] = 0.99, Parents; -2
org.junit.tests.experimental.AssumptionTest:failingAssumptionInBeforePreventsTestRun:0:[] = 0.0, Parents; -2
java.util.concurrent.locks.ReentrantLock:unlock:0:[] = 0.0, Parents; -2
org.junit.tests.running.classes.ParameterizedTestTest$FibonacciTest:fib:1:[int] = 0.0, Parents; -2
org.junit.tests.junit3compatibility.AllTestsTest$All:<init>:0:[] = 0.0, Parents; -2
org.junit.tests.manipulation.SingleMethodTest:classesWithSuiteMethodsAreFiltered:0:[] = 0.0, Parents; -2
java.io.File:getAbsolutePath:0:[] = 0.0, Parents; -2
org.junit.internal.requests.FilterRequest:getRunner:0:[] = 0.0784313725490196, Parents; -2
java.util.Vector:iterator:0:[] = 0.0, Parents; -2
org.junit.tests.experimental.categories.CategoryTest$ExcludedTest1:test:0:[] = 0.0, Parents; -2
org.junit.runners.parameterized.TestWithParametersTest:isNotEqualToObjectWithDifferentClass:0:[] = 0.99, Parents; -2
org.junit.tests.experimental.theories.runner.UnsuccessfulWithDataPointFields:theoryAnnotationsAreRetained:0:[] = 0.1, Parents; -2
java.util.concurrent.atomic.AtomicLong:set:1:[long] = 0.0, Parents; -2
java.lang.Double:compare:2:[double, double] = 0.0, Parents; -2
org.junit.tests.experimental.theories.internal.ParameterizedAssertionErrorTest:sameHashCodeWhenEquals:3:[java.lang.Throwable, java.lang.String, java.lang.Object[]] = 0.0, Parents; -2
org.junit.runner.Result$Listener:testFailure:1:[org.junit.runner.notification.Failure] = 0.23529411764705882, Parents; -2
org.junit.tests.running.classes.ClassLevelMethodsWithIgnoredTestsTest$BeforeClassWithFilteredTest:setUpClass:0:[] = 0.0, Parents; -2
org.junit.tests.running.classes.ParameterizedTestTest:failuresNamedCorrectlyWithParameterizedField:0:[] = 0.0, Parents; -2
java.util.regex.Matcher:matches:0:[] = 0.0, Parents; -2
java.lang.Class:getCanonicalName:0:[] = 0.0, Parents; -2
org.junit.tests.experimental.theories.runner.SuccessfulWithDataPointFields$OneTestTwoAnnotations:calledTwice:0:[] = 0.0, Parents; -2
org.junit.tests.running.classes.ParameterizedTestTest$BadIndexForAnnotatedFieldTest:test:0:[] = 0.0, Parents; -2
org.junit.tests.manipulation.FilterableTest$FilteredTest:skipThis:0:[] = 0.0, Parents; -2
org.junit.Assert:assertEquals:4:[java.lang.String, double, double, double] = 0.29411764705882354, Parents; -2
java.lang.Thread:getContextClassLoader:0:[] = 0.0, Parents; -2
org.junit.tests.running.classes.ParameterizedTestTest$BadNumberOfAnnotatedFieldTest:data:0:[] = 0.0, Parents; -2
java.io.ByteArrayInputStream:<init>:1:[byte[]] = 0.0, Parents; -2
org.junit.runners.model.TestClassTest:providesAnnotatedFieldsSortedByName:0:[] = 0.0, Parents; -2
org.junit.tests.ObjectContractTest:equalsThrowsNoException:2:[java.lang.Object, java.lang.Object] = 0.0, Parents; -2
java.net.URLClassLoader:findClass:1:[java.lang.String] = 0.0, Parents; -2
org.junit.internal.requests.SortingRequest:getRunner:0:[] = 0.17391304347826086, Parents; -2
java.io.StringWriter:<init>:0:[] = 0.0, Parents; -2
java.lang.Class:asSubclass:1:[java.lang.Class] = 0.0, Parents; -2
org.junit.tests.junit3compatibility.AllTestsTest$BadSuiteMethod:<init>:0:[] = 0.0, Parents; -2
org.junit.tests.assertion.AssertionTest:equals:0:[] = 0.0, Parents; -2
org.junit.samples.ListTest:elementAt:0:[] = 0.0, Parents; -2
org.junit.tests.junit3compatibility.ForwardCompatibilityTest$ExpectedTest:expected:0:[] = 0.0, Parents; -2
org.hamcrest.TypeSafeMatcher:<init>:0:[] = 0.0, Parents; -2
org.junit.tests.experimental.AssumptionTest:failingAssumptionInConstructorIgnoresClass:0:[] = 0.0, Parents; -2
java.util.concurrent.ExecutorService:shutdownNow:0:[] = 0.0, Parents; -2
java.lang.reflect.Method:getParameterAnnotations:0:[] = 0.0, Parents; -2
java.lang.System:nanoTime:0:[] = 0.0, Parents; -2
java.lang.IllegalStateException:<init>:1:[java.lang.String] = 0.0, Parents; -2
java.util.regex.Matcher:group:1:[int] = 0.0, Parents; -2
org.junit.tests.experimental.categories.CategoryTest$IncludedExcludedSameSuite:<init>:0:[] = 0.0, Parents; -2
java.lang.reflect.Method:invoke:2:[java.lang.Object, java.lang.Object[]] = 0.0, Parents; -2
org.junit.tests.experimental.theories.runner.SuccessfulWithDataPointFields$PositiveIntsWithNegativeField:haveAPostiveSquare:0:[] = 0.0, Parents; -2
org.junit.tests.experimental.categories.JavadocTest$A:a:0:[] = 0.0, Parents; -2
junit.tests.framework.ComparisonFailureTest:assertEquals:2:[java.lang.String, java.lang.String] = 0.0, Parents; -2
org.junit.tests.running.classes.ParameterizedTestTest$EmptyTest:before:0:[] = 0.0, Parents; -2
org.junit.tests.experimental.theories.runner.WithExtendedParameterSources$DataPointMalformedArrayMethods:addToLog:1:[java.lang.String] = 0.0, Parents; -2
org.junit.tests.experimental.categories.CategoryValidatorTest:errorIsNotAddedWhenCategoryIsNotCombinedWithIllegalCombination:0:[] = 0.99, Parents; -2
junit.tests.framework.TestCaseTest:assertEquals:2:[java.lang.String, java.lang.String] = 0.0, Parents; -2
java.lang.reflect.Field:getDeclaringClass:0:[] = 0.0, Parents; -2
java.lang.SecurityManager:checkMulticast:2:[java.net.InetAddress, byte] = 0.0, Parents; -2
org.junit.tests.experimental.categories.CategoryTest:emptyCategoriesSuite:0:[] = 0.99, Parents; -2
org.junit.tests.experimental.categories.CategoryTest$RunClassAsCategory:<init>:0:[] = 0.0, Parents; -2
org.junit.internal.builders.AnnotatedBuilderTest:topLevelTestClassWithAnnotation_isRunWithAnnotatedRunner:0:[] = 0.99, Parents; -2
java.lang.String:indexOf:1:[int] = 0.0, Parents; -2
junit.tests.framework.FloatAssertTest:assertEquals:3:[float, float, float] = 0.0, Parents; -2
java.lang.Process:waitFor:0:[] = 0.0, Parents; -2
org.junit.runners.model.FrameworkFieldTest:cannotBeCreatedWithoutUnderlyingField:0:[] = 0.99, Parents; -2
org.junit.AssumptionViolatedExceptionTest:assumptionViolatedExceptionWithMatcherDescribesItself:0:[] = 0.0, Parents; -2
junit.tests.framework.FloatAssertTest:fail:0:[] = 0.0, Parents; -2
org.junit.tests.experimental.theories.AssumingInTheoriesTest:<init>:0:[] = 0.0, Parents; -2
org.junit.tests.running.methods.ExpectedTest$Unexpected:expected:0:[] = 0.0, Parents; -2
org.junit.tests.junit3compatibility.ForwardCompatibilityTest$UnExpectedExceptionTest:expected:0:[] = 0.0, Parents; -2
org.junit.runners.model.FrameworkMethodTest:cannotBeCreatedWithoutUnderlyingField:0:[] = 0.99, Parents; -2
junit.tests.runner.ResultTest:assertEquals:3:[java.lang.String, long, long] = 0.0, Parents; -2
org.junit.internal.ArrayComparisonFailure:<init>:3:[java.lang.String, java.lang.AssertionError, int] = 0.09090909090909091, Parents; -2
org.junit.tests.experimental.categories.MultiCategoryTest$InheritanceAllAnyTest:t:0:[] = 0.0, Parents; -2
org.junit.tests.running.classes.EnclosedTest:enclosedRunnerPlansConcreteEnclosedClasses:0:[] = 0.99, Parents; -2
org.junit.tests.experimental.theories.TestedOnSupplierTest:descriptionStatesParameterName:0:[] = 0.06451612903225806, Parents; -2
org.junit.tests.experimental.categories.MultiCategoryTest$CategoriesTest:c:0:[] = 0.0, Parents; -2
java.lang.RuntimeException:<init>:2:[java.lang.String, java.lang.Throwable] = 0.0, Parents; -2
org.junit.tests.running.classes.ParameterizedTestTest$FibonacciWithParameterizedFieldTest:data:0:[] = 0.0, Parents; -2
org.junit.tests.experimental.theories.runner.WhenNoParametersMatch$AssumptionsFail:<init>:0:[] = 0.0, Parents; -2
java.lang.Throwable:<init>:0:[] = 0.0, Parents; -2
org.junit.tests.assertion.AssertionTest:notSame:0:[] = 0.0, Parents; -2
org.junit.tests.junit3compatibility.ForwardCompatibilityTest:assertEquals:2:[int, int] = 0.0, Parents; -2
org.junit.tests.experimental.theories.runner.UnsuccessfulWithDataPointFields:dataPointMethodsMustBeStatic:0:[] = 0.99, Parents; -2
org.junit.tests.running.classes.ParameterizedTestTest:runsForEverySingleArgumentOfArray:0:[] = 0.0, Parents; -2
java.util.List:get:1:[int] = 0.0, Parents; -2
org.hamcrest.Matcher:matches:1:[java.lang.Object] = 0.0, Parents; -2
org.junit.tests.experimental.categories.CategoryTest$EmptyCategoriesSuite:<init>:0:[] = 0.0, Parents; -2
junit.tests.runner.ResultTest:assertNotNull:2:[java.lang.String, java.lang.Object] = 0.0, Parents; -2
org.junit.tests.experimental.AssumptionTest:failingAssumptionInBeforeClassIgnoresClass:0:[] = 0.0, Parents; -2
org.junit.tests.manipulation.SingleMethodTest:parameterizedFilterToSingleMethod:0:[] = 0.0, Parents; -2
java.lang.Thread:start:0:[] = 0.0, Parents; -2
org.junit.tests.experimental.rules.TemporaryFolderUsageTest:newRandomFolderIsCreatedUnderRootFolder:0:[] = 0.0, Parents; -2
junit.tests.runner.TextFeedbackTest$6:getWriter:0:[] = 0.0, Parents; -2
junit.tests.framework.AssertTest:fail:1:[java.lang.String] = 0.0, Parents; -2
org.junit.runners.ParentRunner:collectInitializationErrors:1:[java.util.List] = 0.12, Parents; -2
java.lang.RuntimeException:<init>:0:[] = 0.0, Parents; -2
org.junit.tests.experimental.theories.AssumingInTheoriesTest:noTheoryAnnotationMeansAssumeShouldIgnore:0:[] = 0.0, Parents; -2
java.lang.annotation.Annotation:annotationType:0:[] = 0.0, Parents; -2
org.junit.tests.experimental.categories.CategoryTest:sameAsNoIncludeCategoryAnnotation:0:[] = 0.99, Parents; -2
org.junit.tests.experimental.rules.TemporaryFolderUsageTest:newNestedFoldersCreatedUnderRootFolder:0:[] = 0.0, Parents; -2
java.util.Enumeration:nextElement:0:[] = 0.0, Parents; -2
org.junit.runners.parameterized.ParameterizedNamesTest$ParametrizedWithSpecialCharsInName:<init>:1:[java.lang.String] = 0.0, Parents; -2
org.junit.tests.experimental.theories.runner.SuccessfulWithDataPointFields$PositiveInts:<init>:1:[int] = 0.0, Parents; -2
junit.tests.runner.TextFeedbackTest:assertEquals:2:[java.lang.String, java.lang.String] = 0.0, Parents; -2
java.util.LinkedList:<init>:1:[java.util.Collection] = 0.0, Parents; -2
java.lang.Class:getEnumConstants:0:[] = 0.0, Parents; -2
org.junit.experimental.categories.Categories:getDescription:0:[] = 0.0, Parents; -2
java.lang.Thread:<init>:0:[] = 0.0, Parents; -2
java.lang.Math:abs:1:[double] = 0.0, Parents; -2
org.junit.tests.experimental.results.PrintableResultTest:<init>:0:[] = 0.0, Parents; -2
org.junit.runners.parameterized.BlockJUnit4ClassRunnerWithParameters:childrenInvoker:1:[org.junit.runner.notification.RunNotifier] = 0.0, Parents; -2
org.junit.tests.assertion.AssertionTest:bytesNotEqual:0:[] = 0.0, Parents; -2
org.junit.tests.running.classes.ClassLevelMethodsWithIgnoredTestsTest:classRuleShouldNotBeAppliedWhenAllTestsAreIgnored:0:[] = 0.99, Parents; -2
org.junit.rules.StopwatchTest$AbstractStopwatchTest$2:failed:3:[long, java.lang.Throwable, org.junit.runner.Description] = 0.99, Parents; -2
junit.tests.runner.TextFeedbackTest$4:getWriter:0:[] = 0.0, Parents; -2
org.junit.tests.experimental.theories.PotentialAssignmentTest:shouldIncludeFailureInDescriptionIfToStringFails:0:[] = 0.99, Parents; -2
org.junit.tests.internal.runners.ErrorReportingRunnerTest:<init>:0:[] = 0.0, Parents; -2
org.junit.tests.running.methods.TimeoutTest$TimeoutSubclass:getTimeoutFromSuperclass:1:[java.util.concurrent.TimeUnit] = 0.99, Parents; -2
org.junit.internal.runners.MethodRoadie:runBefores:0:[] = 0.05333333333333334, Parents; -2
org.junit.tests.experimental.theories.runner.WithUnresolvedGenericTypeVariablesOnTheoryParms$TypeVariableOnWildcardLowerBoundOnTheoryParm:<clinit>:0:[] = 0.0, Parents; -2
org.junit.tests.assertion.AssertionTest:oneDimensionalDoubleArraysAreNotEqual:0:[] = 0.0, Parents; -2
org.junit.tests.assertion.AssertionTest:oneDimensionalBooleanArraysAreNotEqual:0:[] = 0.0, Parents; -2
org.junit.tests.experimental.theories.internal.AllMembersSupplierTest:allMembersFailsOnFailingDataPointsArrayMethod:0:[] = 0.99, Parents; -2
org.junit.runners.model.TestClass:getAnnotatedFields:0:[] = 0.99, Parents; -2
java.lang.Double:doubleValue:0:[] = 0.0, Parents; -2
org.junit.runner.notification.SynchronizedRunListener:testFailure:1:[org.junit.runner.notification.Failure] = 0.99, Parents; -2
java.lang.IllegalArgumentException:getMessage:0:[] = 0.0, Parents; -2
org.junit.runner.FilterFactoriesTest:shouldPassOnDescriptionToFilterFactory:0:[] = 0.99, Parents; -2
junit.tests.runner.TextRunnerTest:assertFalse:1:[boolean] = 0.0, Parents; -2
org.junit.tests.running.classes.ParameterizedTestTest$FibonacciWithParameterizedFieldTest:fib:1:[int] = 0.0, Parents; -2
org.junit.tests.junit3compatibility.AllTestsTest$BadSuiteMethod:suite:0:[] = 0.0, Parents; -2
org.junit.tests.running.methods.AnnotationTest:assertTrue:1:[boolean] = 0.0, Parents; -2
org.junit.experimental.theories.Theories$TheoryAnchor$1:getTestClass:0:[] = 0.0, Parents; -2
org.junit.rules.StopwatchTest$SkippedTest:skippedTest:0:[] = 0.99, Parents; -2
org.junit.tests.running.classes.ParameterizedTestTest$PrivateConstructor:<init>:1:[int] = 0.0, Parents; -2
org.junit.tests.running.methods.AnnotationTest$NoExceptionTest:<init>:0:[] = 0.0, Parents; -2
org.junit.tests.experimental.rules.TemporaryFolderUsageTest:checkFileExists:3:[java.lang.String, java.io.File, boolean] = 0.0, Parents; -2
org.junit.tests.internal.runners.ErrorReportingRunnerTest:cannotCreateWithNullClass:0:[] = 0.0, Parents; -2
org.junit.tests.running.classes.ParameterizedTestTest$FibonacciTestWithArray:<init>:2:[int, int] = 0.0, Parents; -2
java.lang.IllegalArgumentException:<init>:1:[java.lang.String] = 0.0, Parents; -2
org.junit.tests.junit3compatibility.ForwardCompatibilityTest$ExpectedTest:<init>:0:[] = 0.0, Parents; -2
org.junit.tests.experimental.categories.MultiCategoryTest$CategoriesTest:<init>:0:[] = 0.0, Parents; -2
org.junit.tests.assertion.AssertionTest:longsNotEqual:0:[] = 0.0, Parents; -2
java.lang.Byte:valueOf:1:[byte] = 0.0, Parents; -2
java.io.IOException:<init>:1:[java.lang.String] = 0.0, Parents; -2
org.junit.tests.junit3compatibility.ForwardCompatibilityTest$NoTests:<init>:0:[] = 0.0, Parents; -2
org.junit.tests.assertion.AssertionTest:objectsAreSame:0:[] = 0.0, Parents; -2
org.junit.tests.listening.UserStopTest:<init>:0:[] = 0.0, Parents; -2
org.junit.tests.experimental.rules.RuleMemberValidatorTest:rejectClassRuleInNonPublicClass:0:[] = 0.99, Parents; -2
org.junit.tests.assertion.AssertionTest:implicitTypecastEquality:0:[] = 0.0, Parents; -2
org.junit.tests.experimental.categories.MultiCategoryTest$InheritanceAnyTest:runnable:0:[] = 0.0, Parents; -2
org.junit.tests.experimental.theories.runner.WithDataPointMethod$DataPointMethodReturnsMutableObject:empty:0:[] = 0.0, Parents; -2
java.io.PrintStream:<init>:1:[java.io.OutputStream] = 0.0, Parents; -2
org.junit.tests.running.classes.ParameterizedTestTest$EmptyTest:after:0:[] = 0.0, Parents; -2
java.util.concurrent.CountDownLatch:<init>:1:[int] = 0.0, Parents; -2
org.junit.rules.TestWatcher:skippedQuietly:3:[org.junit.internal.AssumptionViolatedException, org.junit.runner.Description, java.util.List] = 0.4583333333333333, Parents; -2
org.junit.tests.experimental.theories.runner.WithParameterSupplier$TestClassUsingSupplierWithUnknownConstructor:<init>:0:[] = 0.0, Parents; -2
org.junit.runner.Result$Listener:testRunFinished:1:[org.junit.runner.Result] = 0.3333333333333333, Parents; -2
java.util.concurrent.CyclicBarrier:<init>:1:[int] = 0.0, Parents; -2
org.junit.tests.experimental.rules.ExpectedExceptionTest:testsWithEventMatcher:0:[] = 0.0, Parents; -2
java.lang.reflect.Method:getReturnType:0:[] = 0.0, Parents; -2
org.junit.internal.runners.JUnit38ClassRunner$OldTestClassAdaptingListener:addError:2:[junit.framework.Test, java.lang.Throwable] = 0.23333333333333334, Parents; -2
java.lang.reflect.Method:toString:0:[] = 0.0, Parents; -2
org.junit.tests.running.classes.ParameterizedTestTest$ProtectedParametersTest:<init>:0:[] = 0.0, Parents; -2
org.hamcrest.core.AnyOf:anyOf:2:[org.hamcrest.Matcher, org.hamcrest.Matcher] = 0.0, Parents; -2
java.io.FileInputStream:<init>:1:[java.io.File] = 0.0, Parents; -2
junit.tests.framework.TestImplementorTest:assertEquals:2:[int, int] = 0.0, Parents; -2
org.junit.tests.assertion.AssertionTest:bigDecimalsNotEqual:0:[] = 0.0, Parents; -2
org.junit.internal.MethodSorterTest:testJvmMethodSorter:0:[] = 0.99, Parents; -2
org.junit.runner.Result$Listener:testRunStarted:1:[org.junit.runner.Description] = 0.2, Parents; -2
java.lang.reflect.Constructor:getParameterTypes:0:[] = 0.0, Parents; -2
org.junit.tests.running.classes.ParameterizedTestTest$IncorrectTest:<init>:0:[] = 0.0, Parents; -2
org.junit.tests.experimental.theories.extendingwithstubs.Guesser$GuessMap:get:1:[java.lang.Object] = 0.0, Parents; -2
org.junit.tests.running.classes.ClassLevelMethodsWithIgnoredTestsTest$BeforeClassWithFilteredTest:test:0:[] = 0.0, Parents; -2
org.junit.runner.notification.RunNotifier$3:run:0:[] = 0.0, Parents; -2
org.junit.tests.running.classes.ParameterizedTestTest$FibonacciTest:<init>:2:[int, int] = 0.0, Parents; -2
java.lang.Thread:join:0:[] = 0.0, Parents; -2
org.junit.tests.experimental.rules.TemporaryFolderUsageTest:newFolderWithGivenPathThrowsIOExceptionIfFolderNamesConsistOfMultiplePathComponents:0:[] = 0.0, Parents; -2
org.junit.tests.experimental.categories.MultiCategoryTest$InheritanceAllAnyTest:z:0:[] = 0.0, Parents; -2
java.util.concurrent.atomic.AtomicBoolean:get:0:[] = 0.0, Parents; -2
java.lang.Class:newInstance:0:[] = 0.0, Parents; -2
org.junit.tests.experimental.categories.CategoriesAndParameterizedTest$WellBehavedParameterizedTest:getParameters:0:[] = 0.0, Parents; -2
java.util.Properties:put:2:[java.lang.Object, java.lang.Object] = 0.0, Parents; -2
org.junit.tests.experimental.theories.runner.UnsuccessfulWithDataPointFields:dataPointMethodsMustBePublic:0:[] = 0.99, Parents; -2
java.util.Map$Entry:setValue:1:[java.lang.Object] = 0.0, Parents; -2
java.util.regex.Pattern:matcher:1:[java.lang.CharSequence] = 0.0, Parents; -2
org.junit.runners.parameterized.TestWithParameters:equals:1:[java.lang.Object] = 0.99, Parents; -2
org.junit.tests.experimental.theories.ParameterSignatureTest:getType:2:[java.lang.reflect.Method, int] = 0.0, Parents; -2
java.lang.Class:getModifiers:0:[] = 0.0, Parents; -2
org.junit.tests.experimental.theories.runner.WhenNoParametersMatch:<clinit>:0:[] = 0.0, Parents; -2
org.junit.tests.assertion.AssertionTest:assertNotEqualsIgnoresDeltaOnNaN:0:[] = 0.0, Parents; -2
org.junit.tests.running.classes.ParameterizedTestTest$FibonacciTestWithArray:data:0:[] = 0.0, Parents; -2
org.junit.tests.manipulation.SortableTest:<init>:0:[] = 0.0, Parents; -2
org.junit.AssumptionViolatedExceptionTest:simpleAssumptionViolatedExceptionDescribesItself:0:[] = 0.0, Parents; -2
org.junit.tests.assertion.AssertionTest:stringsDifferWithUserMessage:0:[] = 0.0, Parents; -2
org.junit.tests.assertion.AssertionTest:same:0:[] = 0.0, Parents; -2
org.junit.tests.listening.UserStopTest:stopClassRunner:0:[] = 0.0, Parents; -2
java.util.List:add:1:[java.lang.Object] = 0.0, Parents; -2
org.junit.tests.experimental.theories.internal.AllMembersSupplierTest:dataPointsArrayMethodMayContainNullValue:0:[] = 0.99, Parents; -2
java.lang.Thread:<init>:2:[java.lang.Runnable, java.lang.String] = 0.0, Parents; -2
junit.tests.framework.TestCaseTest:assertSame:2:[java.lang.Object, java.lang.Object] = 0.0, Parents; -2
org.junit.tests.experimental.rules.RuleMemberValidatorTest:rejectMethodStaticTestRule:0:[] = 0.99, Parents; -2
org.junit.tests.experimental.theories.runner.WithParameterSupplier:shouldRejectSuppliersWithTwoConstructors:0:[] = 0.99, Parents; -2
java.io.File:getName:0:[] = 0.0, Parents; -2
org.junit.tests.running.classes.UseSuiteAsASuperclassTest$AllWithMySuite:<init>:0:[] = 0.0, Parents; -2
org.junit.samples.ListTest:main:1:[java.lang.String[]] = 0.0, Parents; -2
org.junit.runners.model.FrameworkMethodTest:missingAnnotationIsNotAvailable:0:[] = 0.99, Parents; -2
org.junit.rules.StopwatchTest$AbstractStopwatchTest$1:nanoTime:0:[] = 0.99, Parents; -2
org.junit.tests.experimental.theories.runner.WithUnresolvedGenericTypeVariablesOnTheoryParms$TypeVariablesAbound:<init>:0:[] = 0.0, Parents; -2
org.junit.internal.runners.model.EachTestNotifier:fireTestIgnored:0:[] = 0.3076923076923077, Parents; -2
java.util.Random:<init>:1:[long] = 0.0, Parents; -2
java.util.Collections:enumeration:1:[java.util.Collection] = 0.0, Parents; -2
org.junit.tests.experimental.theories.runner.FailingDataPointMethods$HasIgnoredFailingSingleDataPointMethod:<init>:0:[] = 0.0, Parents; -2
java.lang.ThreadGroup:enumerate:1:[java.lang.Thread[]] = 0.0, Parents; -2
java.lang.Exception:setStackTrace:1:[java.lang.StackTraceElement[]] = 0.0, Parents; -2
org.junit.tests.running.methods.AnnotationTest:assertEquals:2:[java.lang.Object, java.lang.Object] = 0.0, Parents; -2
java.io.File:createTempFile:3:[java.lang.String, java.lang.String, java.io.File] = 0.0, Parents; -2
org.junit.tests.experimental.theories.runner.WithUnresolvedGenericTypeVariablesOnTheoryParms$TypeVariableOnWildcardLowerBoundOnTheoryParm:<init>:0:[] = 0.0, Parents; -2
org.junit.tests.assertion.AssertionTest:oneDimensionalFloatArraysAreNotEqual:0:[] = 0.0, Parents; -2
org.junit.experimental.theories.FromDataPoints:value:0:[] = 0.0, Parents; -2
org.junit.runners.model.FrameworkMethod$1:runReflectiveCall:0:[] = 0.13333333333333333, Parents; -2
org.junit.runners.AllTests:getDescription:0:[] = 0.0, Parents; -2
org.junit.tests.assertion.AssertionTest:floatsNotEqualWithoutDelta:0:[] = 0.0, Parents; -2
java.text.NumberFormat:format:1:[double] = 0.0, Parents; -2
junit.extensions.TestSetup:basicRun:1:[junit.framework.TestResult] = 0.0, Parents; -2
java.lang.String:replaceAll:2:[java.lang.String, java.lang.String] = 0.0, Parents; -2
org.junit.rules.DisableOnDebugTest:whenRunWithPreJava5DebugArgumentsTestShouldFail:0:[] = 0.99, Parents; -2
java.util.Collections:singletonList:1:[java.lang.Object] = 0.0, Parents; -2
java.lang.reflect.Method:getDeclaredAnnotations:0:[] = 0.0, Parents; -2
org.junit.tests.manipulation.SingleMethodTest$ParameterizedOneTimeBeforeClass:params:0:[] = 0.0, Parents; -2
org.junit.tests.experimental.theories.runner.WithOnlyTestAnnotations$HonorExpectedExceptionPasses:<init>:0:[] = 0.0, Parents; -2
org.junit.tests.assertion.AssertionTest:arraysEqual:0:[] = 0.0, Parents; -2
org.junit.runner.JUnitCommandLineParseResultTest:shouldCreateFailureUponUncreatedFilter:0:[] = 0.99, Parents; -2
org.junit.experimental.theories.ParameterSignature:buildConvertableTypesMap:0:[] = 0.99, Parents; -2
org.junit.tests.running.classes.ParameterizedTestTest:runsForEverySingleArgumentOfIterable:0:[] = 0.0, Parents; -2
org.junit.tests.assertion.AssertionTest:nullMessageDisappearsWithAssertEquals:0:[] = 0.0, Parents; -2
org.junit.tests.experimental.theories.runner.WithAutoGeneratedDataPoints:shouldAutomaticallyGenerateBooleanDataPoints:0:[] = 0.99, Parents; -2
org.junit.tests.experimental.AssumptionTest:assumeTrueWorks:0:[] = 0.0, Parents; -2
org.junit.tests.experimental.rules.RuleMemberValidatorTest:methodRejectProtectedClassRule:0:[] = 0.99, Parents; -2
java.lang.Class:cast:1:[java.lang.Object] = 0.0, Parents; -2
org.junit.tests.experimental.AssumptionTest:passingAssumptionsScootThrough:0:[] = 0.0, Parents; -2
junit.tests.runner.TextRunnerTest:assertTrue:1:[boolean] = 0.0, Parents; -2
org.junit.internal.MethodSorterTest:testDefaultMethodSorter:0:[] = 0.99, Parents; -2
org.junit.tests.experimental.rules.NameRulesTest:<init>:0:[] = 0.0, Parents; -2
org.junit.tests.experimental.theories.runner.WhenNoParametersMatch:showFailedAssumptionsWhenNoParametersFound:2:[int, org.hamcrest.Matcher] = 0.0, Parents; -2
org.junit.runners.model.TestClassTest:identifiesNonPublicModifier:0:[] = 0.0, Parents; -2
org.junit.tests.manipulation.SingleMethodTest:eliminateUnnecessaryTreeBranches:0:[] = 0.0, Parents; -2
org.junit.tests.experimental.rules.RuleMemberValidatorTest:rejectMethodStaticMethodRule:0:[] = 0.99, Parents; -2
org.junit.tests.running.classes.ParameterizedTestTest$TestWithUseParametersRunnerFactoryAnnotation:data:0:[] = 0.0, Parents; -2
junit.tests.runner.ResultTest:assertResultSerializable:1:[org.junit.runner.Result] = 0.45348837209302323, Parents; -2
org.junit.tests.experimental.theories.runner.UnsuccessfulWithDataPointFields$HasAFailingTheory:<init>:0:[] = 0.0, Parents; -2
org.junit.rules.Stopwatch$InternalWatcher:apply:2:[org.junit.runners.model.Statement, org.junit.runner.Description] = 0.0, Parents; -2
org.junit.tests.experimental.theories.runner.FailingDataPointMethods:shouldFailFromExceptionsInDataPointArrayMethods:0:[] = 0.99, Parents; -2
org.junit.experimental.theories.Theories$TheoryAnchor:evaluate:0:[] = 0.45652173913043476, Parents; -2
org.junit.tests.experimental.rules.ExpectedExceptionTest$ExpectAssertionErrorWhichIsNotThrown:fails:0:[] = 0.99, Parents; -2
java.lang.Class:isArray:0:[] = 0.0, Parents; -2
java.io.ObjectInputStream$GetField:get:2:[java.lang.String, long] = 0.0, Parents; -2
org.junit.runner.notification.RunNotifierTest:addFirstAndRemoveWithThreadSafeListener:0:[] = 0.99, Parents; -2
java.lang.Long:longValue:0:[] = 0.0, Parents; -2
org.junit.tests.experimental.theories.extendingwithstubs.StubbedTheoriesTest:<init>:0:[] = 0.0, Parents; -2
org.junit.tests.manipulation.SortableTest$TestClassRunnerIsSortable$Enclosing:<init>:0:[] = 0.0, Parents; -2
java.lang.SecurityManager:checkLink:1:[java.lang.String] = 0.0, Parents; -2
org.junit.tests.running.classes.ParameterizedTestTest:beforeAndAfterClassAreRun:0:[] = 0.0, Parents; -2
org.junit.tests.experimental.categories.MultiCategoryTest$InheritanceAnyTest:w:0:[] = 0.0, Parents; -2
org.junit.tests.experimental.theories.extendingwithstubs.StubbedTheories$StubbedTheoryAnchor:runWithIncompleteAssignment:1:[org.junit.experimental.theories.internal.Assignments] = 0.05, Parents; -2
junit.textui.TestRunner:extractClassName:1:[java.lang.String] = 0.0, Parents; -2
org.junit.runners.ParentRunner$4:compare:2:[java.lang.Object, java.lang.Object] = 0.12, Parents; -2
org.junit.runners.model.TestClassTest:hasHashCodeWithoutJavaClass:0:[] = 0.0, Parents; -2
java.lang.Class:getClasses:0:[] = 0.0, Parents; -2
org.junit.runners.model.TestClassTest:identifyNonStaticInnerClass:0:[] = 0.0, Parents; -2
java.util.HashSet:addAll:1:[java.util.Collection] = 0.0, Parents; -2
java.io.PrintStream:print:1:[java.lang.String] = 0.0, Parents; -2
org.junit.tests.running.methods.TimeoutTest:timeoutFailureMultithreadedStuckInMain:0:[] = 0.99, Parents; -2
org.junit.internal.AssumptionViolatedException:getCause:0:[] = 0.0, Parents; -2
org.junit.tests.experimental.rules.ExpectedExceptionTest:runTestAndVerifyResult:0:[] = 0.0, Parents; -2
org.junit.internal.matchers.ThrowableCauseMatcherTest:shouldAllowCauseOfDifferentClassFromRoot:0:[] = 0.99, Parents; -2
org.junit.tests.assertion.AssertionTest:assertNotEqualsConsidersFloatDeltaCorrectly:0:[] = 0.0, Parents; -2
org.junit.tests.manipulation.SingleMethodTest:filteringAwayEverythingThrowsException:0:[] = 0.0, Parents; -2
org.junit.tests.experimental.rules.TemporaryFolderUsageTest:deleteShouldDoNothingIfRootFolderWasNotInitialized:0:[] = 0.0, Parents; -2
org.junit.tests.experimental.AssumptionTest:failedAssumptionsWithMessage:0:[] = 0.0, Parents; -2
org.hamcrest.CoreMatchers:not:1:[org.hamcrest.Matcher] = 0.0, Parents; -2
org.junit.internal.runners.MethodValidator:validateInstanceMethods:0:[] = 0.1, Parents; -2
java.lang.SecurityManager:checkWrite:1:[java.io.FileDescriptor] = 0.0, Parents; -2
org.junit.tests.experimental.categories.JavadocTest:fastSmokeTests:0:[] = 0.99, Parents; -2
org.junit.tests.running.classes.ParameterizedTestTest$ParameterizedWithoutSpecialTestname:<init>:1:[java.lang.Object] = 0.0, Parents; -2
org.junit.tests.experimental.rules.MethodRulesTest$HasMethodReturningMethodRule$1$1:evaluate:0:[] = 0.99, Parents; -2
org.junit.internal.MethodSorterTest:testMethodsNullSorterSub:0:[] = 0.99, Parents; -2
org.junit.tests.experimental.theories.runner.WithExtendedParameterSources$DataPointArrayMethod:addToLog:1:[java.lang.String] = 0.0, Parents; -2
java.lang.String:hashCode:0:[] = 0.0, Parents; -2
java.util.concurrent.Executors:newCachedThreadPool:0:[] = 0.0, Parents; -2
org.junit.tests.experimental.theories.ParameterSignatureTest:<init>:0:[] = 0.0, Parents; -2
java.io.FileInputStream:close:0:[] = 0.0, Parents; -2
org.junit.tests.running.classes.ParameterizedTestTest$FibonacciTestWithArray:fib:1:[int] = 0.0, Parents; -2
org.junit.validator.AnnotationsValidatorTest:validatorIsCalledForAClass:0:[] = 0.99, Parents; -2
org.junit.tests.experimental.categories.CategoriesAndParameterizedTest$ParameterTokenSuiteMalformedAndSwapped:<init>:0:[] = 0.0, Parents; -2
org.junit.tests.assertion.ComparisonFailureTest:compactFailureMessage:0:[] = 0.0, Parents; -2
org.junit.tests.experimental.theories.runner.SuccessfulWithDataPointFields$OneTestTwoAnnotations:<init>:0:[] = 0.0, Parents; -2
junit.tests.framework.AssertTest:assertNull:1:[java.lang.Object] = 0.0, Parents; -2
java.lang.String:substring:1:[int] = 0.0, Parents; -2
java.text.NumberFormat:getInstance:0:[] = 0.0, Parents; -2
java.lang.SecurityManager:checkListen:1:[int] = 0.0, Parents; -2
org.junit.tests.experimental.categories.CategoryTest$A:<init>:0:[] = 0.0, Parents; -2
java.lang.Class:getClassLoader:0:[] = 0.0, Parents; -2
org.hamcrest.CoreMatchers:startsWith:1:[java.lang.String] = 0.0, Parents; -2
java.lang.IllegalArgumentException:<init>:2:[java.lang.String, java.lang.Throwable] = 0.0, Parents; -2
org.junit.tests.experimental.categories.MultiCategoryTest$InheritanceAnyTest:t:0:[] = 0.0, Parents; -2
java.util.Random:nextDouble:0:[] = 0.0, Parents; -2
org.junit.tests.running.classes.ParameterizedTestTest$SingleArgumentTestWithIterable:<init>:1:[java.lang.Object] = 0.0, Parents; -2
org.junit.experimental.max.MaxCore:run:2:[org.junit.runner.Request, org.junit.runner.JUnitCore] = 0.08333333333333333, Parents; -2
org.junit.tests.experimental.max.DescriptionTest:createSuiteDescription_whenZeroLength:0:[] = 0.0, Parents; -2
org.junit.tests.running.methods.AnnotationTest:assertEquals:2:[int, int] = 0.0, Parents; -2
org.junit.rules.Stopwatch$InternalWatcher:finished:1:[org.junit.runner.Description] = 0.99, Parents; -2
java.util.ArrayList:get:1:[int] = 0.0, Parents; -2
org.junit.tests.running.classes.ParameterizedTestTest:countBeforeRun:0:[] = 0.0, Parents; -2
java.io.File:<init>:1:[java.lang.String] = 0.0, Parents; -2
java.lang.Exception:toString:0:[] = 0.0, Parents; -2
org.hamcrest.CoreMatchers:allOf:2:[org.hamcrest.Matcher, org.hamcrest.Matcher] = 0.0, Parents; -2
org.junit.tests.experimental.AssumptionTest:access$0:0:[] = 0.0, Parents; -2
org.junit.tests.experimental.rules.RuleMemberValidatorTest:rejectNonStaticClassRule:0:[] = 0.99, Parents; -2
java.nio.ByteBuffer:wrap:1:[byte[]] = 0.0, Parents; -2
org.junit.tests.running.classes.ParameterizedTestTest$SingleArgumentTestWithIterable:data:0:[] = 0.0, Parents; -2
org.junit.tests.assertion.AssertionTest:stringNullAndNullWorksToo:0:[] = 0.0, Parents; -2
org.junit.tests.experimental.categories.CategoryTest$IgnoredTest:<init>:0:[] = 0.0, Parents; -2
org.junit.tests.assertion.AssertionTest:IntegerDoesNotEqualLong:0:[] = 0.0, Parents; -2
org.junit.tests.experimental.rules.VerifierRuleTest$UsesErrorCollectorCheckSucceeds:example:0:[] = 0.41025641025641024, Parents; -2
java.io.ObjectOutputStream:putFields:0:[] = 0.0, Parents; -2
org.junit.tests.assertion.AssertionTest:arraysActualNullMessage:0:[] = 0.0, Parents; -2
org.junit.internal.runners.TestMethod:getAfters:0:[] = 0.18181818181818182, Parents; -2
org.junit.tests.running.classes.ParameterizedTestTest$ParametersNotIterable:<init>:0:[] = 0.0, Parents; -2
java.util.Collections:reverse:1:[java.util.List] = 0.0, Parents; -2
org.junit.tests.experimental.categories.JavadocTest$A:<init>:0:[] = 0.0, Parents; -2
org.junit.tests.manipulation.SingleMethodTest$ParameterizedOneTimeSetup:<init>:1:[int] = 0.0, Parents; -2
java.util.Collections:unmodifiableSet:1:[java.util.Set] = 0.0, Parents; -2
org.junit.tests.running.classes.ClassLevelMethodsWithIgnoredTestsTest:afterClassShouldNotRunWhenAllTestsAreIgnored:0:[] = 0.99, Parents; -2
org.junit.tests.experimental.theories.runner.FailingDataPointMethods$HasFailingSingleDataPointMethod:<init>:0:[] = 0.0, Parents; -2
org.junit.tests.running.classes.ParentRunnerTest:assertionErrorAtParentLevelTest:0:[] = 0.99, Parents; -2
java.lang.reflect.Modifier:isAbstract:1:[int] = 0.0, Parents; -2
java.util.Map$Entry:getValue:0:[] = 0.0, Parents; -2
java.util.Random:nextInt:0:[] = 0.0, Parents; -2
org.junit.tests.experimental.rules.TemporaryFolderUsageTest:newFolderThrowsIllegalStateExceptionIfCreateWasNotInvoked:0:[] = 0.0, Parents; -2
org.junit.runner.notification.ConcurrentRunNotifierTest$2:test:0:[] = 0.0, Parents; -2
org.junit.runner.JUnitCommandLineParseResultTest:shouldCreateFailureUponUnknownTestClass:0:[] = 0.99, Parents; -2
java.lang.reflect.Constructor:newInstance:1:[java.lang.Object[]] = 0.0, Parents; -2
org.junit.tests.experimental.rules.TemporaryFolderUsageTest:newFolderWithGivenFolderThrowsIllegalArgumentExceptionIfFolderExists:0:[] = 0.0, Parents; -2
junit.tests.framework.AssertTest:assertFalse:1:[boolean] = 0.0, Parents; -2
org.junit.experimental.categories.Categories:<init>:2:[java.lang.Class, org.junit.runners.model.RunnerBuilder] = 0.5844155844155844, Parents; -2
org.junit.tests.experimental.rules.TemporaryFolderUsageTest:newRandomFileIsCreatedUnderRootFolder:0:[] = 0.0, Parents; -2
java.lang.SecurityManager:checkPrintJobAccess:0:[] = 0.0, Parents; -2
org.junit.tests.running.methods.ExpectedTest$Unexpected:<init>:0:[] = 0.0, Parents; -2
org.junit.tests.listening.TestListenerTest:reportsFailureOfListener:0:[] = 0.0, Parents; -2
org.junit.tests.running.classes.ClassLevelMethodsWithIgnoredTestsTest:beforeClassShouldNotRunWhenAllTestsAreIgnored:0:[] = 0.99, Parents; -2
org.junit.validator.AnnotationValidatorFactoryTest$SampleTestWithValidatorThatThrowsException:<init>:0:[] = 0.0, Parents; -2
org.junit.tests.experimental.categories.MultiCategoryTest$InheritanceAllTest:y:0:[] = 0.0, Parents; -2
org.junit.tests.experimental.rules.TemporaryFolderUsageTest:newFolderWithGivenPathThrowsIllegalArgumentExceptionIfPathExists:0:[] = 0.0, Parents; -2
org.junit.runners.model.TestClassTest:annotatedFieldValues:0:[] = 0.0, Parents; -2
org.junit.runners.model.TestClassTest:isEqualToTestClassThatWrapsNoJavaClassToo:0:[] = 0.0, Parents; -2
org.junit.runner.notification.RunNotifierTest:wrapIfNotThreadSafeShouldWrapNonThreadSafeListeners:0:[] = 0.99, Parents; -2
org.junit.tests.junit3compatibility.ForwardCompatibilityPrintingTest$3:getWriter:0:[] = 0.0, Parents; -2
org.junit.rules.ExpectedExceptionMatcherBuilder:allOfTheMatchers:0:[] = 0.16, Parents; -2
java.lang.SecurityManager:checkPackageAccess:1:[java.lang.String] = 0.0, Parents; -2
org.junit.rules.TestWatcher:finishedQuietly:2:[org.junit.runner.Description, java.util.List] = 0.1935483870967742, Parents; -2
java.util.Set:addAll:1:[java.util.Collection] = 0.0, Parents; -2
org.junit.experimental.ParallelComputer:getRunner:2:[org.junit.runners.model.RunnerBuilder, java.lang.Class] = 0.06666666666666667, Parents; -2
org.junit.tests.experimental.categories.CategoryTest$ExcludedTest2:<init>:0:[] = 0.0, Parents; -2
org.junit.tests.running.classes.ParameterizedTestTest:access$1:1:[java.lang.String] = 0.0, Parents; -2
org.junit.internal.runners.rules.RuleMemberValidator$MethodMustBeARule:validate:3:[org.junit.runners.model.FrameworkMember, java.lang.Class, java.util.List] = 0.99, Parents; -2
org.junit.tests.experimental.categories.CategoryTest$OneFastSuite:<init>:0:[] = 0.0, Parents; -2
org.junit.Assert:failNotSame:3:[java.lang.String, java.lang.Object, java.lang.Object] = 0.0425531914893617, Parents; -2
org.junit.experimental.theories.internal.ParameterizedAssertionError:<init>:3:[java.lang.Throwable, java.lang.String, java.lang.Object[]] = 0.1388888888888889, Parents; -2
junit.extensions.ActiveTestSuite:addTest:1:[junit.framework.Test] = 0.0, Parents; -2
org.junit.runners.model.TestClassTest:identifiesPublicModifier:0:[] = 0.0, Parents; -2
org.junit.runners.BlockJUnit4ClassRunner:runLeaf:3:[org.junit.runners.model.Statement, org.junit.runner.Description, org.junit.runner.notification.RunNotifier] = 0.0, Parents; -2
org.junit.tests.running.classes.ParameterizedTestTest:failuresAddedForBadTestMethod:0:[] = 0.0, Parents; -2
org.junit.tests.experimental.theories.runner.TypeMatchingBetweenMultiDataPointsMethod$WithWrongfullyTypedDataPointsMethod:<init>:0:[] = 0.0, Parents; -2
org.junit.tests.internal.runners.statements.FailOnTimeoutTest:throwsTestTimedOutException:0:[] = 0.99, Parents; -2
org.junit.tests.experimental.theories.runner.SuccessfulWithDataPointFields$StaticPublicNonDataPoints:onlyAnnotatedFields:1:[int] = 0.0, Parents; -2
org.junit.experimental.categories.Categories:filter:1:[org.junit.runner.manipulation.Filter] = 0.0, Parents; -2
org.junit.tests.experimental.theories.runner.WithExtendedParameterSources$ShouldFilterOutNullElementsFromDataPointArrays:allStringsAreNonNull:1:[java.lang.String] = 0.0, Parents; -2
org.junit.tests.manipulation.SingleMethodTest:<init>:0:[] = 0.0, Parents; -2
org.junit.tests.experimental.theories.extendingwithstubs.StubbedTheories$StubbedTheoryAnchor:runWithAssignment:1:[org.junit.experimental.theories.internal.Assignments] = 0.0, Parents; -2
java.util.Properties:store:2:[java.io.OutputStream, java.lang.String] = 0.0, Parents; -2
java.lang.Thread:getId:0:[] = 0.0, Parents; -2
org.junit.runners.model.FrameworkMethodTest:hasToStringWhichPrintsMethodName:0:[] = 0.99, Parents; -2
org.junit.tests.experimental.theories.runner.UnsuccessfulWithDataPointFields$TheoriesMustBePublic:<init>:0:[] = 0.0, Parents; -2
org.junit.tests.junit3compatibility.OldTests:suite:0:[] = 0.0, Parents; -2
java.util.Collections:unmodifiableCollection:1:[java.util.Collection] = 0.0, Parents; -2
org.junit.tests.experimental.AssumptionTest:failedAssumptionsCanBeDetectedByListeners:0:[] = 0.0, Parents; -2
org.junit.tests.experimental.theories.runner.SuccessfulWithDataPointFields$HasATwoParameterTheory:allIntsAreEqual:2:[int, int] = 0.0, Parents; -2
org.junit.experimental.theories.internal.ParameterizedAssertionError:join:2:[java.lang.String, java.util.Collection] = 0.3389830508474576, Parents; -2
org.junit.tests.assertion.ComparisonFailureTest:<init>:3:[java.lang.String, java.lang.String, java.lang.String] = 0.0, Parents; -2
org.junit.runner.Result$Listener:testIgnored:1:[org.junit.runner.Description] = 0.13333333333333333, Parents; -2
junit.framework.AssertionFailedError:getMessage:0:[] = 0.0, Parents; -2
org.junit.tests.experimental.theories.runner.FailingDataPointMethods$HasWronglyIgnoredFailingMultipleDataPointMethod:<init>:0:[] = 0.0, Parents; -2
org.junit.tests.junit3compatibility.AllTestsTest:exceptionThrownWhenSuiteIsBad:0:[] = 0.0, Parents; -2
java.lang.reflect.Method:equals:1:[java.lang.Object] = 0.0, Parents; -2
org.junit.samples.ListTest:capacity:0:[] = 0.0, Parents; -2
org.junit.tests.junit3compatibility.AllTestsTest:someUsefulDescription:0:[] = 0.0, Parents; -2
org.junit.validator.PublicClassValidatorTest:acceptsPublicClass:0:[] = 0.99, Parents; -2
org.junit.tests.internal.runners.statements.FailOnTimeoutTest:throwsExceptionWithTimeoutValueAndTimeUnitSet:0:[] = 0.99, Parents; -2
java.io.File:exists:0:[] = 0.0, Parents; -2
java.io.ObjectInputStream:readFields:0:[] = 0.0, Parents; -2
org.junit.runners.model.TestClassTest:isEqualToTestClassThatWrapsSameJavaClass:0:[] = 0.0, Parents; -2
java.lang.Class:getConstructors:0:[] = 0.0, Parents; -2
org.junit.tests.experimental.theories.internal.AllMembersSupplierTest:dataPointsCollectionShouldBeRecognizedIgnoringStrangeTypes:0:[] = 0.99, Parents; -2
java.lang.StringBuffer:<init>:0:[] = 0.0, Parents; -2
org.junit.runners.model.TestClassTest:presentAnnotationIsAvailable:0:[] = 0.0, Parents; -2
org.junit.tests.experimental.theories.runner.WithExtendedParameterSources$ShouldFilterOutNullSingleDataPoints:<init>:0:[] = 0.0, Parents; -2
java.io.ObjectOutputStream:writeObject:1:[java.lang.Object] = 0.0, Parents; -2
org.junit.experimental.theories.Theories:computeTestMethods:0:[] = 0.09375, Parents; -2
org.junit.tests.running.classes.ParameterizedTestTest:usesIndexAsTestName:0:[] = 0.0, Parents; -2
org.junit.tests.manipulation.SingleMethodTest$ParameterizedOneTimeBeforeClass:<init>:1:[int] = 0.0, Parents; -2
java.util.concurrent.TimeUnit:convert:2:[long, java.util.concurrent.TimeUnit] = 0.0, Parents; -2
org.junit.tests.experimental.categories.CategoryTest:anyMethodWithExcludedCategoryWillBeExcluded:0:[] = 0.99, Parents; -2
java.util.ArrayList:isEmpty:0:[] = 0.0, Parents; -2
org.junit.rules.Stopwatch$InternalWatcher:failed:2:[java.lang.Throwable, org.junit.runner.Description] = 0.99, Parents; -2
org.junit.tests.ObjectContractTest:toStringMethod:0:[] = 0.0, Parents; -2
org.junit.tests.junit3compatibility.InitializationErrorForwardCompatibilityTest$CantInitializeTests:<init>:0:[] = 0.0, Parents; -2
org.junit.tests.experimental.theories.runner.WithOnlyTestAnnotations$HonorTimeout:shouldStop:0:[] = 0.0, Parents; -2
org.junit.tests.experimental.theories.internal.AllMembersSupplierTest:dataPointsArrayShouldBeRecognized:0:[] = 0.99, Parents; -2
java.lang.Object:notifyAll:0:[] = 0.0, Parents; -2
org.junit.tests.experimental.categories.CategoryTest$NoIncludeCategoryAnnotationSuite:<init>:0:[] = 0.0, Parents; -2
org.junit.tests.experimental.theories.runner.WithOnlyTestAnnotations$ErrorWhenTestHasParametersDespiteTheories:<init>:0:[] = 0.0, Parents; -2
junit.tests.framework.TestCaseTest:toString:0:[] = 0.0, Parents; -2
org.junit.runner.notification.RunNotifier$2:run:0:[] = 0.0, Parents; -2
org.junit.experimental.categories.Category:value:0:[] = 0.0, Parents; -2
org.junit.runners.Parameterized:getTestClass:0:[] = 0.0, Parents; -2
org.junit.runner.notification.SynchronizedRunListener:testRunFinished:1:[org.junit.runner.Result] = 0.99, Parents; -2
org.junit.tests.manipulation.SingleMethodTest$OneTwoSuite:<init>:0:[] = 0.0, Parents; -2
org.junit.tests.assertion.AssertionTest:multiDimensionalArraysAreEqual:0:[] = 0.0, Parents; -2
java.lang.management.ManagementFactory:getRuntimeMXBean:0:[] = 0.0, Parents; -2
junit.tests.framework.ComparisonCompactorTest:testComparisonErrorOverlappingMatches2Context:0:[] = 0.99, Parents; -2
junit.samples.SimpleTest:assertEquals:4:[java.lang.String, double, double, double] = 0.0, Parents; -2
org.junit.tests.experimental.theories.runner.SuccessfulWithDataPointFields$BeforeAndAfterOnSameInstance:<init>:0:[] = 0.0, Parents; -2
java.lang.Thread:getName:0:[] = 0.0, Parents; -2
org.junit.internal.runners.rules.RuleMemberValidator$FieldMustBeARule:validate:3:[org.junit.runners.model.FrameworkMember, java.lang.Class, java.util.List] = 0.99, Parents; -2
org.junit.tests.experimental.theories.runner.SuccessfulWithDataPointFields$BeforeAndAfterOnSameInstance:stringsAreOK:1:[java.lang.String] = 0.0, Parents; -2
org.junit.rules.StopwatchTest$AbstractStopwatchTest:<init>:0:[] = 0.99, Parents; -2
org.junit.tests.running.classes.ParameterizedTestTest:validateClassCatchesNoParameters:0:[] = 0.0, Parents; -2
java.lang.StringBuffer:append:1:[java.lang.Object] = 0.0, Parents; -2
org.junit.runners.parameterized.TestWithParametersTest:cannotBeCreatedWithoutTestClass:0:[] = 0.99, Parents; -2
java.lang.SecurityManager:getInCheck:0:[] = 0.0, Parents; -2
java.lang.Float:compare:2:[float, float] = 0.0, Parents; -2
org.junit.tests.experimental.AssumptionTest:runAndGetAssumptionFailures:1:[java.lang.Class] = 0.0, Parents; -2
org.junit.runners.model.TestClassTest:hasSameHashCodeAsTestClassThatWrapsSameJavaClass:0:[] = 0.0, Parents; -2
org.junit.AssumptionViolatedExceptionTest:canSetCauseWithInstanceCreatedWithExplicitThrowableConstructor:0:[] = 0.0, Parents; -2
org.junit.tests.assertion.AssertionTest:floatsNotDoublesInArrays:0:[] = 0.0, Parents; -2
org.hamcrest.CoreMatchers:hasItem:1:[java.lang.Object] = 0.0, Parents; -2
org.junit.tests.experimental.MatcherTest:differentMatchersHaveDifferentDescriptions:3:[org.hamcrest.Matcher, org.hamcrest.Matcher, java.lang.Object] = 0.0, Parents; -2
org.hamcrest.core.StringContains:containsString:1:[java.lang.String] = 0.0, Parents; -2
java.lang.AssertionError:<init>:0:[] = 0.0, Parents; -2
junit.tests.extensions.ExtensionTest$4:fail:0:[] = 0.0, Parents; -2
org.junit.rules.StopwatchTest$AbstractStopwatchTest$2:succeeded:2:[long, org.junit.runner.Description] = 0.99, Parents; -2
org.junit.tests.experimental.theories.runner.WithDataPointMethod:ignoreDataPointMethodsWithWrongTypes:0:[] = 0.045454545454545456, Parents; -2
java.util.concurrent.ConcurrentHashMap:putIfAbsent:2:[java.lang.Object, java.lang.Object] = 0.0, Parents; -2
org.junit.tests.experimental.categories.MultiCategoryTest$InheritanceAllTest:runnable:0:[] = 0.0, Parents; -2
java.util.Set:remove:1:[java.lang.Object] = 0.0, Parents; -2
java.util.Collection:isEmpty:0:[] = 0.0, Parents; -2
org.junit.tests.experimental.rules.RuleMemberValidatorTest:rejectClassRuleThatReturnsImplementationOfMethodRule:0:[] = 0.99, Parents; -2
org.junit.tests.assertion.AssertionTest:assertThatDescriptionCanBeElided:0:[] = 0.0, Parents; -2
org.hamcrest.MatcherAssert:assertThat:3:[java.lang.String, java.lang.Object, org.hamcrest.Matcher] = 0.0, Parents; -2
org.junit.tests.running.classes.ParameterizedTestTest:failureOnInitialization:0:[] = 0.0, Parents; -2
junit.tests.extensions.RepeatedTestTest:assertTrue:1:[boolean] = 0.0, Parents; -2
org.junit.tests.running.methods.TestMethodTest:validateInheritedMethods:0:[] = 0.0, Parents; -2
org.junit.experimental.theories.internal.Assignments:getMethodArguments:0:[] = 0.99, Parents; -2
org.junit.tests.experimental.theories.runner.UnsuccessfulWithDataPointFields:dataPointFieldsMustBePublic:0:[] = 0.99, Parents; -2
java.lang.Thread:getState:0:[] = 0.0, Parents; -2
org.junit.tests.running.methods.AnnotationTest$ExceptionTest:expectedException:0:[] = 0.0, Parents; -2
org.junit.tests.experimental.rules.TemporaryFolderUsageTest:createInitializesRootFolder:0:[] = 0.0, Parents; -2
org.junit.experimental.theories.internal.ParameterizedAssertionError:initCause:1:[java.lang.Throwable] = 0.0, Parents; -2
java.lang.Class:getComponentType:0:[] = 0.0, Parents; -2
org.junit.tests.experimental.results.PrintableResultTest:includeMultipleFailures:1:[java.lang.String] = 0.0, Parents; -2
junit.tests.extensions.ExtensionTest:assertTrue:1:[boolean] = 0.0, Parents; -2
org.junit.runners.parameterized.TestWithParametersTest:doesNotAllowToModifyProvidedParameters:0:[] = 0.99, Parents; -2
org.junit.runners.Parameterized:allParameters:0:[] = 0.24242424242424243, Parents; -2
org.junit.rules.StopwatchTest$AbstractStopwatchTest$2:skipped:3:[long, org.junit.AssumptionViolatedException, org.junit.runner.Description] = 0.99, Parents; -2
org.junit.tests.experimental.categories.CategoryTest$IncludedTest:<init>:0:[] = 0.0, Parents; -2
junit.tests.extensions.RepeatedTestTest:assertEquals:2:[int, int] = 0.0, Parents; -2
org.junit.tests.running.methods.ParameterizedTestMethodTest:<init>:2:[java.lang.Class, int] = 0.0, Parents; -2
org.junit.tests.experimental.max.JUnit38SortingTest$JUnit38Test:fail:0:[] = 0.0, Parents; -2
org.junit.tests.experimental.categories.CategoryValidatorTest:errorIsAddedWhenCategoryIsUsedWithAfterClass:0:[] = 0.99, Parents; -2
org.junit.tests.assertion.AssertionTest:multiDimensionalArraysAreNotEqual:0:[] = 0.0, Parents; -2
org.hamcrest.core.IsInstanceOf:instanceOf:1:[java.lang.Class] = 0.0, Parents; -2
org.junit.AssumptionViolatedExceptionTest:canSetCauseWithInstanceCreatedWithMainConstructor:0:[] = 0.0, Parents; -2
org.junit.runner.notification.SynchronizedRunListenerTest:overridesAllMethodsInRunListener:0:[] = 0.99, Parents; -2
java.util.concurrent.CopyOnWriteArrayList:<init>:0:[] = 0.0, Parents; -2
org.junit.validator.AnnotationsValidatorTest:validatorIsCalledForAMethod:0:[] = 0.99, Parents; -2
java.util.Map:put:2:[java.lang.Object, java.lang.Object] = 0.0, Parents; -2
org.hamcrest.CoreMatchers:hasItems:1:[org.hamcrest.Matcher[]] = 0.0, Parents; -2
org.junit.tests.assertion.AssertionTest:nullMessageDisappearsWithStringAssertEquals:0:[] = 0.0, Parents; -2
org.junit.tests.experimental.rules.RuleMemberValidatorTest:methodRejectArbitraryObjectWithRuleAnnotation:0:[] = 0.99, Parents; -2
java.util.concurrent.TimeUnit:toNanos:1:[long] = 0.0, Parents; -2
org.junit.samples.ListTest:removeElement:0:[] = 0.0, Parents; -2
junit.tests.framework.FloatAssertTest:assertEquals:3:[double, double, double] = 0.0, Parents; -2
java.lang.Class:getProtectionDomain:0:[] = 0.0, Parents; -2
org.junit.runner.FilterFactoriesTest:shouldThrowExceptionIfNotInstantiable:0:[] = 0.99, Parents; -2
org.junit.tests.internal.runners.statements.FailOnTimeoutTest:throwExceptionIfTheSecondCallToEvaluateNeedsTooMuchTime:0:[] = 0.21052631578947367, Parents; -2
java.io.ObjectOutputStream$PutField:put:2:[java.lang.String, java.lang.Object] = 0.0, Parents; -2
org.junit.tests.running.methods.AnnotationTest:assertFalse:1:[boolean] = 0.0, Parents; -2
org.junit.tests.assertion.AssertionTest:multiDimensionalIntArraysAreEqual:0:[] = 0.0, Parents; -2
org.hamcrest.CoreMatchers:is:1:[java.lang.Object] = 0.0, Parents; -2
junit.tests.framework.TestCaseTest:assertEquals:2:[int, int] = 0.0, Parents; -2
java.util.Random:nextBytes:1:[byte[]] = 0.0, Parents; -2
org.junit.runner.notification.RunNotifier$SafeNotifier:run:0:[] = 0.6302521008403361, Parents; -2
java.util.LinkedList:add:1:[java.lang.Object] = 0.0, Parents; -2
junit.framework.AssertionFailedError:toString:0:[] = 0.0, Parents; -2
java.lang.Long:valueOf:1:[long] = 0.0, Parents; -2
org.junit.tests.running.classes.ParameterizedTestTest$BeforeAndAfter:<init>:1:[int] = 0.0, Parents; -2
java.util.LinkedHashSet:<init>:0:[] = 0.0, Parents; -2
junit.tests.framework.ComparisonFailureTest:fail:1:[java.lang.String] = 0.0, Parents; -2
org.junit.runners.model.TestClassTest:missingAnnotationIsNotAvailable:0:[] = 0.0, Parents; -2
org.junit.rules.DisableOnDebugTest:givenPostJava5DebugArgumentsIsDebuggingShouldReturnTrue:0:[] = 0.99, Parents; -2
org.junit.tests.running.methods.TestMethodTest:validateAllMethods:1:[java.lang.Class] = 0.0, Parents; -2
org.junit.tests.experimental.AssumptionTest:access$1:1:[int] = 0.0, Parents; -2
org.junit.runner.notification.RunNotifierTest:hasNoProblemsWithFailingListeners:0:[] = 0.3111111111111111, Parents; -2
java.lang.management.RuntimeMXBean:getInputArguments:0:[] = 0.0, Parents; -2
org.hamcrest.CoreMatchers:any:1:[java.lang.Class] = 0.0, Parents; -2
java.util.HashSet:<init>:1:[java.util.Collection] = 0.0, Parents; -2
java.util.concurrent.atomic.AtomicInteger:get:0:[] = 0.0, Parents; -2
java.lang.Class:isAssignableFrom:1:[java.lang.Class] = 0.0, Parents; -2
org.junit.rules.DisableOnDebugTest:givenPreJava5DebugArgumentsInReverseIsDebuggingShouldReturnTrue:0:[] = 0.99, Parents; -2
org.junit.runners.model.TestClassTest:complainIfMultipleConstructors:0:[] = 0.0, Parents; -2
org.junit.tests.experimental.rules.TemporaryFolderUsageTest:setUp:0:[] = 0.0, Parents; -2
junit.framework.Assert:assertEquals:3:[java.lang.String, short, short] = 0.3333333333333333, Parents; -2
org.junit.tests.assertion.AssertionTest:sameNullMessage:0:[] = 0.0, Parents; -2
org.junit.runner.notification.ConcurrentRunNotifierTest$3:test:0:[] = 0.0, Parents; -2
org.junit.tests.running.classes.SuiteTest$AllWithBeforeAndAfterClass:before:0:[] = 0.0, Parents; -2
org.junit.runner.FilterFactoriesTest:shouldCreateFilterWithNoArguments:0:[] = 0.99, Parents; -2
org.junit.tests.experimental.theories.runner.WithUnresolvedGenericTypeVariablesOnTheoryParms$TypeVariableOnTheoryOnly:<clinit>:0:[] = 0.0, Parents; -2
java.lang.Class:getSuperclass:0:[] = 0.0, Parents; -2
org.junit.internal.runners.JUnit38ClassRunner$OldTestClassAdaptingListener:endTest:1:[junit.framework.Test] = 0.125, Parents; -2
org.junit.runners.model.TestClassTest:<init>:0:[] = 0.0, Parents; -2
org.junit.tests.experimental.theories.runner.UnsuccessfulWithDataPointFields$HasAFailingTheory:everythingIsZero:1:[int] = 0.0, Parents; -2
java.io.ByteArrayOutputStream:toByteArray:0:[] = 0.0, Parents; -2
java.lang.RuntimeException:<init>:1:[java.lang.String] = 0.0, Parents; -2
org.junit.internal.runners.MethodRoadie$1:run:0:[] = 0.20652173913043478, Parents; -2
org.junit.tests.experimental.theories.runner.SuccessfulWithDataPointFields$PositiveIntsWithNegativeField:<init>:1:[int] = 0.0, Parents; -2
java.lang.Thread:interrupt:0:[] = 0.0, Parents; -2
org.junit.runners.parameterized.ParameterizedNamesTest:parameterizedTestsWithSpecialCharsInName:0:[] = 0.99, Parents; -2
java.lang.Runtime:exec:1:[java.lang.String[]] = 0.0, Parents; -2
java.util.ArrayList:toArray:1:[java.lang.Object[]] = 0.0, Parents; -2
java.lang.StringBuffer:setLength:1:[int] = 0.0, Parents; -2
java.lang.reflect.Field:getModifiers:0:[] = 0.0, Parents; -2
org.junit.tests.assertion.AssertionTest:arraysElementsDiffer:0:[] = 0.0, Parents; -2
org.junit.runner.notification.SynchronizedRunListenerTest:hashCodeDelegates:0:[] = 0.99, Parents; -2
org.junit.tests.experimental.AssumptionTest:assumptionsWithMessage:0:[] = 0.0, Parents; -2
java.io.RandomAccessFile:getChannel:0:[] = 0.0, Parents; -2
org.junit.tests.running.methods.ExpectedTest$Expected:<init>:0:[] = 0.0, Parents; -2
org.junit.internal.ArrayComparisonFailure:getCause:0:[] = 0.0, Parents; -2
org.junit.tests.experimental.theories.runner.TypeMatchingBetweenMultiDataPointsMethod$WithCorrectlyTypedDataPointsMethod:<init>:0:[] = 0.0, Parents; -2
org.junit.tests.experimental.theories.ParameterSignatureTest:primitiveTypesShouldBeAcceptedAsWrapperTypeAssignables:0:[] = 0.0, Parents; -2
org.junit.tests.experimental.categories.MultiCategoryTest$CategoriesTest:anything:0:[] = 0.0, Parents; -2
org.junit.runner.notification.SynchronizedRunListenerTest:equalsDelegates:0:[] = 0.99, Parents; -2
org.junit.tests.running.methods.ExpectedTest$ExpectSuperclass:throwsSubclass:0:[] = 0.0, Parents; -2
org.junit.tests.deprecated.JUnit4ClassRunnerTest$Example:failure:0:[] = 0.0, Parents; -2
java.lang.SecurityManager:checkWrite:1:[java.lang.String] = 0.0, Parents; -2
org.junit.tests.experimental.theories.runner.FailingDataPointMethods:shouldFailFromExceptionsInSingleDataPointMethods:0:[] = 0.99, Parents; -2
org.junit.tests.experimental.categories.CategoriesAndParameterizedTest$ParameterizedTestWithAttemptedMethodCategory:testSomething:0:[] = 0.0, Parents; -2
org.junit.tests.experimental.categories.CategoryTest$ExcludedTest2:test:0:[] = 0.0, Parents; -2
java.lang.Integer:toString:0:[] = 0.0, Parents; -2
org.junit.experimental.categories.Categories$CategoryFilter:matchesAllParentCategories:2:[java.util.Set, java.util.Set] = 0.99, Parents; -2
org.junit.tests.experimental.categories.CategoryTest$IgnoredTestCategoriesSuite:<init>:0:[] = 0.0, Parents; -2
junit.tests.framework.SuiteTest:assertEquals:2:[int, int] = 0.0, Parents; -2
org.junit.tests.assertion.AssertionTest:nullNullmessage:0:[] = 0.0, Parents; -2
org.junit.runners.model.TestClassTest:dontMarkNonInnerClassAsInnerClass:0:[] = 0.0, Parents; -2
org.hamcrest.core.IsNot:not:1:[java.lang.Object] = 0.0, Parents; -2
java.lang.IllegalAccessException:fillInStackTrace:0:[] = 0.0, Parents; -2
org.junit.tests.running.classes.ParentRunnerFilteringTest$ExampleSuiteWithUnmodifyableChildList:<init>:0:[] = 0.0, Parents; -2
org.junit.tests.experimental.theories.TheoryTestUtils:runTheoryClass:1:[java.lang.Class] = 0.99, Parents; -2
java.lang.UnsupportedOperationException:<init>:0:[] = 0.0, Parents; -2
org.junit.tests.experimental.theories.runner.FailingDataPointMethods:shouldNotIgnoreNonMatchingMultipleDataPointExceptions:0:[] = 0.99, Parents; -2
java.util.ArrayList:remove:1:[int] = 0.0, Parents; -2
org.hamcrest.CoreMatchers:allOf:1:[java.lang.Iterable] = 0.0, Parents; -2
org.junit.tests.running.methods.ParameterizedTestMethodTest:suite:0:[] = 0.0, Parents; -2
org.junit.tests.experimental.categories.CategoryTest$AllIncludedMustMatched:b:0:[] = 0.0, Parents; -2
java.lang.SecurityManager:checkExec:1:[java.lang.String] = 0.0, Parents; -2
junit.samples.money.MoneyTest:assertEquals:2:[java.lang.String, java.lang.String] = 0.0, Parents; -2
org.junit.tests.experimental.theories.extendingwithstubs.GuesserQueue:addAll:1:[java.util.Collection] = 0.0, Parents; -2
org.junit.tests.junit3compatibility.ForwardCompatibilityTest:assertEquals:2:[java.lang.Object, java.lang.Object] = 0.0, Parents; -2
org.junit.rules.StopwatchTest:skipped:0:[] = 0.99, Parents; -2
org.junit.tests.running.classes.ParameterizedTestTest$SingleArgumentTestWithArray:<init>:1:[java.lang.Object] = 0.0, Parents; -2
org.junit.runner.notification.RunNotifier$1:run:0:[] = 0.0, Parents; -2
java.util.concurrent.ExecutorService:submit:1:[java.lang.Runnable] = 0.0, Parents; -2
java.lang.reflect.Array:getLength:1:[java.lang.Object] = 0.0, Parents; -2
junit.tests.runner.TextRunnerSingleMethodTest:assertTrue:1:[boolean] = 0.0, Parents; -2
org.junit.tests.experimental.theories.runner.WithExtendedParameterSources:shouldFilterOutNullSingleDataPoints:0:[] = 0.99, Parents; -2
org.junit.tests.experimental.AssumptionTest:assumeNotNullPasses:0:[] = 0.0, Parents; -2
org.junit.tests.experimental.categories.MultiCategoryTest$InheritanceAllAnyTest:runnable:0:[] = 0.0, Parents; -2
java.util.HashSet:remove:1:[java.lang.Object] = 0.0, Parents; -2
org.junit.internal.runners.model.EachTestNotifier:fireTestStarted:0:[] = 0.3076923076923077, Parents; -2
java.lang.SecurityManager:checkPackageDefinition:1:[java.lang.String] = 0.0, Parents; -2
java.net.URLClassLoader:<init>:1:[java.net.URL[]] = 0.0, Parents; -2
org.hamcrest.Matcher:describeTo:1:[org.hamcrest.Description] = 0.0, Parents; -2
java.lang.StringBuffer:toString:0:[] = 0.0, Parents; -2
org.junit.tests.experimental.AssumptionTest:assumeWithExpectedException:0:[] = 0.0, Parents; -2
org.junit.tests.experimental.theories.runner.WithExtendedParameterSources$DataPointArrays:<init>:0:[] = 0.0, Parents; -2
java.lang.Runnable:run:0:[] = 0.0, Parents; -2
java.io.InputStream:close:0:[] = 0.0, Parents; -2
java.util.List:contains:1:[java.lang.Object] = 0.0, Parents; -2
org.junit.tests.running.methods.AnnotationTest$ExceptionTest:<init>:0:[] = 0.0, Parents; -2
org.junit.rules.StopwatchTest$DurationDuringTestTest:duration:0:[] = 0.99, Parents; -2
java.lang.Float:valueOf:1:[float] = 0.0, Parents; -2
org.junit.tests.assertion.AssertionTest:assertNotEqualsIgnoresFloatDeltaOnNaN:0:[] = 0.0, Parents; -2
org.junit.Assert:assertEquals:4:[java.lang.String, float, float, float] = 0.5, Parents; -2
org.junit.tests.experimental.categories.MultiCategoryTest$InheritanceAnyAllTest:runnable:0:[] = 0.0, Parents; -2
org.junit.runner.FilterFactoriesTest$DummySuite:<init>:0:[] = 0.0, Parents; -2
org.junit.tests.assertion.AssertionTest:doublesNotEqual:0:[] = 0.0, Parents; -2
org.junit.tests.experimental.AssumptionTest:assumeNotNullThrowsException:0:[] = 0.0, Parents; -2
java.lang.reflect.Method:hashCode:0:[] = 0.0, Parents; -2
java.util.List:equals:1:[java.lang.Object] = 0.0, Parents; -2
java.lang.Runtime:getRuntime:0:[] = 0.0, Parents; -2
java.lang.String:split:1:[java.lang.String] = 0.0, Parents; -2
org.hamcrest.CoreMatchers:notNullValue:0:[] = 0.0, Parents; -2
java.lang.Throwable:<init>:1:[java.lang.String] = 0.0, Parents; -2
org.junit.tests.experimental.theories.runner.UnsuccessfulWithDataPointFields$DataPointMethodsMustBeStatic:<init>:0:[] = 0.0, Parents; -2
java.lang.Class:getDeclaredMethods:0:[] = 0.0, Parents; -2
org.junit.tests.experimental.categories.CategoriesAndParameterizedTest$VanillaCategorizedJUnitTest:<init>:0:[] = 0.0, Parents; -2
org.junit.tests.manipulation.SingleMethodTest:filteringAffectsPlan:0:[] = 0.0, Parents; -2
org.junit.tests.experimental.theories.runner.SuccessfulWithDataPointFields$StaticPublicNonDataPoints:<init>:0:[] = 0.0, Parents; -2
org.junit.Assert:failNotNull:2:[java.lang.String, java.lang.Object] = 0.0975609756097561, Parents; -2
org.junit.tests.running.classes.EnclosedTest:enclosedRunnerRunsConcreteEnclosedClasses:0:[] = 0.99, Parents; -2
java.lang.String:replace:2:[java.lang.CharSequence, java.lang.CharSequence] = 0.0, Parents; -2
java.lang.SecurityManager:getSecurityContext:0:[] = 0.0, Parents; -2
java.lang.Exception:<init>:0:[] = 0.0, Parents; -2
org.junit.tests.assertion.AssertionTest:arraysDifferentLengthMessage:0:[] = 0.0, Parents; -2
org.junit.tests.experimental.categories.CategoryValidatorTest:errorIsAddedWhenCategoryIsUsedWithAfter:0:[] = 0.99, Parents; -2
org.junit.tests.experimental.categories.CategoryTest$OneOfEach:<init>:0:[] = 0.0, Parents; -2
java.io.StringReader:<init>:1:[java.lang.String] = 0.0, Parents; -2
org.junit.tests.running.classes.ParameterizedTestTest$IncorrectTest:data:0:[] = 0.0, Parents; -2
java.io.RandomAccessFile:close:0:[] = 0.0, Parents; -2
org.junit.tests.experimental.max.DescriptionTest:parseClassAndMethodWithAnnotations:0:[] = 0.0, Parents; -2
org.junit.tests.experimental.theories.internal.ParameterizedAssertionErrorTest:differentParameterizedAssertionErrorsHaveDifferentToStrings:2:[org.junit.experimental.theories.internal.ParameterizedAssertionError, org.junit.experimental.theories.internal.ParameterizedAssertionError] = 0.0, Parents; -2
org.junit.internal.runners.ClassRoadie:runBefores:0:[] = 0.0273972602739726, Parents; -2
java.util.Properties:<init>:0:[] = 0.0, Parents; -2
org.junit.runner.JUnitCoreTest:shouldAddFailuresToResult:0:[] = 0.99, Parents; -2
java.util.List:removeAll:1:[java.util.Collection] = 0.0, Parents; -2
java.util.concurrent.CyclicBarrier:await:2:[long, java.util.concurrent.TimeUnit] = 0.0, Parents; -2
java.util.concurrent.atomic.AtomicBoolean:set:1:[boolean] = 0.0, Parents; -2
java.lang.Object:hashCode:0:[] = 0.0, Parents; -2
org.hamcrest.Description:appendValue:1:[java.lang.Object] = 0.0, Parents; -2
org.junit.tests.experimental.categories.JavadocTest:slowTests:0:[] = 0.99, Parents; -2
org.junit.tests.junit3compatibility.AllTestsTest$All:suite:0:[] = 0.0, Parents; -2
org.junit.tests.experimental.categories.CategoryTest$SlowTestSuite:<init>:0:[] = 0.0, Parents; -2
org.junit.internal.builders.AnnotatedBuilderTest:annotatedMemberClassInsideAnnotatedTopLevelClass_isRunWithOwnRunner:0:[] = 0.99, Parents; -2
org.junit.tests.deprecated.JUnit4ClassRunnerTest$UnconstructableExample:<init>:0:[] = 0.0, Parents; -2
org.junit.tests.running.classes.ParameterizedTestTest$BadIndexForAnnotatedFieldTest:fib:1:[int] = 0.0, Parents; -2
org.junit.tests.experimental.theories.extendingwithstubs.StubbedTheories:getTestClass:0:[] = 0.0, Parents; -2
java.util.concurrent.locks.ReentrantLock:lockInterruptibly:0:[] = 0.0, Parents; -2
org.junit.internal.builders.AnnotatedBuilderTest:memberClassDeepInsideAnnotatedMemberClass_isRunWithParentMemberClassRunner:0:[] = 0.99, Parents; -2
org.junit.runners.ParentRunner:getDescription:0:[] = 0.1, Parents; -2
org.junit.runner.notification.RunNotifier$6:run:0:[] = 0.0, Parents; -2
java.util.Collections:addAll:2:[java.util.Collection, java.lang.Object[]] = 0.0, Parents; -2
org.junit.tests.experimental.categories.CategoryTest$SomeAreSlow:<init>:0:[] = 0.0, Parents; -2
org.junit.runners.model.TestClassTest:isNotEqualToTestClassThatWrapsADifferentJavaClass:0:[] = 0.0, Parents; -2
org.junit.tests.experimental.rules.TemporaryFolderUsageTest:newFileWithGivenNameThrowsIllegalStateExceptionIfCreateWasNotInvoked:0:[] = 0.0, Parents; -2
org.junit.runners.model.FrameworkMethodTest:presentAnnotationIsAvailable:0:[] = 0.99, Parents; -2
org.junit.tests.experimental.theories.extendingwithstubs.Guesser$GuessMap:entrySet:0:[] = 0.0, Parents; -2
org.junit.tests.experimental.categories.CategoryValidatorTest:errorIsAddedWhenCategoryIsUsedWithBeforeClass:0:[] = 0.99, Parents; -2
org.junit.tests.experimental.theories.runner.FailingDataPointMethods$HasWronglyIgnoredFailingMultipleDataPointMethod:failingDataPoint:0:[] = 0.0, Parents; -2
org.junit.tests.experimental.categories.CategoriesAndParameterizedTest$ParameterTokenSuiteMalformed:<init>:0:[] = 0.0, Parents; -2
org.junit.tests.experimental.theories.PotentialAssignmentTest:shouldNotUseQuotesForNullValueDescriptions:0:[] = 0.99, Parents; -2
junit.samples.money.MoneyTest:assertEquals:2:[java.lang.Object, java.lang.Object] = 0.0, Parents; -2
java.lang.AssertionError:toString:0:[] = 0.0, Parents; -2
org.junit.experimental.theories.internal.SpecificDataPointsSupplier:getSingleDataPointMethods:1:[org.junit.experimental.theories.ParameterSignature] = 0.99, Parents; -2
org.junit.runners.model.TestClassTest:isNotEqualToNull:0:[] = 0.0, Parents; -2
org.junit.internal.builders.AllDefaultPossibilitiesBuilder:safeRunnerForClass:1:[java.lang.Class] = 0.0, Parents; -2
org.junit.internal.builders.AnnotatedBuilderTest$OuterClass$InnerClassWithOwnRunWith:<init>:1:[org.junit.internal.builders.AnnotatedBuilderTest$OuterClass] = 0.0, Parents; -2
org.junit.tests.experimental.rules.TemporaryFolderUsageTest:deleteRemovesRootFolder:0:[] = 0.0, Parents; -2
org.junit.experimental.theories.internal.SpecificDataPointsSupplier:getDataPointsMethods:1:[org.junit.experimental.theories.ParameterSignature] = 0.99, Parents; -2
org.junit.tests.experimental.categories.CategoryTest$JustA:<init>:0:[] = 0.0, Parents; -2
org.junit.tests.assertion.AssertionTest:stringsNotEqual:0:[] = 0.0, Parents; -2
org.junit.tests.experimental.categories.MultiCategoryTest$InheritanceAllTest:t:0:[] = 0.0, Parents; -2
org.junit.tests.assertion.AssertionTest:assertNotEqualsIncludesTheValueBeingTested:0:[] = 0.0, Parents; -2
java.io.ObjectOutputStream$PutField:put:2:[java.lang.String, long] = 0.0, Parents; -2
java.io.BufferedReader:readLine:0:[] = 0.0, Parents; -2
org.junit.tests.experimental.categories.CategoryTest$RunSlowFromVerySlow:<init>:0:[] = 0.0, Parents; -2
org.junit.tests.running.classes.ParameterizedTestTest$FibonacciWithParameterizedFieldTest:<init>:0:[] = 0.0, Parents; -2
org.junit.tests.experimental.categories.CategoriesAndParameterizedTest$ParameterizedTestWithClassCategory:testSomething:0:[] = 0.0, Parents; -2
org.junit.internal.builders.AnnotatedBuilderTest:topLevelTestClassWithoutAnnotation_isRunWithDefaultRunner:0:[] = 0.99, Parents; -2
java.lang.SecurityManager:checkMemberAccess:2:[java.lang.Class, int] = 0.0, Parents; -2
org.junit.tests.experimental.rules.TemporaryFolderUsageTest:<init>:0:[] = 0.0, Parents; -2
org.junit.tests.experimental.theories.internal.AllMembersSupplierTest:dataPointMethodShouldBeRecognizedForOverlyGeneralParameters:0:[] = 0.99, Parents; -2
org.junit.AssumptionViolatedExceptionTest:canSetCauseWithInstanceCreatedWithObjectAndMatcher:0:[] = 0.0, Parents; -2
java.lang.Process:exitValue:0:[] = 0.0, Parents; -2
org.junit.experimental.categories.CategoryFilterFactoryTest:shouldThrowException:0:[] = 0.99, Parents; -2
java.io.InterruptedIOException:<init>:0:[] = 0.0, Parents; -2
junit.samples.money.MoneyTest:assertTrue:1:[boolean] = 0.0, Parents; -2
org.junit.rules.StopwatchTest$DurationAfterTestTest:duration:0:[] = 0.99, Parents; -2
java.lang.annotation.AnnotationFormatError:<init>:1:[java.lang.String] = 0.0, Parents; -2
org.hamcrest.CoreMatchers:instanceOf:1:[java.lang.Class] = 0.0, Parents; -2
org.junit.tests.experimental.theories.internal.AllMembersSupplierTest:dataPointsArrayShouldBeRecognizedOnValueTypeNotFieldType:0:[] = 0.99, Parents; -2
java.io.ObjectOutputStream:<init>:1:[java.io.OutputStream] = 0.0, Parents; -2
org.junit.rules.DisableOnDebugTest:givenArgumentsWithoutDebugFlagsIsDebuggingShouldReturnFalse:0:[] = 0.99, Parents; -2
org.junit.samples.ListTest:setUp:0:[] = 0.0, Parents; -2
org.hamcrest.core.IsNot:not:1:[org.hamcrest.Matcher] = 0.0, Parents; -2
org.junit.validator.AnnotationsValidator$MethodValidator:validateAnnotatable:2:[org.junit.validator.AnnotationValidator, org.junit.runners.model.FrameworkMethod] = 0.99, Parents; -2
org.junit.tests.experimental.theories.runner.WithOnlyTestAnnotations$HonorExpectedException:<init>:0:[] = 0.0, Parents; -2
org.junit.tests.experimental.categories.MultiCategoryTest$InheritanceAnyAllTest:q:0:[] = 0.0, Parents; -2
java.lang.Class:getAnnotations:0:[] = 0.0, Parents; -2
org.junit.rules.DisableOnDebugTest:whenRunWithPostJava5DebugArgumentsTestShouldFail:0:[] = 0.99, Parents; -2
org.junit.tests.experimental.rules.ExpectedExceptionTest$UseNoCustomMessage:noThrow:0:[] = 0.99, Parents; -2
org.junit.tests.experimental.theories.runner.WithDataPointMethod:ignoreDataPointMethodsWithoutAnnotation:0:[] = 0.12, Parents; -2
org.junit.internal.runners.MethodRoadie:run:0:[] = 0.2898550724637681, Parents; -2
org.hamcrest.BaseDescription:appendValue:1:[java.lang.Object] = 0.0, Parents; -2
org.junit.internal.AssumptionViolatedException:initCause:1:[java.lang.Throwable] = 0.0, Parents; -2
java.lang.StringBuilder:toString:0:[] = 0.0, Parents; -2
org.junit.tests.experimental.theories.runner.WithDataPointMethod$HasDateMethod:notADataPoint:0:[] = 0.0, Parents; -2
java.util.concurrent.atomic.AtomicInteger:incrementAndGet:0:[] = 0.0, Parents; -2
org.junit.tests.assertion.AssertionTest:arraysNotEqual:0:[] = 0.0, Parents; -2
org.junit.runners.model.FrameworkFieldTest:presentAnnotationIsAvailable:0:[] = 0.99, Parents; -2
org.junit.experimental.categories.CategoryFilterFactoryTest:shouldCreateFilter:0:[] = 0.99, Parents; -2
org.junit.tests.listening.TestListenerTest:<init>:0:[] = 0.0, Parents; -2
org.junit.tests.experimental.rules.TemporaryFolderUsageTest:createTemporaryFolder:0:[] = 0.0, Parents; -2
org.junit.tests.experimental.theories.runner.SuccessfulWithDataPointFields$HasATwoParameterTheory:<init>:0:[] = 0.0, Parents; -2
java.lang.SecurityManager:checkConnect:3:[java.lang.String, int, java.lang.Object] = 0.0, Parents; -2
org.junit.tests.running.classes.ParameterizedTestTest$ProtectedParametersTest:data:0:[] = 0.0, Parents; -2
java.lang.NullPointerException:<init>:0:[] = 0.0, Parents; -2
java.lang.System:exit:1:[int] = 0.0, Parents; -2
java.io.FileOutputStream:<init>:1:[java.io.File] = 0.0, Parents; -2
java.lang.reflect.Field:getAnnotation:1:[java.lang.Class] = 0.0, Parents; -2
org.junit.runners.parameterized.TestWithParametersTest:isNotEqualToTestWithDifferentTestClass:0:[] = 0.99, Parents; -2
org.junit.tests.listening.TestListenerTest:freshResultEachTime:0:[] = 0.0, Parents; -2
org.junit.tests.running.classes.ClassLevelMethodsWithIgnoredTestsTest$ClassRuleWithIgnoredTest:test:0:[] = 0.99, Parents; -2
java.lang.Exception:<init>:1:[java.lang.Throwable] = 0.0, Parents; -2
java.io.File:<init>:2:[java.lang.String, java.lang.String] = 0.0, Parents; -2
java.lang.Exception:getStackTrace:0:[] = 0.0, Parents; -2
java.lang.Class:isPrimitive:0:[] = 0.0, Parents; -2
org.junit.tests.experimental.categories.CategoryTest$MultipleIncludesAndExcludeOnMethod:<init>:0:[] = 0.0, Parents; -2
org.junit.Assert:assertNotEquals:3:[double, double, double] = 0.64, Parents; -2
java.lang.SecurityManager:checkSetFactory:0:[] = 0.0, Parents; -2
org.junit.tests.experimental.rules.TemporaryFolderUsageTest:newFileThrowsIllegalStateExceptionIfCreateWasNotInvoked:0:[] = 0.0, Parents; -2
org.junit.tests.experimental.theories.internal.SpecificDataPointsSupplierTest:shouldReturnOnlyTheNamedSingleMethodDataPoints:0:[] = 0.99, Parents; -2
java.util.Arrays:deepEquals:2:[java.lang.Object[], java.lang.Object[]] = 0.0, Parents; -2
org.junit.tests.assertion.AssertionTest:assertNotEqualsIncludesCorrectMessage:0:[] = 0.0, Parents; -2
org.junit.tests.junit3compatibility.JUnit38ClassRunnerTest:plansDecoratorCorrectly:0:[] = 0.0, Parents; -2
java.util.concurrent.atomic.AtomicLong:get:0:[] = 0.0, Parents; -2
org.junit.tests.experimental.rules.RuleMemberValidatorTest:rejectProtectedClassRule:0:[] = 0.99, Parents; -2
org.junit.tests.experimental.rules.ExpectedExceptionTest$UseCustomMessageWithoutPlaceHolder:noThrow:0:[] = 0.99, Parents; -2
org.junit.tests.experimental.theories.runner.FailingDataPointMethods$HasWronglyIgnoredFailingSingleDataPointMethod:<init>:0:[] = 0.0, Parents; -2
org.junit.tests.experimental.categories.MultiCategoryTest$InheritanceAny:<init>:0:[] = 0.0, Parents; -2
java.lang.reflect.Field:getAnnotations:0:[] = 0.0, Parents; -2
org.junit.tests.experimental.theories.extendingwithstubs.GuesserQueue:isEmpty:0:[] = 0.0, Parents; -2
org.junit.tests.running.methods.TimeoutTest$TimeOutOneSecond:test:0:[] = 0.99, Parents; -2
org.junit.rules.StopwatchTest$DurationAfterTestTest:afterStopwatchRule:0:[] = 0.99, Parents; -2
org.junit.tests.junit3compatibility.AllTestsTest$AllJUnit4:suite:0:[] = 0.0, Parents; -2
org.junit.tests.experimental.theories.runner.WithExtendedParameterSources$DataPointMalformedArrayMethods:<init>:0:[] = 0.0, Parents; -2
org.junit.tests.experimental.theories.runner.TheoriesPerformanceTest$UpToTen:<init>:0:[] = 0.0, Parents; -2
org.junit.runner.notification.ConcurrentRunNotifierTest$3:addListener:1:[org.junit.runner.notification.ConcurrentRunNotifierTest$ExaminedListener] = 0.99, Parents; -2
junit.tests.framework.SuiteTest:assertEquals:2:[java.lang.String, java.lang.String] = 0.0, Parents; -2
org.junit.tests.experimental.theories.runner.WithNamedDataPoints$HasSpecificDatapointsParameters:<init>:0:[] = 0.0, Parents; -2
org.junit.tests.experimental.categories.CategoryTest$OneFast:<init>:0:[] = 0.0, Parents; -2
junit.tests.extensions.RepeatedTestTest:fail:1:[java.lang.String] = 0.0, Parents; -2
java.lang.System:setSecurityManager:1:[java.lang.SecurityManager] = 0.0, Parents; -2
java.util.Collection:iterator:0:[] = 0.0, Parents; -2
java.util.List:subList:2:[int, int] = 0.0, Parents; -2
org.junit.tests.experimental.categories.MultiCategoryTest$InheritanceAllAnyTest:w:0:[] = 0.0, Parents; -2
org.junit.tests.experimental.theories.runner.WithUnresolvedGenericTypeVariablesOnTheoryParms$TypeVariableOnTheoryClass:<init>:0:[] = 0.0, Parents; -2
org.junit.experimental.theories.Theories:collectInitializationErrors:1:[java.util.List] = 0.16666666666666666, Parents; -2
org.hamcrest.core.CombinableMatcher$CombinableBothMatcher:and:1:[org.hamcrest.Matcher] = 0.0, Parents; -2
java.lang.Long:compareTo:1:[java.lang.Long] = 0.0, Parents; -2
java.lang.StringBuilder:<init>:1:[java.lang.String] = 0.0, Parents; -2
java.lang.reflect.InvocationTargetException:fillInStackTrace:0:[] = 0.0, Parents; -2
java.util.ArrayList:size:0:[] = 0.0, Parents; -2
org.junit.tests.running.classes.ParameterizedTestTest$BadNumberOfAnnotatedFieldTest:fib:1:[int] = 0.0, Parents; -2
java.util.List:toArray:1:[java.lang.Object[]] = 0.0, Parents; -2
org.junit.tests.junit3compatibility.AllTestsTest$AllJUnit4:<init>:0:[] = 0.0, Parents; -2
org.junit.tests.experimental.categories.MultiCategoryTest$InheritanceAllAny:<init>:0:[] = 0.0, Parents; -2
junit.tests.framework.AssertionFailedErrorTest:assertNull:1:[java.lang.Object] = 0.0, Parents; -2
junit.tests.framework.TestCaseTest$5:fail:0:[] = 0.0, Parents; -2
org.junit.tests.junit3compatibility.AllTestsTest:correctTestCount:0:[] = 0.0, Parents; -2
java.util.concurrent.FutureTask:<init>:1:[java.util.concurrent.Callable] = 0.0, Parents; -2
org.junit.tests.experimental.theories.PotentialAssignmentTest:shouldReturnGivenValue:0:[] = 0.99, Parents; -2
java.lang.Integer:toString:1:[int] = 0.0, Parents; -2
java.io.PrintStream:println:0:[] = 0.0, Parents; -2
org.junit.tests.running.classes.ParameterizedTestTest:numberOfFieldsAndParametersShouldMatch:0:[] = 0.0, Parents; -2
junit.tests.framework.DoublePrecisionAssertTest:fail:0:[] = 0.0, Parents; -2
java.lang.Object:<init>:0:[] = 0.0, Parents; -2
junit.textui.TestRunner:loadSuiteClass:1:[java.lang.String] = 0.0, Parents; -2
junit.tests.runner.ResultTest:assertNotNull:1:[java.lang.Object] = 0.0, Parents; -2
org.junit.runners.BlockJUnit4ClassRunner:rules:1:[java.lang.Object] = 0.3103448275862069, Parents; -2
org.junit.validator.AnnotationValidatorFactoryTest:exceptionWhenAnnotationWithNullClassIsPassedIn:0:[] = 0.99, Parents; -2
org.junit.tests.experimental.theories.AssumingInTheoriesTest$TheoryWithNoUnassumedParameters:theoryWithNoUnassumedParameters:1:[boolean] = 0.99, Parents; -2
java.util.regex.Pattern:compile:1:[java.lang.String] = 0.0, Parents; -2
org.junit.tests.experimental.theories.runner.SuccessfulWithDataPointFields$NewObjectEachTime:addToEmptyList:1:[java.lang.String] = 0.0, Parents; -2
java.util.Collections:emptyList:0:[] = 0.0, Parents; -2
org.hamcrest.CoreMatchers:containsString:1:[java.lang.String] = 0.0, Parents; -2
org.junit.internal.runners.ErrorReportingRunner:<init>:2:[java.lang.Class, java.lang.Throwable] = 0.375, Parents; -2
org.junit.tests.experimental.MatcherTest:<clinit>:0:[] = 0.0, Parents; -2
org.junit.tests.junit3compatibility.JUnit38ClassRunnerTest:invalidTestMethodReportedCorrectly:0:[] = 0.0, Parents; -2
org.junit.tests.experimental.theories.internal.SpecificDataPointsSupplierTest:shouldReturnOnlyTheNamedFieldDataPoints:0:[] = 0.99, Parents; -2
java.lang.AssertionError:<init>:1:[java.lang.Object] = 0.0, Parents; -2
org.junit.tests.experimental.categories.CategoriesAndParameterizedTest$ParameterizedTestWithAttemptedMethodCategory:getParameters:0:[] = 0.0, Parents; -2
org.junit.tests.assertion.AssertionTest:intsEqualLongs:0:[] = 0.0, Parents; -2
junit.samples.money.MoneyTest:assertEquals:2:[int, int] = 0.0, Parents; -2
org.junit.tests.assertion.AssertionTest:nullMessage:0:[] = 0.0, Parents; -2
org.junit.tests.experimental.categories.CategoryTest$IgnoredTest:test:0:[] = 0.0, Parents; -2
java.lang.String:charAt:1:[int] = 0.0, Parents; -2
org.junit.tests.experimental.theories.runner.WithExtendedParameterSources$DataPointArrayToBeUsedForWholeParameter:addToLog:1:[java.lang.String[]] = 0.0, Parents; -2
org.junit.tests.running.classes.ClassLevelMethodsWithIgnoredTestsTest$BeforeClassWithFilteredTest:<init>:0:[] = 0.0, Parents; -2
org.junit.tests.experimental.theories.runner.WithParameterSupplier:shouldRejectSuppliersWithUnknownConstructors:0:[] = 0.99, Parents; -2
org.junit.tests.experimental.categories.CategoriesAndParameterizedTest$ParameterizedTestWithAttemptedMethodCategory:<init>:1:[java.lang.String] = 0.0, Parents; -2
org.junit.tests.experimental.theories.runner.UnsuccessfulWithDataPointFields$DoesntUseParams:everythingIsZero:2:[int, int] = 0.0, Parents; -2
org.junit.tests.deprecated.JUnit4ClassRunnerTest$Example:<init>:0:[] = 0.0, Parents; -2
org.junit.tests.assertion.AssertionTest:objectsWithDiferentReferencesAreNotEqual:0:[] = 0.0, Parents; -2
org.junit.tests.experimental.theories.runner.WithAutoGeneratedDataPoints$TheoryTestClassWithSpecificEnumDataPoint:<init>:0:[] = 0.0, Parents; -2
junit.framework.TestSuite$1:fail:1:[java.lang.String] = 0.0, Parents; -2
org.junit.tests.running.classes.ParameterizedTestTest$FibonacciTest:data:0:[] = 0.0, Parents; -2
org.junit.tests.experimental.rules.RuleMemberValidatorTest:rejectStaticMethodRule:0:[] = 0.99, Parents; -2
org.junit.tests.experimental.theories.runner.FailingDataPointMethods$HasIgnoredFailingSingleDataPointMethod:failingDataPoint:0:[] = 0.0, Parents; -2
java.util.List:add:2:[int, java.lang.Object] = 0.0, Parents; -2
org.junit.tests.experimental.rules.TimeoutRuleTest:nullTimeUnit:0:[] = 0.99, Parents; -2
java.util.concurrent.Executors:newSingleThreadExecutor:0:[] = 0.0, Parents; -2
java.util.Collections:synchronizedList:1:[java.util.List] = 0.0, Parents; -2
org.junit.tests.running.classes.ParentRunnerTest:parentRunnerTestMethods:0:[] = 0.99, Parents; -2
org.hamcrest.CoreMatchers:nullValue:0:[] = 0.0, Parents; -2
org.junit.rules.ExpectedException:failDueToMissingException:0:[] = 0.6521739130434783, Parents; -2
org.junit.tests.running.methods.AnnotationTest:assertEquals:2:[java.lang.String, java.lang.String] = 0.0, Parents; -2
java.util.List:size:0:[] = 0.0, Parents; -2
org.junit.runners.parameterized.TestWithParametersTest:isNotEqualToTestWithDifferentName:0:[] = 0.99, Parents; -2
java.util.List:iterator:0:[] = 0.0, Parents; -2
java.util.Properties:getProperty:1:[java.lang.String] = 0.0, Parents; -2
org.junit.tests.running.classes.ParameterizedTestTest$BadIndexForAnnotatedFieldTest:data:0:[] = 0.0, Parents; -2
org.junit.tests.assertion.MultipleFailureExceptionTest:assertEmptyThrowsMutipleFailureExceptionForManyThrowables:0:[] = 0.0, Parents; -2
java.util.concurrent.atomic.AtomicInteger:getAndIncrement:0:[] = 0.0, Parents; -2
org.junit.tests.running.classes.ParameterizedTestTest:assertTestCreatesSingleFailureWithMessage:2:[java.lang.Class, java.lang.String] = 0.0, Parents; -2
org.junit.tests.running.classes.ClassLevelMethodsWithIgnoredTestsTest:beforeClassShouldNotRunWhenAllTestsAreFiltered:0:[] = 0.99, Parents; -2
org.junit.tests.running.methods.TestMethodTest:compatibility:0:[] = 0.0, Parents; -2
org.junit.tests.description.TestDescriptionMethodNameTest:getMethodNames:0:[] = 0.0, Parents; -2
org.junit.runner.FilterFactoriesTest:shouldCreateFilterWithArguments:0:[] = 0.99, Parents; -2
java.util.List:remove:1:[java.lang.Object] = 0.0, Parents; -2
org.junit.rules.TestWatcher:failedQuietly:3:[java.lang.Throwable, org.junit.runner.Description, java.util.List] = 0.358974358974359, Parents; -2
org.junit.rules.ExpectedException$ExpectedExceptionStatement:evaluate:0:[] = 0.7123287671232876, Parents; -2
java.util.concurrent.CountDownLatch:countDown:0:[] = 0.0, Parents; -2
junit.framework.Assert:assertEquals:3:[java.lang.String, char, char] = 0.3333333333333333, Parents; -2
org.junit.tests.experimental.max.DescriptionTest:parseClass_whenCantParse:0:[] = 0.0, Parents; -2
java.lang.String:valueOf:1:[java.lang.Object] = 0.0, Parents; -2
org.hamcrest.CoreMatchers:isA:1:[java.lang.Class] = 0.0, Parents; -2
org.junit.tests.experimental.theories.runner.WithExtendedParameterSources$DataPointArrayMethod:<init>:0:[] = 0.0, Parents; -2
junit.tests.runner.ResultTest:assertEquals:3:[java.lang.String, java.lang.Object, java.lang.Object] = 0.0, Parents; -2
org.junit.rules.StopwatchTest:runtimeDuringTestShouldReturnTimeSinceStart:0:[] = 0.99, Parents; -2
org.junit.tests.experimental.theories.runner.WithOnlyTestAnnotations$HonorExpectedExceptionPasses:shouldThrow:0:[] = 0.0, Parents; -2
java.lang.StackTraceElement:getMethodName:0:[] = 0.0, Parents; -2
java.io.ByteArrayOutputStream:<init>:0:[] = 0.0, Parents; -2
org.junit.tests.experimental.theories.runner.FailingDataPointMethods$HasIgnoredFailingMultipleDataPointMethod:<init>:0:[] = 0.0, Parents; -2
org.junit.tests.experimental.theories.runner.WithExtendedParameterSources$ShouldFilterOutNullElementsFromDataPointArrays:<init>:0:[] = 0.0, Parents; -2
org.junit.runners.parameterized.TestWithParametersTest:cannotBeCreatedWithoutAName:0:[] = 0.99, Parents; -2
org.hamcrest.CoreMatchers:allOf:5:[org.hamcrest.Matcher, org.hamcrest.Matcher, org.hamcrest.Matcher, org.hamcrest.Matcher, org.hamcrest.Matcher] = 0.0, Parents; -2
org.junit.experimental.theories.internal.ParameterizedAssertionError:toString:0:[] = 0.0, Parents; -2
java.lang.reflect.Proxy:newProxyInstance:3:[java.lang.ClassLoader, java.lang.Class[], java.lang.reflect.InvocationHandler] = 0.0, Parents; -2
java.util.Collections:sort:2:[java.util.List, java.util.Comparator] = 0.0, Parents; -2
java.lang.reflect.Field:get:1:[java.lang.Object] = 0.0, Parents; -2
org.junit.tests.experimental.theories.runner.WithAutoGeneratedDataPoints:shouldNotAutogenerateBooleanDataPointsWhenSpecificDataPointGiven:0:[] = 0.99, Parents; -2
org.junit.experimental.theories.Theories$TheoryAnchor$2:evaluate:0:[] = 0.5641025641025641, Parents; -2
java.lang.String:valueOf:1:[int] = 0.0, Parents; -2
org.junit.tests.experimental.rules.TestWatcherTest:neitherLogSuccessNorFailedForViolatedAssumption:0:[] = 0.08, Parents; -2
org.junit.internal.runners.model.EachTestNotifier:fireTestFinished:0:[] = 0.3076923076923077, Parents; -2
org.junit.tests.experimental.rules.RuleMemberValidatorTest:methodAcceptMethodRuleMethod:0:[] = 0.99, Parents; -2
junit.tests.extensions.ExtensionTest$1:fail:0:[] = 0.0, Parents; -2
org.junit.tests.experimental.theories.runner.UnsuccessfulWithDataPointFields$DataPointFieldsMustBeStatic:<init>:0:[] = 0.0, Parents; -2
org.junit.tests.junit3compatibility.JUnit38ClassRunnerTest:canUnadaptAnAdapter:0:[] = 0.0, Parents; -2
java.lang.Class:forName:1:[java.lang.String] = 0.0, Parents; -2
java.util.Map:values:0:[] = 0.0, Parents; -2
junit.samples.ListTest:fail:1:[java.lang.String] = 0.0, Parents; -2
org.junit.tests.experimental.categories.CategoryTest$SameAsNoIncludeCategoryAnnotationSuite:<init>:0:[] = 0.0, Parents; -2
org.junit.tests.experimental.theories.runner.WithExtendedParameterSources:shouldFilterOutNullElementsFromDataPointArrays:0:[] = 0.99, Parents; -2
org.junit.tests.junit3compatibility.ForwardCompatibilityTest$UnExpectedExceptionTest:<init>:0:[] = 0.0, Parents; -2
java.lang.String:toLowerCase:0:[] = 0.0, Parents; -2
org.junit.tests.experimental.theories.runner.WithExtendedParameterSources$ParameterAnnotations:everythingIsOne:1:[int] = 0.0, Parents; -2
org.junit.runners.BlockJUnit4ClassRunner:validatePublicVoidNoArgMethods:3:[java.lang.Class, boolean, java.util.List] = 0.0, Parents; -2
java.lang.SecurityManager:checkCreateClassLoader:0:[] = 0.0, Parents; -2
java.lang.SecurityManager:checkRead:1:[java.lang.String] = 0.0, Parents; -2
org.junit.tests.running.classes.ClassLevelMethodsWithIgnoredTestsTest$BeforeClassWithIgnoredClass:beforeClass:0:[] = 0.99, Parents; -2
org.junit.runner.Result$Listener:testFinished:1:[org.junit.runner.Description] = 0.13333333333333333, Parents; -2
org.junit.runners.parameterized.TestWithParametersTest:isNotEqualToTestWithDifferentParameters:0:[] = 0.99, Parents; -2
java.io.PrintStream:println:1:[java.lang.String] = 0.0, Parents; -2
java.lang.String:compareTo:1:[java.lang.String] = 0.0, Parents; -2
org.junit.tests.experimental.AssumptionTest:assumeThatPassesOnStrings:0:[] = 0.0, Parents; -2
org.junit.tests.running.methods.TimeoutTest:testGetTimeout:0:[] = 0.99, Parents; -2
org.junit.internal.Throwables:rethrow:1:[java.lang.Throwable] = 0.0, Parents; -2
org.junit.tests.experimental.categories.CategoriesAndParameterizedTest$WellBehavedParameterizedTest:testSomething:0:[] = 0.0, Parents; -2
org.junit.tests.running.classes.ParameterizedTestTest:exceptionWhenPrivateConstructor:0:[] = 0.0, Parents; -2
junit.tests.framework.ComparisonCompactorTest:testComparisonErrorOverlappingMatchesContext:0:[] = 0.99, Parents; -2
org.junit.tests.experimental.rules.MethodRulesTest:callsMethodReturningRuleOnlyOnce:0:[] = 0.99, Parents; -2
org.junit.tests.junit3compatibility.ForwardCompatibilityPrintingTest$1:getWriter:0:[] = 0.0, Parents; -2
java.lang.reflect.Method:getAnnotations:0:[] = 0.0, Parents; -2
org.junit.tests.running.classes.ParameterizedTestTest$TestWithUseParametersRunnerFactoryAnnotation:<init>:1:[java.lang.Object] = 0.0, Parents; -2
org.junit.tests.experimental.theories.runner.WithExtendedParameterSources$ParameterAnnotations:<init>:0:[] = 0.0, Parents; -2
org.junit.Assert:assertArrayEquals:2:[boolean[], boolean[]] = 0.99, Parents; -2
org.junit.tests.experimental.rules.TestWatcherTest:internalViolatedAssumption:0:[] = 0.99, Parents; -2
org.junit.tests.ObjectContractTest:equalsMeansEqualHashCodes:2:[java.lang.Object, java.lang.Object] = 0.0, Parents; -2
java.lang.Thread:<init>:3:[java.lang.ThreadGroup, java.lang.Runnable, java.lang.String] = 0.0, Parents; -2
org.junit.tests.experimental.categories.JavadocTest$B:<init>:0:[] = 0.0, Parents; -2
org.junit.tests.listening.TestListenerTest:failingListener:0:[] = 0.0, Parents; -2
org.junit.rules.TestWatcher:startingQuietly:2:[org.junit.runner.Description, java.util.List] = 0.1935483870967742, Parents; -2
java.util.Iterator:hasNext:0:[] = 0.0, Parents; -2
org.junit.tests.experimental.categories.MultiCategoryTest$InheritanceAnyTest:<init>:0:[] = 0.0, Parents; -2
org.junit.tests.experimental.rules.TimeoutRuleTest:timeUnitTimeout:0:[] = 0.99, Parents; -2
org.junit.tests.running.methods.TestMethodTest:<init>:0:[] = 0.0, Parents; -2
junit.tests.framework.Failure:fail:0:[] = 0.0, Parents; -2
java.lang.reflect.Method:getModifiers:0:[] = 0.0, Parents; -2
junit.framework.Assert:assertEquals:3:[java.lang.String, int, int] = 0.3333333333333333, Parents; -2
org.junit.tests.experimental.rules.TemporaryFolderUsageTest:assertFileDoesNotExist:1:[java.io.File] = 0.0, Parents; -2
org.junit.tests.experimental.AssumptionTest:assumeNoExceptionThrows:0:[] = 0.0, Parents; -2
org.junit.validator.AnnotationValidatorFactoryTest:exceptionWhenAnnotationValidatorCantBeCreated:0:[] = 0.99, Parents; -2
java.lang.Class:getField:1:[java.lang.String] = 0.0, Parents; -2
org.junit.tests.running.methods.ParameterizedTestMethodTest:validateAllMethods:1:[java.lang.Class] = 0.0, Parents; -2
java.lang.AssertionError:getMessage:0:[] = 0.0, Parents; -2
java.lang.StringBuilder:append:1:[char] = 0.0, Parents; -2
org.junit.tests.experimental.theories.runner.WithAutoGeneratedDataPoints:shouldNotAutogenerateEnumDataPointsWhenSpecificDataPointGiven:0:[] = 0.99, Parents; -2
org.junit.tests.experimental.rules.RuleMemberValidatorTest:acceptMethodStaticTestRuleThatIsAlsoClassRule:0:[] = 0.99, Parents; -2
org.junit.tests.experimental.categories.MultiCategoryTest$InheritanceAnyAllTest:t:0:[] = 0.0, Parents; -2
org.junit.tests.running.methods.TimeoutTest$TimeOutZero:<init>:0:[] = 0.99, Parents; -2
org.junit.tests.experimental.rules.RuleMemberValidatorTest:acceptNonStaticTestRule:0:[] = 0.99, Parents; -2
org.junit.runner.FilterOptionIntegrationTest$DummyTestClass1:<init>:0:[] = 0.0, Parents; -2
java.util.Iterator:next:0:[] = 0.0, Parents; -2
org.junit.tests.assertion.AssertionTest:failWithMessageToString:0:[] = 0.0, Parents; -2
org.junit.tests.assertion.AssertionTest:booleansNotEqual:0:[] = 0.0, Parents; -2
org.junit.tests.running.classes.ParameterizedTestTest:meaningfulFailureWhenParametersNotPublic:0:[] = 0.0, Parents; -2
junit.framework.JUnit4TestAdapterCache:get:1:[java.lang.Object] = 0.0, Parents; -2
org.junit.tests.experimental.AssumptionTest:assumeThatPasses:0:[] = 0.0, Parents; -2
org.junit.tests.experimental.categories.MultiCategoryTest$InheritanceAnyAllTest:<init>:0:[] = 0.0, Parents; -2
org.junit.runners.model.FrameworkFieldTest:missingAnnotationIsNotAvailable:0:[] = 0.99, Parents; -2
org.junit.tests.assertion.AssertionTest:arraysDifferAtElement0nullMessage:0:[] = 0.0, Parents; -2
org.junit.samples.ListTest:suite:0:[] = 0.0, Parents; -2
java.math.BigDecimal:<init>:1:[java.lang.String] = 0.0, Parents; -2
org.junit.tests.running.classes.ParameterizedTestTest$EmptyTest:<init>:0:[] = 0.0, Parents; -2
org.junit.runner.FilterOptionIntegrationTest$DummyTestClass0TestMethod1:<init>:0:[] = 0.0, Parents; -2
org.junit.internal.runners.MethodRoadie:runAfters:0:[] = 0.06349206349206349, Parents; -2
org.junit.tests.experimental.categories.CategoryTest$TestSuiteWithNoCategories:<init>:0:[] = 0.0, Parents; -2
org.junit.tests.experimental.theories.runner.SuccessfulWithDataPointFields$BeforeAndAfterEachTime:calledTwice:0:[] = 0.0, Parents; -2
org.junit.tests.assertion.AssertionTest:charsNotEqual:0:[] = 0.0, Parents; -2
org.junit.experimental.theories.internal.Assignments:getConstructorParameterCount:0:[] = 0.09090909090909091, Parents; -2
org.junit.experimental.theories.internal.Assignments:getConstructorArguments:0:[] = 0.99, Parents; -2
java.util.HashSet:<init>:0:[] = 0.0, Parents; -2
java.lang.Class:getConstructor:1:[java.lang.Class[]] = 0.0, Parents; -2
java.lang.System:getSecurityManager:0:[] = 0.0, Parents; -2
org.junit.tests.experimental.theories.runner.WithParameterSupplier$TestClassUsingParameterSupplier:<init>:0:[] = 0.0, Parents; -2
org.junit.AssumptionViolatedException:getCause:0:[] = 0.0, Parents; -2
org.junit.tests.experimental.categories.CategoryTest:describeACategoryFilter:0:[] = 0.038461538461538464, Parents; -2
org.junit.AssumptionViolatedExceptionTest:<init>:0:[] = 0.0, Parents; -2
org.junit.tests.experimental.theories.runner.WithUnresolvedGenericTypeVariablesOnTheoryParms$TypeVariableOnWildcardUpperBoundOnTheoryParm:<init>:0:[] = 0.0, Parents; -2
java.lang.reflect.Method:getParameterTypes:0:[] = 0.0, Parents; -2
org.junit.runners.model.TestClassTest:dontMarkStaticInnerClassAsNonStatic:0:[] = 0.0, Parents; -2
org.junit.tests.running.classes.ParentRunnerTest:assumptionViolatedAtParentLevel:0:[] = 0.99, Parents; -2
org.junit.rules.StopwatchTest:init:0:[] = 0.99, Parents; -2
org.junit.tests.running.classes.ParameterizedTestTest:meaningfulFailureWhenParametersAreNotAnIterable:0:[] = 0.0, Parents; -2
org.junit.tests.experimental.rules.ExpectedExceptionTest:<init>:2:[java.lang.Class, org.hamcrest.Matcher] = 0.0, Parents; -2
org.junit.runner.notification.RunNotifierTest:addAndRemoveWithNonThreadSafeListener:0:[] = 0.99, Parents; -2
java.io.File:<init>:2:[java.io.File, java.lang.String] = 0.0, Parents; -2
org.junit.tests.experimental.categories.MultiCategoryTest$InheritanceAnyTest:q:0:[] = 0.0, Parents; -2
org.junit.tests.running.methods.ExpectedTest$ExpectSuperclass:<init>:0:[] = 0.0, Parents; -2
junit.framework.JUnit4TestAdapterCache:containsKey:1:[java.lang.Object] = 0.0, Parents; -2
org.junit.tests.junit3compatibility.JUnit38ClassRunnerTest:testListener:0:[] = 0.0, Parents; -2
org.junit.tests.running.classes.SuiteTest$BiInfiniteLoop:<init>:0:[] = 0.0, Parents; -2
java.util.Collection:add:1:[java.lang.Object] = 0.0, Parents; -2
java.lang.Throwable:printStackTrace:1:[java.io.PrintWriter] = 0.0, Parents; -2
org.junit.tests.experimental.categories.CategoryTest:ignoredTest:0:[] = 0.99, Parents; -2
org.hamcrest.CoreMatchers:nullValue:1:[java.lang.Class] = 0.0, Parents; -2
org.junit.runners.parameterized.ParameterizedNamesTest$ParametrizedWithSpecialCharsInName:data:0:[] = 0.0, Parents; -2
java.lang.StringBuilder:<init>:0:[] = 0.0, Parents; -2
org.junit.tests.assertion.AssertionTest:assertNotEqualsConsidersDeltaCorrectly:0:[] = 0.0, Parents; -2
org.junit.runners.parameterized.TestWithParametersTest:hasSameHashCodeAsEqualTest:0:[] = 0.99, Parents; -2
org.junit.AssumptionViolatedExceptionTest:canInitCauseWithInstanceCreatedWithString:0:[] = 0.0, Parents; -2
junit.tests.framework.AssertTest:fail:0:[] = 0.0, Parents; -2
org.junit.tests.experimental.theories.runner.SuccessfulWithDataPointFields$DifferentTypesInConstructor:<init>:1:[int] = 0.0, Parents; -2
org.junit.tests.experimental.categories.CategoryTest$OneMoreTest:<init>:0:[] = 0.0, Parents; -2
org.junit.tests.junit3compatibility.OldTests:<init>:0:[] = 0.0, Parents; -2
org.junit.validator.AnnotationsValidatorTest:validatorIsCalledForAField:0:[] = 0.99, Parents; -2
org.junit.tests.experimental.max.DescriptionTest:parseClassAndMethodNoAnnotations:0:[] = 0.0, Parents; -2
java.util.ArrayList:<init>:1:[int] = 0.0, Parents; -2
org.junit.tests.running.methods.ExpectedTest$Expected:expected:0:[] = 0.0, Parents; -2
org.junit.tests.validation.BadlyFormedClassesTest$BadBeforeMethodWithLegacyRunner:<init>:0:[] = 0.0, Parents; -2
org.junit.tests.experimental.rules.MethodRulesTest$Increment$1:evaluate:0:[] = 0.99, Parents; -2
java.lang.Math:min:2:[int, int] = 0.0, Parents; -2
org.junit.runner.JUnitCommandLineParseResultTest:shouldParseFilterArgInWhichValueIsASeparateArg:0:[] = 0.99, Parents; -2
org.hamcrest.CoreMatchers:either:1:[org.hamcrest.Matcher] = 0.0, Parents; -2
org.junit.runner.FilterOptionIntegrationTest$DummyTestClass0:<init>:0:[] = 0.0, Parents; -2
org.junit.runners.model.TestClass:getOnlyConstructor:0:[] = 0.09090909090909091, Parents; -2
org.junit.internal.runners.statements.FailOnTimeout$CallableStatement:call:0:[] = 0.99, Parents; -2
junit.tests.runner.BaseTestRunnerTest:assertFalse:1:[boolean] = 0.0, Parents; -2
junit.tests.extensions.ExtensionTest$5:fail:0:[] = 0.0, Parents; -2
org.junit.experimental.theories.internal.SpecificDataPointsSupplier:getDataPointsFields:1:[org.junit.experimental.theories.ParameterSignature] = 0.99, Parents; -2
org.junit.tests.running.classes.ParameterizedTestTest:usesParametersRunnerFactoryThatWasSpecifiedByAnnotationInSuperClass:0:[] = 0.0, Parents; -2
org.junit.tests.experimental.categories.MultiCategoryTest$InheritanceAllAnyTest:q:0:[] = 0.0, Parents; -2
java.lang.reflect.InvocationTargetException:getCause:0:[] = 0.0, Parents; -2
java.lang.Exception:getMessage:0:[] = 0.0, Parents; -2
org.junit.internal.runners.ErrorReportingRunner:run:1:[org.junit.runner.notification.RunNotifier] = 0.06451612903225806, Parents; -2
org.hamcrest.core.CombinableMatcher:and:1:[org.hamcrest.Matcher] = 0.0, Parents; -2
java.util.concurrent.ConcurrentLinkedQueue:<init>:0:[] = 0.0, Parents; -2
org.junit.tests.experimental.theories.runner.SuccessfulWithDataPointFields$NewObjectEachTime:<init>:0:[] = 0.0, Parents; -2
org.junit.tests.internal.runners.statements.FailOnTimeoutTest:throwExceptionWithNiceMessageOnTimeout:0:[] = 0.13333333333333333, Parents; -2
org.junit.tests.assertion.AssertionTest:naNsAreEqual:0:[] = 0.0, Parents; -2
org.junit.tests.experimental.categories.CategoryValidatorTest$CategoryTest:<init>:0:[] = 0.0, Parents; -2
org.junit.tests.experimental.theories.extendingwithstubs.Guesser$GuessMap:put:2:[java.lang.Object, java.lang.Object] = 0.0, Parents; -2
java.io.File:listFiles:0:[] = 0.0, Parents; -2
org.junit.runner.Result$SerializedForm:<init>:1:[org.junit.runner.Result] = 0.99, Parents; -2
java.lang.Enum:valueOf:2:[java.lang.Class, java.lang.String] = 0.0, Parents; -2
org.junit.tests.assertion.AssertionTest:errorMessageDistinguishesDifferentValuesWithSameToString:0:[] = 0.0, Parents; -2
java.util.concurrent.CopyOnWriteArrayList:size:0:[] = 0.0, Parents; -2
org.junit.internal.runners.rules.RuleMemberValidator$FieldMustBeATestRule:validate:3:[org.junit.runners.model.FrameworkMember, java.lang.Class, java.util.List] = 0.99, Parents; -2
org.junit.samples.ListTest:setUpOnce:0:[] = 0.0, Parents; -2
java.lang.Double:<init>:1:[double] = 0.0, Parents; -2
java.lang.ThreadGroup:activeCount:0:[] = 0.0, Parents; -2
java.lang.Throwable:getMessage:0:[] = 0.0, Parents; -2
org.junit.tests.experimental.AssumptionTest:<init>:0:[] = 0.0, Parents; -2
org.junit.tests.experimental.categories.MultiCategoryTest:inheritanceAnyIncluded:0:[] = 0.99, Parents; -2
org.junit.tests.experimental.theories.PotentialAssignmentTest:shouldUseQuotedValueInDescription:0:[] = 0.99, Parents; -2
java.lang.Object:equals:1:[java.lang.Object] = 0.0, Parents; -2
org.junit.tests.running.classes.ParentRunnerTest:cannotBeCreatedWithNonPublicTestClass:0:[] = 0.99, Parents; -2
org.junit.rules.TemporaryFolder:newFolder:1:[java.lang.String[]] = 0.1267605633802817, Parents; -2
java.lang.reflect.GenericArrayType:getGenericComponentType:0:[] = 0.0, Parents; -2
java.lang.StringBuilder:append:1:[java.lang.String] = 0.0, Parents; -2
java.util.Collections:unmodifiableMap:1:[java.util.Map] = 0.0, Parents; -2
junit.tests.runner.BaseTestRunnerTest$MockRunner:getTest:1:[java.lang.String] = 0.0, Parents; -2
org.junit.tests.running.methods.TestMethodTest:overloaded:0:[] = 0.0, Parents; -2
org.junit.tests.experimental.theories.runner.UnsuccessfulWithDataPointFields$NullsOK:<init>:0:[] = 0.0, Parents; -2
java.io.FileOutputStream:close:0:[] = 0.0, Parents; -2
java.lang.String:split:2:[java.lang.String, int] = 0.0, Parents; -2
org.junit.rules.DisableOnDebugTest:whenRunWithPreJava5DebugArgumentsInReverseOrderTestShouldFail:0:[] = 0.99, Parents; -2
org.junit.runner.notification.ConcurrentRunNotifierTest$1:run:0:[] = 0.99, Parents; -2
org.junit.AssumptionViolatedException:toString:0:[] = 0.0, Parents; -2
java.lang.Float:<init>:1:[float] = 0.0, Parents; -2
org.junit.internal.runners.statements.FailOnTimeout:evaluate:0:[] = 0.8208955223880597, Parents; -2
org.junit.tests.experimental.categories.CategoryTest$MultiIncludeWithExcludeCategorySuite:<init>:0:[] = 0.0, Parents; -2
java.lang.String:lastIndexOf:1:[int] = 0.0, Parents; -2
org.junit.tests.experimental.theories.internal.ParameterizedAssertionErrorTest:<clinit>:0:[] = 0.0, Parents; -2
org.junit.rules.TestWatcher$1:evaluate:0:[] = 0.05555555555555555, Parents; -2
org.junit.tests.assertion.AssertionTest:compareBigDecimalAndInteger:0:[] = 0.0, Parents; -2
org.junit.tests.running.classes.ParameterizedTestTest:usesParametersRunnerFactoryThatWasSpecifiedByAnnotation:0:[] = 0.0, Parents; -2
junit.tests.framework.ComparisonCompactorTest:assertEquals:2:[java.lang.String, java.lang.String] = 0.0, Parents; -2
org.junit.tests.experimental.categories.CategoryTest:allIncludedSuiteCategoriesMustBeMatched:0:[] = 0.99, Parents; -2
java.io.File:delete:0:[] = 0.0, Parents; -2
org.junit.tests.experimental.theories.runner.WithUnresolvedGenericTypeVariablesOnTheoryParms$TypeVariableOnComponentOfArrayTypeOnTheoryParm:<init>:0:[] = 0.0, Parents; -2
org.junit.runner.FilterOptionIntegrationTest:setUp:0:[] = 0.99, Parents; -2
java.lang.reflect.ParameterizedType:getActualTypeArguments:0:[] = 0.0, Parents; -2
org.junit.tests.experimental.categories.CategoryTest$Ancestor:<init>:0:[] = 0.0, Parents; -2
org.junit.tests.experimental.categories.CategoriesAndParameterizedTest$ParameterizedTestWithClassCategory:getParameters:0:[] = 0.0, Parents; -2
org.junit.tests.assertion.AssertionTest:notSameNullMessage:0:[] = 0.0, Parents; -2
org.junit.tests.experimental.theories.runner.WithOnlyTestAnnotations$HonorTimeout:<init>:0:[] = 0.0, Parents; -2
java.lang.System:currentTimeMillis:0:[] = 0.0, Parents; -2
org.junit.tests.experimental.rules.TemporaryFolderUsageTest:getRootShouldThrowIllegalStateExceptionIfCreateWasNotInvoked:0:[] = 0.0, Parents; -2
org.junit.experimental.theories.Theories:getDescription:0:[] = 0.0, Parents; -2
org.junit.tests.experimental.theories.runner.WithParameterSupplier$TestClassUsingSupplierWithTwoConstructors:<init>:0:[] = 0.0, Parents; -2
org.junit.internal.MethodSorterTest:testMethodsNullSorterSelf:0:[] = 0.99, Parents; -2
junit.framework.ComparisonFailure:toString:0:[] = 0.0, Parents; -2
java.lang.SecurityManager:checkMulticast:1:[java.net.InetAddress] = 0.0, Parents; -2
org.junit.tests.running.classes.SuiteTest$NoSuiteClassesAnnotation:<init>:1:[org.junit.tests.running.classes.SuiteTest] = 0.0, Parents; -2
org.junit.tests.experimental.theories.runner.WithExtendedParameterSources$DataPointArrays:addToLog:1:[java.lang.String] = 0.0, Parents; -2
org.junit.runner.JUnitCommandLineParseResultTest:shouldAddToClasses:0:[] = 0.99, Parents; -2
junit.tests.framework.AssertTest:assertEquals:2:[java.lang.String, java.lang.String] = 0.0, Parents; -2
java.util.concurrent.Future:get:2:[long, java.util.concurrent.TimeUnit] = 0.0, Parents; -2
org.junit.tests.assertion.AssertionTest:objectsNotEquals:0:[] = 0.0, Parents; -2
org.junit.tests.experimental.AssumptionTest:assumeThatWorks:0:[] = 0.0, Parents; -2
org.hamcrest.core.Is:is:1:[java.lang.Object] = 0.0, Parents; -2
java.lang.reflect.WildcardType:getUpperBounds:0:[] = 0.0, Parents; -2
java.io.ObjectOutputStream:writeFields:0:[] = 0.0, Parents; -2
org.junit.runner.notification.SynchronizedRunListenerTest:toStringDelegates:0:[] = 0.99, Parents; -2
org.junit.tests.experimental.rules.TemporaryFolderUsageTest:assertFileCreatedUnderRootFolder:2:[java.lang.String, java.io.File] = 0.0, Parents; -2
java.lang.reflect.Field:toString:0:[] = 0.0, Parents; -2
org.junit.rules.TestWatcher:succeededQuietly:2:[org.junit.runner.Description, java.util.List] = 0.1935483870967742, Parents; -2
org.junit.tests.experimental.theories.internal.ParameterizedAssertionErrorTest:equalParameterizedAssertionErrorsHaveSameToString:2:[org.junit.experimental.theories.internal.ParameterizedAssertionError, org.junit.experimental.theories.internal.ParameterizedAssertionError] = 0.0, Parents; -2
org.junit.tests.assertion.MultipleFailureExceptionTest:assertEmptyDoesNotThrowForEmptyList:0:[] = 0.0, Parents; -2
org.junit.tests.experimental.theories.internal.ParameterizedAssertionErrorTest:isNotEqualToNull:1:[org.junit.experimental.theories.internal.ParameterizedAssertionError] = 0.0, Parents; -2
java.util.concurrent.CyclicBarrier:await:0:[] = 0.0, Parents; -2
org.hamcrest.Description:appendText:1:[java.lang.String] = 0.0, Parents; -2
org.junit.tests.assertion.AssertionTest:arraysWithNullElementEqual:0:[] = 0.0, Parents; -2
org.junit.tests.manipulation.SortableTest:backward:0:[] = 0.0, Parents; -2
java.security.CodeSource:getLocation:0:[] = 0.0, Parents; -2
org.junit.tests.experimental.rules.TimeoutRuleTest$HasGlobalLongTimeout:<init>:0:[] = 0.99, Parents; -2
java.io.File:createNewFile:0:[] = 0.0, Parents; -2
org.junit.tests.experimental.theories.AssumingInTheoriesTest:theoryMeansOnlyAssumeShouldFail:0:[] = 0.0, Parents; -2
java.util.ArrayList:iterator:0:[] = 0.0, Parents; -2
java.io.ObjectInputStream$GetField:get:2:[java.lang.String, java.lang.Object] = 0.0, Parents; -2
org.junit.tests.assertion.AssertionTest:failWithNoMessageToString:0:[] = 0.0, Parents; -2
org.junit.tests.assertion.AssertionTest:arraysDifferAtElement1withMessage:0:[] = 0.0, Parents; -2
org.junit.tests.experimental.categories.CategoriesAndParameterizedTest$ParameterizedTestWithClassCategory:<init>:1:[java.lang.String] = 0.0, Parents; -2
org.junit.internal.runners.JUnit38ClassRunner$OldTestClassAdaptingListener:startTest:1:[junit.framework.Test] = 0.125, Parents; -2
org.junit.tests.running.classes.ParameterizedTestTest:plansNamedCorrectlyWithParameterizedField:0:[] = 0.0, Parents; -2
java.lang.SecurityManager:getThreadGroup:0:[] = 0.0, Parents; -2
java.lang.Iterable:iterator:0:[] = 0.0, Parents; -2
java.lang.StackTraceElement:<init>:4:[java.lang.String, java.lang.String, java.lang.String, int] = 0.0, Parents; -2
java.util.concurrent.FutureTask:get:2:[long, java.util.concurrent.TimeUnit] = 0.0, Parents; -2
org.junit.tests.experimental.categories.CategoriesAndParameterizedTest$ParameterTokenSuiteWellFormed:<init>:0:[] = 0.0, Parents; -2
org.junit.tests.experimental.max.DescriptionTest:createSuiteDescription_whenNull:0:[] = 0.0, Parents; -2
org.junit.runners.model.TestClass:<init>:1:[java.lang.Class] = 0.8367346938775511, Parents; -2
org.junit.tests.experimental.categories.MultiCategoryTest:inheritanceAllAny:0:[] = 0.99, Parents; -2
org.junit.tests.experimental.categories.CategoryTest$OneThatIsBothFastAndSlow:<init>:0:[] = 0.0, Parents; -2
org.junit.tests.assertion.AssertionTest:objectsNotSame:0:[] = 0.0, Parents; -2
org.junit.rules.DisableOnDebug:<init>:2:[org.junit.rules.TestRule, java.util.List] = 0.99, Parents; -2
org.junit.runner.JUnitCommandLineParseResultTest:shouldCreateFailureUponUnfoundFilterFactory:0:[] = 0.99, Parents; -2
org.junit.internal.runners.statements.RunBefores:evaluate:0:[] = 0.16666666666666666, Parents; -2
org.junit.tests.experimental.categories.MultiCategoryTest$InheritanceAnyAll:<init>:0:[] = 0.0, Parents; -2
org.junit.tests.experimental.rules.ExpectedExceptionTest$UseCustomMessageWithPlaceHolder:noThrow:0:[] = 0.99, Parents; -2
org.junit.validator.AnnotationValidatorFactoryTest$SampleTestWithValidator:<init>:0:[] = 0.0, Parents; -2
junit.tests.runner.ResultTest:getName:0:[] = 0.0, Parents; -2
org.junit.tests.experimental.AssumptionTest:assumptionsWithMessageAndCause:0:[] = 0.0, Parents; -2
java.util.Set:iterator:0:[] = 0.0, Parents; -2
org.junit.tests.experimental.categories.MultiCategoryTest$InheritanceAllAnyTest:y:0:[] = 0.0, Parents; -2
org.hamcrest.Matcher:describeMismatch:2:[java.lang.Object, org.hamcrest.Description] = 0.0, Parents; -2
java.io.BufferedReader:<init>:1:[java.io.Reader] = 0.0, Parents; -2
org.junit.internal.builders.IgnoredClassRunner:getDescription:0:[] = 0.2, Parents; -2
org.junit.tests.running.classes.SuiteTest$Hydra:<init>:0:[] = 0.0, Parents; -2
org.junit.internal.runners.rules.RuleMemberValidator$MethodMustBeATestRule:validate:3:[org.junit.runners.model.FrameworkMember, java.lang.Class, java.util.List] = 0.99, Parents; -2
java.lang.Thread:setDaemon:1:[boolean] = 0.0, Parents; -2
java.lang.management.ThreadMXBean:getThreadCpuTime:1:[long] = 0.0, Parents; -2
org.junit.internal.runners.statements.InvokeMethod:evaluate:0:[] = 0.25, Parents; -2
org.junit.tests.running.classes.ParameterizedTestTest$BeforeAndAfter:before:0:[] = 0.0, Parents; -2
java.lang.SecurityManager:checkPermission:1:[java.security.Permission] = 0.0, Parents; -2
org.hamcrest.core.IsNull:nullValue:0:[] = 0.0, Parents; -2
org.junit.tests.experimental.theories.internal.SpecificDataPointsSupplierTest:shouldReturnOnlyTheNamedMethodDataPoints:0:[] = 0.99, Parents; -2
junit.tests.framework.DoublePrecisionAssertTest:assertEquals:3:[double, double, double] = 0.0, Parents; -2
java.lang.reflect.Method:getDeclaringClass:0:[] = 0.0, Parents; -2
java.util.concurrent.ExecutorService:submit:1:[java.util.concurrent.Callable] = 0.0, Parents; -2
org.junit.experimental.theories.internal.AllMembersSupplier$MethodParameterValue:getValue:0:[] = 0.44, Parents; -2
org.junit.tests.experimental.theories.internal.SpecificDataPointsSupplierTest:shouldReturnOnlyTheNamedDataPoints:0:[] = 0.99, Parents; -2
org.junit.tests.running.classes.ParameterizedTestTest$BeforeAndAfter:data:0:[] = 0.0, Parents; -2
org.junit.tests.experimental.theories.runner.WithUnresolvedGenericTypeVariablesOnTheoryParms$TypeVariableOnParameterizedTheoryParm:<clinit>:0:[] = 0.0, Parents; -2
org.junit.rules.Stopwatch$InternalWatcher:skipped:2:[org.junit.AssumptionViolatedException, org.junit.runner.Description] = 0.99, Parents; -2
org.junit.tests.running.methods.TestMethodTest:dontValidateShadowedMethods:0:[] = 0.0, Parents; -2
org.junit.tests.listening.UserStopTest:userStop:0:[] = 0.0, Parents; -2
org.junit.tests.experimental.rules.BlockJUnit4ClassRunnerOverrideTest$OverrideRulesTest:testFlipBit:0:[] = 0.0, Parents; -2
org.junit.tests.assertion.ComparisonFailureTest:data:0:[] = 0.0, Parents; -2
org.junit.rules.StopwatchTest:failed:0:[] = 0.99, Parents; -2
java.lang.Process:getInputStream:0:[] = 0.0, Parents; -2
org.junit.tests.running.methods.TimeoutTest:testZeroTimeoutIsIgnored:0:[] = 0.99, Parents; -2
java.lang.SecurityManager:checkPermission:2:[java.security.Permission, java.lang.Object] = 0.0, Parents; -2
org.junit.runner.notification.SynchronizedRunListenerTest:namedListenerCorrectlyImplementsEqualsAndHashCode:0:[] = 0.99, Parents; -2
java.lang.String:equals:1:[java.lang.Object] = 0.0, Parents; -2
org.junit.experimental.max.CouldNotReadCoreException:printStackTrace:0:[] = 0.0, Parents; -2
org.junit.tests.junit3compatibility.ForwardCompatibilityTest:assertSame:2:[java.lang.Object, java.lang.Object] = 0.0, Parents; -2
org.junit.tests.experimental.categories.CategoryTest$ExcludedTest1:<init>:0:[] = 0.0, Parents; -2
java.lang.SecurityManager:<init>:0:[] = 0.0, Parents; -2
java.lang.Class:getResourceAsStream:1:[java.lang.String] = 0.0, Parents; -2
junit.tests.framework.ComparisonCompactorTest:testComparisonErrorOverlappingMatches:0:[] = 0.99, Parents; -2
junit.tests.WasRun:run:0:[] = 0.0, Parents; -2
org.junit.runners.ParentRunner:classRules:0:[] = 0.14285714285714285, Parents; -2
java.util.Collections:list:1:[java.util.Enumeration] = 0.0, Parents; -2
org.junit.tests.running.classes.ParameterizedTestTest$UseParameterizedFactoryAbstractTest:data:0:[] = 0.0, Parents; -2
junit.framework.Assert:assertEquals:3:[java.lang.String, byte, byte] = 0.3333333333333333, Parents; -2
org.junit.tests.manipulation.SingleMethodTest$ParameterizedOneTimeSetup:params:0:[] = 0.0, Parents; -2
org.junit.internal.InexactComparisonCriteria:arrayEquals:3:[java.lang.String, java.lang.Object, java.lang.Object] = 0.0, Parents; -2
org.junit.runners.parameterized.TestWithParametersTest:hasMeaningfulToString:0:[] = 0.99, Parents; -2
org.junit.tests.running.classes.SuiteTest$AllWithBeforeAndAfterClass:after:0:[] = 0.0, Parents; -2
org.junit.runner.notification.SynchronizedRunListener:testStarted:1:[org.junit.runner.Description] = 0.99, Parents; -2
org.junit.tests.experimental.max.DescriptionTest:sameNamesButDifferentUniqueIdAreNotEqual:0:[] = 0.0, Parents; -2
java.util.concurrent.atomic.AtomicBoolean:<init>:1:[boolean] = 0.0, Parents; -2
junit.tests.framework.TestListenerTest$2:fail:0:[] = 0.0, Parents; -2
java.lang.SecurityManager:checkPropertyAccess:1:[java.lang.String] = 0.0, Parents; -2
junit.tests.framework.AssertTest:assertNotSame:2:[java.lang.Object, java.lang.Object] = 0.0, Parents; -2
org.junit.tests.experimental.AssumptionTest$HasAssumeWithMessageAndCause:testMethod:0:[] = 0.18181818181818182, Parents; -2
org.junit.tests.manipulation.SortableTest:forward:0:[] = 0.0, Parents; -2
java.util.HashSet:<init>:1:[int] = 0.0, Parents; -2
java.util.Collection:size:0:[] = 0.0, Parents; -2
java.util.Map:get:1:[java.lang.Object] = 0.0, Parents; -2
org.junit.tests.running.classes.SuiteTest$InfiniteLoop:<init>:0:[] = 0.0, Parents; -2
org.junit.rules.StopwatchTest$AbstractStopwatchTest$2:finished:2:[long, org.junit.runner.Description] = 0.99, Parents; -2
java.util.concurrent.atomic.AtomicInteger:<init>:0:[] = 0.0, Parents; -2
org.junit.tests.experimental.AssumptionTest:assumeNotNullIncludesParameterList:0:[] = 0.0, Parents; -2
org.junit.tests.experimental.rules.RuleMemberValidatorTest:rejectClassRuleMethodReturnsAnArbitraryObject:0:[] = 0.99, Parents; -2
org.junit.tests.experimental.max.DescriptionTest:parseMethod_whenCantParse:0:[] = 0.0, Parents; -2
org.junit.runners.BlockJUnit4ClassRunner:runChild:2:[org.junit.runners.model.FrameworkMethod, org.junit.runner.notification.RunNotifier] = 0.24390243902439024, Parents; -2
org.junit.tests.junit3compatibility.SuiteMethodTest$OldTest:suite:0:[] = 0.4090909090909091, Parents; -2
org.junit.tests.running.classes.RunWithTest$ExampleTest:<init>:0:[] = 0.0, Parents; -2
org.junit.experimental.theories.suppliers.TestedOn:ints:0:[] = 0.0, Parents; -2
org.junit.tests.manipulation.FilterableTest$FilteredRunner:filter:1:[org.junit.runner.manipulation.Filter] = 0.0, Parents; -2
java.io.InputStream:read:0:[] = 0.0, Parents; -2
org.junit.tests.assertion.AssertionTest:sameObjectIsNotEqual:0:[] = 0.0, Parents; -2
java.net.URL:getFile:0:[] = 0.0, Parents; -2
org.junit.internal.runners.JUnit38ClassRunner:testCount:0:[] = 0.0, Parents; -2
org.hamcrest.StringDescription:asString:1:[org.hamcrest.SelfDescribing] = 0.0, Parents; -2
org.junit.experimental.max.MaxCore:<init>:1:[java.io.File] = 0.125, Parents; -2
java.lang.Class:getEnclosingClass:0:[] = 0.0, Parents; -2
org.junit.tests.running.classes.SuiteTest$All:<init>:0:[] = 0.0, Parents; -2
org.junit.tests.internal.runners.statements.FailOnTimeoutTest:throwTimeoutExceptionOnSecondCallAlthoughFirstCallThrowsException:0:[] = 0.07692307692307693, Parents; -2
java.lang.NullPointerException:<init>:1:[java.lang.String] = 0.0, Parents; -2
org.junit.tests.experimental.rules.ExpectedExceptionTest$FailBeforeExpectingException:fails:0:[] = 0.99, Parents; -2
org.junit.tests.running.methods.ParameterizedTestMethodTest:params:0:[] = 0.0, Parents; -2
org.junit.tests.experimental.categories.MultiCategoryTest:inheritanceAnyAll:0:[] = 0.99, Parents; -2
java.lang.Object:getClass:0:[] = 0.0, Parents; -2
java.util.concurrent.atomic.AtomicLong:addAndGet:1:[long] = 0.0, Parents; -2
org.junit.runners.parameterized.BlockJUnit4ClassRunnerWithParameters:getAnnotatedFieldsByParameter:0:[] = 0.99, Parents; -2
junit.runner.BaseTestRunner:getTest:1:[java.lang.String] = 0.011428571428571429, Parents; -2
java.util.concurrent.Executors:newFixedThreadPool:1:[int] = 0.0, Parents; -2
org.junit.tests.experimental.MatcherTest:failure:1:[java.lang.String] = 0.0, Parents; -2
org.junit.tests.experimental.categories.MultiCategoryTest:inheritanceAllIncluded:0:[] = 0.99, Parents; -2
org.junit.experimental.runners.Enclosed:<init>:2:[java.lang.Class, org.junit.runners.model.RunnerBuilder] = 0.05263157894736842, Parents; -2
java.lang.reflect.Array:get:2:[java.lang.Object, int] = 0.0, Parents; -2
java.lang.Class:isMemberClass:0:[] = 0.0, Parents; -2
java.lang.String:length:0:[] = 0.0, Parents; -2
org.junit.tests.experimental.rules.TemporaryFolderUsageTest:newFolderWithGivenPathThrowsIllegalStateExceptionIfCreateWasNotInvoked:0:[] = 0.0, Parents; -2
org.junit.internal.runners.JUnit4ClassRunner:filter:1:[org.junit.runner.manipulation.Filter] = 0.08163265306122448, Parents; -2
org.junit.tests.experimental.theories.runner.UnsuccessfulWithDataPointFields$DoesntUseParams:<init>:0:[] = 0.0, Parents; -2
org.junit.runner.notification.RunNotifierTest:notifiesSecondListenerIfFirstThrowsException:0:[] = 0.3333333333333333, Parents; -2
java.util.concurrent.ExecutorService:awaitTermination:2:[long, java.util.concurrent.TimeUnit] = 0.0, Parents; -2
org.junit.tests.experimental.categories.CategoryTest$NoTest:<init>:0:[] = 0.0, Parents; -2
java.util.Iterator:remove:0:[] = 0.0, Parents; -2
org.junit.tests.manipulation.FilterableTest$FilteredTest:parameters:0:[] = 0.0, Parents; -2
org.hamcrest.CoreMatchers:both:1:[org.hamcrest.Matcher] = 0.0, Parents; -2
org.junit.tests.experimental.categories.JavadocTest$FastOrSmokeTestSuite:<init>:0:[] = 0.0, Parents; -2
org.junit.tests.assertion.AssertionTest:arraysDifferAtElement0withMessage:0:[] = 0.0, Parents; -2
java.lang.Integer:<init>:1:[int] = 0.0, Parents; -2
java.lang.Class:forName:3:[java.lang.String, boolean, java.lang.ClassLoader] = 0.0, Parents; -2
java.util.Map:containsKey:1:[java.lang.Object] = 0.0, Parents; -2
java.io.ObjectStreamClass:getFields:0:[] = 0.0, Parents; -2
java.lang.reflect.Modifier:isPublic:1:[int] = 0.0, Parents; -2
org.junit.tests.assertion.AssertionTest:notEqualsNullWithObject:0:[] = 0.0, Parents; -2
org.junit.tests.experimental.rules.BlockJUnit4ClassRunnerOverrideTest$OverrideRulesTest:<init>:0:[] = 0.0, Parents; -2
org.junit.tests.experimental.categories.CategoryTest:testCountWithMultipleExcludeFilter:0:[] = 0.99, Parents; -2
org.junit.tests.experimental.theories.runner.SuccessfulWithDataPointFields$PositiveInts:haveAPostiveSquare:0:[] = 0.0, Parents; -2
org.junit.runner.FilterFactoriesTest:shouldThrowExceptionIfNotFilterFactory:0:[] = 0.99, Parents; -2
org.junit.tests.experimental.theories.runner.FailingDataPointMethods:shouldIgnoreMultipleDataPointMethodExceptionsOnRequest:0:[] = 0.99, Parents; -2
java.lang.Error:<init>:1:[java.lang.String] = 0.0, Parents; -2
org.junit.tests.running.methods.TimeoutTest:timeoutFailureMultithreaded:0:[] = 0.99, Parents; -2
java.lang.SecurityException:<init>:1:[java.lang.String] = 0.0, Parents; -2
org.junit.internal.runners.ErrorReportingRunner:getDescription:0:[] = 0.10526315789473684, Parents; -2
java.lang.StringBuffer:append:1:[java.lang.String] = 0.0, Parents; -2
java.lang.reflect.Field:set:2:[java.lang.Object, java.lang.Object] = 0.0, Parents; -2
org.junit.AssumptionViolatedExceptionTest:toStringReportsMatcher:2:[java.lang.Integer, org.hamcrest.Matcher] = 0.0, Parents; -2
org.junit.tests.running.classes.RunWithTest$Empty:<init>:0:[] = 0.0, Parents; -2
org.junit.runners.parameterized.TestWithParametersTest:cannotBeCreatedWithoutParameters:0:[] = 0.99, Parents; -2
java.lang.reflect.Modifier:isStatic:1:[int] = 0.0, Parents; -2
java.io.File:createTempFile:2:[java.lang.String, java.lang.String] = 0.0, Parents; -2
java.lang.Boolean:valueOf:1:[boolean] = 0.0, Parents; -2
org.junit.tests.experimental.categories.CategoryTest$SomeAreSlowSuite:<init>:0:[] = 0.0, Parents; -2
org.junit.experimental.categories.Categories$CategoryFilter:include:2:[boolean, java.lang.Class[]] = 0.99, Parents; -2
org.junit.tests.experimental.categories.MultiCategoryTest$MultiCategorySuite:<init>:0:[] = 0.0, Parents; -2
java.lang.SecurityManager:checkTopLevelWindow:1:[java.lang.Object] = 0.0, Parents; -2
junit.framework.Assert:assertEquals:3:[java.lang.String, long, long] = 0.3333333333333333, Parents; -2
java.util.Enumeration:hasMoreElements:0:[] = 0.0, Parents; -2
org.junit.tests.running.classes.ParameterizedTestTest:failuresNamedCorrectly:0:[] = 0.0, Parents; -2
java.util.Collections:unmodifiableList:1:[java.util.List] = 0.0, Parents; -2
java.util.concurrent.ConcurrentHashMap:get:1:[java.lang.Object] = 0.0, Parents; -2
org.junit.tests.experimental.rules.TemporaryFolderUsageTest:tearDown:0:[] = 0.0, Parents; -2
org.junit.tests.running.classes.EnclosedTest$Enclosing:<init>:0:[] = 0.0, Parents; -2
org.junit.tests.junit3compatibility.AllTestsTest:access$0:1:[boolean] = 0.0, Parents; -2
org.junit.tests.experimental.rules.TemporaryFolderUsageTest:assertParentFolderForFileIs:2:[java.io.File, java.io.File] = 0.0, Parents; -2
org.junit.samples.ListTest:removeAll:0:[] = 0.0, Parents; -2
org.junit.tests.experimental.rules.RuleMemberValidatorTest:acceptStaticTestRuleThatIsAlsoClassRule:0:[] = 0.99, Parents; -2
java.lang.Enum:<init>:2:[java.lang.String, int] = 0.0, Parents; -2
org.junit.tests.experimental.categories.CategoryTest$OneVerySlowTest:<init>:0:[] = 0.0, Parents; -2
java.lang.Class:getName:0:[] = 0.0, Parents; -2
junit.tests.framework.TestListenerTest:assertEquals:2:[int, int] = 0.0, Parents; -2
junit.tests.extensions.ExtensionTest$TornDown:run:1:[junit.framework.TestResult] = 0.0, Parents; -2
org.junit.experimental.theories.internal.Assignments:potentialsForNextUnassigned:0:[] = 0.36666666666666664, Parents; -2
org.junit.tests.experimental.theories.runner.FailingDataPointMethods$HasIgnoredFailingMultipleDataPointMethod:failingDataPoint:0:[] = 0.0, Parents; -2
org.junit.tests.experimental.theories.runner.FailingDataPointMethods:shouldIgnoreSingleDataPointMethodExceptionsOnRequest:0:[] = 0.99, Parents; -2
org.junit.internal.runners.ClassRoadie:runAfters:0:[] = 0.03278688524590164, Parents; -2
java.util.concurrent.CountDownLatch:await:0:[] = 0.0, Parents; -2
java.lang.reflect.Field:getType:0:[] = 0.0, Parents; -2
org.junit.runner.FilterOptionIntegrationTest:shouldRunAllTests:0:[] = 0.99, Parents; -2
org.junit.runner.FilterOptionIntegrationTest:shouldCombineFilters:0:[] = 0.99, Parents; -2
org.junit.tests.experimental.theories.runner.WithUnresolvedGenericTypeVariablesOnTheoryParms$TypeVariableOnParameterizedTheoryParm:<init>:0:[] = 0.0, Parents; -2
java.lang.StringBuilder:append:1:[java.lang.Object] = 0.0, Parents; -2
org.junit.runners.parameterized.TestWithParametersTest:isEqualToTestWithSameNameAndTestClassAndParameters:0:[] = 0.99, Parents; -2
org.junit.tests.experimental.categories.CategoryTest$B:<init>:0:[] = 0.0, Parents; -2
java.lang.reflect.Method:getGenericParameterTypes:0:[] = 0.0, Parents; -2
org.junit.tests.junit3compatibility.ForwardCompatibilityPrintingTest:assertEquals:2:[java.lang.String, java.lang.String] = 0.0, Parents; -2
org.hamcrest.CoreMatchers:hasItem:1:[org.hamcrest.Matcher] = 0.0, Parents; -2
org.junit.tests.running.classes.ParameterizedTestTest:countBeforeRunWithParameterizedField:0:[] = 0.0, Parents; -2
org.junit.tests.running.classes.ClassLevelMethodsWithIgnoredTestsTest$BeforeClassWithIgnoredClass:test:0:[] = 0.99, Parents; -2
org.junit.experimental.theories.Theories:validateOnlyOneConstructor:1:[java.util.List] = 0.0, Parents; -2
org.junit.experimental.theories.Theories$TheoryAnchor:runWithIncompleteAssignment:1:[org.junit.experimental.theories.internal.Assignments] = 0.0625, Parents; -2
org.junit.tests.manipulation.FilterableTest$FilteredTest:<init>:1:[int] = 0.0, Parents; -2
org.junit.tests.experimental.theories.runner.WithUnresolvedGenericTypeVariablesOnTheoryParms$TypeVariableOnArrayTypeOnTheoryParm:<init>:0:[] = 0.0, Parents; -2
org.junit.tests.experimental.theories.runner.WithNamedDataPoints:onlyUseSpecificDataPointsIfSpecified:0:[] = 0.99, Parents; -2
org.junit.tests.experimental.theories.runner.WithAutoGeneratedDataPoints:shouldAutomaticallyGenerateEnumDataPoints:0:[] = 0.99, Parents; -2
java.lang.Short:valueOf:1:[short] = 0.0, Parents; -2
org.junit.tests.junit3compatibility.AllTestsTest:ensureTestIsRun:0:[] = 0.0, Parents; -2
org.junit.tests.experimental.theories.runner.FailingDataPointMethods$HasWronglyIgnoredFailingSingleDataPointMethod:failingDataPoint:0:[] = 0.0, Parents; -2
java.io.ObjectInputStream:readObject:0:[] = 0.0, Parents; -2
org.junit.tests.assertion.AssertionTest:intsNotEqual:0:[] = 0.0, Parents; -2
org.junit.tests.assertion.AssertionTest:arraysExpectedNullMessage:0:[] = 0.0, Parents; -2
junit.tests.framework.ComparisonCompactorTest:assertTrue:1:[boolean] = 0.0, Parents; -2
org.junit.tests.experimental.categories.CategoryTest:oneRunnableOthersAvoided:0:[] = 0.99, Parents; -2
org.junit.tests.experimental.rules.TimeoutRuleTest:longTimeout:0:[] = 0.99, Parents; -2
junit.samples.SimpleTest:assertEquals:2:[java.lang.Object, java.lang.Object] = 0.0, Parents; -2
org.junit.tests.manipulation.SingleMethodTest:oneTimeSetup:0:[] = 0.0, Parents; -2
junit.samples.ListTest:assertTrue:1:[boolean] = 0.0, Parents; -2
org.junit.tests.ObjectContractTest:<init>:0:[] = 0.0, Parents; -2
org.junit.runners.model.FrameworkMethod$1:run:0:[] = 0.0, Parents; -2
java.util.Random:<init>:0:[] = 0.0, Parents; -2
org.junit.validator.AnnotationValidatorFactoryTest:createAnnotationValidator:0:[] = 0.99, Parents; -2
java.lang.Class:isEnum:0:[] = 0.0, Parents; -2
junit.tests.framework.ComparisonFailureTest:assertEquals:3:[java.lang.String, java.lang.String, java.lang.String] = 0.0, Parents; -2
java.util.concurrent.CountDownLatch:await:2:[long, java.util.concurrent.TimeUnit] = 0.0, Parents; -2
org.junit.tests.experimental.theories.internal.SpecificDataPointsSupplierTest:shouldReturnNothingIfTheNamedDataPointsAreMissing:0:[] = 0.99, Parents; -2
java.lang.Character:valueOf:1:[char] = 0.0, Parents; -2
org.junit.runners.parameterized.BlockJUnit4ClassRunnerWithParameters:validateFields:1:[java.util.List] = 0.99, Parents; -2
org.junit.tests.assertion.MultipleFailureExceptionTest:assertEmptyRethrowsSingleRuntimeException:0:[] = 0.0, Parents; -2
java.util.concurrent.ConcurrentHashMap:<init>:0:[] = 0.0, Parents; -2
org.junit.tests.running.classes.SuiteTest$WithoutDefaultConstructor:<init>:2:[org.junit.tests.running.classes.SuiteTest, int] = 0.0, Parents; -2
java.util.ArrayList:<init>:0:[] = 0.0, Parents; -2
junit.textui.TestRunner:getTest:1:[java.lang.String] = 0.0, Parents; -2
java.lang.SecurityManager:checkAwtEventQueueAccess:0:[] = 0.0, Parents; -2
org.junit.tests.experimental.categories.CategoryTest$ChooseSlowFromBoth:<init>:0:[] = 0.0, Parents; -2
org.junit.tests.assertion.AssertionTest:multiDimensionalArraysDeclaredAsOneDimensionalAreEqual:0:[] = 0.0, Parents; -2
org.junit.Assume:assumeNoException:1:[java.lang.Throwable] = 0.6153846153846154, Parents; -2
java.util.concurrent.Callable:call:0:[] = 0.0, Parents; -2
org.junit.tests.experimental.theories.ParameterSignatureTest:wrapperTypesShouldBeAcceptedAsPrimitiveTypes:0:[] = 0.0, Parents; -2
org.junit.tests.experimental.rules.MethodRulesTest:runsMethodRuleThatIsReturnedByMethod:0:[] = 0.99, Parents; -2
org.junit.runner.JUnitCommandLineParseResultTest:shouldParseFilterArgWithEqualsSyntax:0:[] = 0.99, Parents; -2
java.util.List:set:2:[int, java.lang.Object] = 0.0, Parents; -2
java.lang.reflect.WildcardType:getLowerBounds:0:[] = 0.0, Parents; -2
org.junit.tests.junit3compatibility.JUnit38ClassRunnerTest:getDescriptionWithAnnotationInSuper:0:[] = 0.0, Parents; -2
org.junit.runner.notification.ConcurrentRunNotifierTest$2:addListener:1:[org.junit.runner.notification.ConcurrentRunNotifierTest$ExaminedListener] = 0.99, Parents; -2
org.junit.tests.experimental.categories.CategoryTest:noIncludeCategoryAnnotation:0:[] = 0.99, Parents; -2
org.junit.tests.listening.UserStopTest:createNotifier:0:[] = 0.0, Parents; -2
org.junit.runners.BlockJUnit4ClassRunner:getTestClass:0:[] = 0.0, Parents; -2
junit.tests.framework.AssertionFailedErrorTest:assertEquals:2:[java.lang.String, java.lang.String] = 0.0, Parents; -2
org.junit.tests.assertion.AssertionTest:floatsNotEqual:0:[] = 0.0, Parents; -2
java.lang.Math:max:2:[int, int] = 0.0, Parents; -2
org.junit.tests.experimental.categories.MultiCategoryTest$InheritanceAllTest:q:0:[] = 0.0, Parents; -2
org.junit.tests.experimental.theories.runner.WithExtendedParameterSources$ShouldFilterOutNullSingleDataPoints:allStringsAreNonNull:1:[java.lang.String] = 0.0, Parents; -2
junit.tests.framework.AssertTest:assertEquals:2:[java.lang.Object, java.lang.Object] = 0.0, Parents; -2
java.util.Properties:load:1:[java.io.InputStream] = 0.0, Parents; -2
org.junit.tests.assertion.MultipleFailureExceptionTest:assertEmptyRethrowsSingleError:0:[] = 0.0, Parents; -2
org.junit.internal.builders.AnnotatedBuilderTest$OuterClass:<init>:0:[] = 0.0, Parents; -2
org.junit.tests.experimental.categories.MultiCategoryTest$InheritanceAllTest:x:0:[] = 0.0, Parents; -2
org.junit.tests.experimental.categories.CategoryTest$NoIncludeCategoryAnnotationTest:<init>:0:[] = 0.0, Parents; -2
org.junit.runners.BlockJUnit4ClassRunner:testCount:0:[] = 0.0, Parents; -2
java.lang.reflect.Method:getAnnotation:1:[java.lang.Class] = 0.0, Parents; -2
java.util.concurrent.atomic.AtomicLong:longValue:0:[] = 0.0, Parents; -2
org.junit.tests.experimental.max.DescriptionTest:parseClassNameAndMethodUniqueId:0:[] = 0.0, Parents; -2
java.lang.Throwable:toString:0:[] = 0.0, Parents; -2
org.junit.tests.experimental.categories.CategoriesAndParameterizedTest$WellBehavedParameterizedTest:<init>:1:[java.lang.String] = 0.0, Parents; -2
org.junit.internal.Throwables:<init>:0:[] = 0.0, Parents; -2
org.junit.tests.assertion.AssertionTest:arraysDeclaredAsObjectAreComparedAsObjects:0:[] = 0.0, Parents; -2
junit.tests.runner.ResultTest:assertEquals:3:[java.lang.String, java.lang.String, java.lang.String] = 0.0, Parents; -2
org.junit.runners.model.TestClassTest:fieldsOnSubclassesShadowSuperclasses:0:[] = 0.0, Parents; -2
org.junit.runner.notification.SynchronizedRunListener:testRunStarted:1:[org.junit.runner.Description] = 0.99, Parents; -2
java.io.StringWriter:toString:0:[] = 0.0, Parents; -2
org.junit.tests.experimental.theories.runner.SuccessfulWithDataPointFields:<init>:0:[] = 0.0, Parents; -2
org.junit.tests.experimental.theories.runner.WithUnresolvedGenericTypeVariablesOnTheoryParms$TypeVariableOnWildcardUpperBoundOnTheoryParm:<clinit>:0:[] = 0.0, Parents; -2
org.junit.rules.DisableOnDebugTest:givenPreJava5DebugArgumentsIsDebuggingShouldReturnTrue:0:[] = 0.99, Parents; -2
org.junit.runners.BlockJUnit4ClassRunner:isIgnored:1:[java.lang.Object] = 0.99, Parents; -2
org.hamcrest.BaseMatcher:<init>:0:[] = 0.0, Parents; -2
org.junit.tests.experimental.theories.ParameterSignatureTest:getAnnotations:0:[] = 0.0, Parents; -2
org.junit.internal.runners.TestMethod:getBefores:0:[] = 0.18181818181818182, Parents; -2
org.junit.tests.running.classes.ParameterizedTestTest$ParameterizedWithoutSpecialTestname:data:0:[] = 0.0, Parents; -2
org.junit.runners.model.TestClass:getAnnotatedMethods:0:[] = 0.99, Parents; -2
org.junit.tests.description.TestDescriptionMethodNameTest:<init>:1:[java.lang.String] = 0.0, Parents; -2
java.io.File:getParentFile:0:[] = 0.0, Parents; -2
java.lang.SecurityManager:checkDelete:1:[java.lang.String] = 0.0, Parents; -2
org.junit.runners.BlockJUnit4ClassRunner:withPotentialTimeout:3:[org.junit.runners.model.FrameworkMethod, java.lang.Object, org.junit.runners.model.Statement] = 0.28888888888888886, Parents; -2
org.junit.tests.experimental.theories.internal.ParameterizedAssertionErrorTest:buildParameterizedAssertionError:2:[java.lang.String, java.lang.String] = 0.0, Parents; -2
org.junit.tests.experimental.theories.internal.ParameterizedAssertionErrorTest:equalsReturnsTrue:3:[java.lang.Throwable, java.lang.String, java.lang.Object[]] = 0.0, Parents; -2
java.util.concurrent.CopyOnWriteArrayList:add:1:[java.lang.Object] = 0.0, Parents; -2
org.hamcrest.CoreMatchers:notNullValue:1:[java.lang.Class] = 0.0, Parents; -2
org.junit.tests.running.classes.ParameterizedTestTest$BadNumberOfAnnotatedFieldTest:<init>:0:[] = 0.0, Parents; -2
org.junit.tests.running.classes.ParameterizedTestTest$BadIndexForAnnotatedFieldTest:<init>:0:[] = 0.0, Parents; -2
java.util.Arrays:asList:1:[java.lang.Object[]] = 0.0, Parents; -2
java.lang.ClassCastException:<init>:0:[] = 0.0, Parents; -2
org.junit.tests.experimental.theories.internal.ParameterizedAssertionErrorTest:<init>:0:[] = 0.0, Parents; -2
org.junit.tests.running.classes.ParameterizedTestTest:access$0:0:[] = 0.0, Parents; -2
org.junit.ComparisonFailure$ComparisonCompactor:compact:1:[java.lang.String] = 0.7692307692307693, Parents; -2
org.junit.runners.ParentRunner:areAllChildrenIgnored:0:[] = 0.99, Parents; -2
org.junit.runner.JUnitCommandLineParseResultTest:shouldCreateFailureUponBaldFilterOptionNotFollowedByValue:0:[] = 0.99, Parents; -2
java.lang.String:format:2:[java.lang.String, java.lang.Object[]] = 0.0, Parents; -2
org.junit.tests.manipulation.SortableTest$UnsortableRunnersAreHandledWithoutCrashing$Unsortable:<init>:0:[] = 0.0, Parents; -2
org.junit.tests.AllTests:<init>:0:[] = 0.0, Parents; -2
java.lang.reflect.Constructor:getParameterAnnotations:0:[] = 0.0, Parents; -2
java.lang.Object:toString:0:[] = 0.0, Parents; -2
org.junit.internal.MethodSorterTest:testMethodsNullSorterSuper:0:[] = 0.99, Parents; -2
junit.tests.extensions.ActiveTestTest:assertEquals:2:[int, int] = 0.0, Parents; -2
org.junit.tests.assertion.MultipleFailureExceptionTest:<init>:0:[] = 0.0, Parents; -2
org.junit.tests.experimental.categories.MultiCategoryTest$InheritanceAnyAllTest:w:0:[] = 0.0, Parents; -2
java.util.List:hashCode:0:[] = 0.0, Parents; -2
junit.runner.BaseTestRunner:readPreferences:0:[] = 0.527027027027027, Parents; -2
org.junit.tests.experimental.theories.runner.UnsuccessfulWithDataPointFields:theoryClassMethodsShowUp:0:[] = 0.1, Parents; -2
org.junit.tests.running.classes.ParameterizedTestTest:runsEveryTestOfArray:0:[] = 0.0, Parents; -2
org.junit.tests.experimental.theories.runner.FailingDataPointMethods$HasFailingSingleDataPointMethod:failingDataPoint:0:[] = 0.0, Parents; -2
java.util.List:addAll:1:[java.util.Collection] = 0.0, Parents; -2
java.lang.Exception:<init>:1:[java.lang.String] = 0.0, Parents; -2
org.junit.tests.experimental.categories.MultiCategoryTest$InheritanceAll:<init>:0:[] = 0.0, Parents; -2
org.junit.tests.assertion.AssertionTest:assertThatIncludesDescriptionOfTestedValueInErrorMessage:0:[] = 0.0, Parents; -2
java.lang.Integer:intValue:0:[] = 0.0, Parents; -2
java.lang.reflect.Method:getName:0:[] = 0.0, Parents; -2
java.lang.String:lastIndexOf:1:[java.lang.String] = 0.0, Parents; -2
java.util.Properties:<init>:1:[java.util.Properties] = 0.0, Parents; -2
org.junit.validator.AnnotationsValidator$ClassValidator:validateAnnotatable:2:[org.junit.validator.AnnotationValidator, org.junit.runners.model.TestClass] = 0.99, Parents; -2
org.junit.tests.assertion.AssertionTest:notSameWithMessage:0:[] = 0.0, Parents; -2
org.junit.runner.FilterOptionIntegrationTest:shouldIncludeSomeTests:0:[] = 0.99, Parents; -2
org.junit.tests.experimental.max.DescriptionTest:<init>:0:[] = 0.0, Parents; -2
org.junit.rules.Stopwatch$InternalWatcher:starting:1:[org.junit.runner.Description] = 0.99, Parents; -2
org.junit.AssumptionViolatedExceptionTest:toStringReportsValue:2:[java.lang.Integer, org.hamcrest.Matcher] = 0.0, Parents; -2
java.util.Vector:elements:0:[] = 0.0, Parents; -2
junit.samples.SimpleTest:assertEquals:3:[java.lang.String, int, int] = 0.0, Parents; -2
org.junit.tests.experimental.theories.internal.SpecificDataPointsSupplierTest:shouldReturnOnlyTheNamedSingleFieldDataPoints:0:[] = 0.99, Parents; -2
java.util.concurrent.locks.ReentrantLock:lock:0:[] = 0.0, Parents; -2
junit.tests.framework.SuiteTest:assertTrue:1:[boolean] = 0.0, Parents; -2
java.util.Map$Entry:getKey:0:[] = 0.0, Parents; -2
org.junit.tests.manipulation.SingleMethodTest:parameterizedBeforeClass:0:[] = 0.0, Parents; -2
org.junit.runner.notification.RunNotifierTest:addAndRemoveWithThreadSafeListener:0:[] = 0.99, Parents; -2
org.junit.tests.experimental.theories.runner.WithUnresolvedGenericTypeVariablesOnTheoryParms$TypeVariableOnTheoryParm:<init>:0:[] = 0.0, Parents; -2
org.junit.runner.FilterOptionIntegrationTest$DummyTestClass01:<init>:0:[] = 0.0, Parents; -2
java.util.Vector:add:1:[java.lang.Object] = 0.0, Parents; -2
java.io.OutputStream:<init>:0:[] = 0.0, Parents; -2
java.io.ObjectOutputStream:close:0:[] = 0.0, Parents; -2
org.junit.experimental.theories.internal.SpecificDataPointsSupplier:getSingleDataPointFields:1:[org.junit.experimental.theories.ParameterSignature] = 0.99, Parents; -2
org.hamcrest.CoreMatchers:is:1:[org.hamcrest.Matcher] = 0.0, Parents; -2
org.junit.tests.experimental.theories.runner.WhenNoParametersMatch$AssumptionsFail:nonZeroIntsAreFun:1:[int] = 0.0, Parents; -2
org.junit.validator.AnnotationsValidator$AnnotatableValidator:validateAnnotatable:1:[org.junit.runners.model.Annotatable] = 0.99, Parents; -2
org.junit.tests.experimental.rules.RuleMemberValidatorTest:acceptMethodRule:0:[] = 0.99, Parents; -2
org.junit.tests.experimental.theories.runner.SuccessfulWithDataPointFields$BeforeAndAfterEachTime:<init>:0:[] = 0.0, Parents; -2
junit.tests.framework.ComparisonFailureTest:fail:0:[] = 0.0, Parents; -2
java.io.PrintStream:append:1:[char] = 0.0, Parents; -2
java.lang.Thread:currentThread:0:[] = 0.0, Parents; -2
org.junit.tests.junit3compatibility.JUnit38ClassRunnerTest:filterNoTestsRemain:0:[] = 0.0, Parents; -2
org.junit.tests.assertion.AssertionTest:oneDimensionalPrimitiveArraysAreEqual:0:[] = 0.0, Parents; -2
org.junit.tests.experimental.categories.CategoryTest$IncludeAndExcludeSuite:<init>:0:[] = 0.0, Parents; -2
org.junit.tests.running.classes.ParameterizedTestTest:count:0:[] = 0.0, Parents; -2
org.junit.runners.model.FrameworkFieldTest:hasToStringWhichPrintsFieldName:0:[] = 0.99, Parents; -2
java.lang.Thread:getStackTrace:0:[] = 0.0, Parents; -2
org.junit.AssumptionViolatedException:initCause:1:[java.lang.Throwable] = 0.0, Parents; -2
org.junit.runners.ParentRunner:filter:1:[org.junit.runner.manipulation.Filter] = 0.6428571428571429, Parents; -2
java.io.PrintWriter:<init>:1:[java.io.Writer] = 0.0, Parents; -2
org.junit.Assert:assertNotEquals:3:[float, float, float] = 0.99, Parents; -2
org.hamcrest.MatcherAssert:assertThat:2:[java.lang.Object, org.hamcrest.Matcher] = 0.0, Parents; -2
java.util.Date:<init>:0:[] = 0.0, Parents; -2
java.util.LinkedHashMap:<init>:0:[] = 0.0, Parents; -2
org.junit.tests.assertion.AssertionTest:assertNotEqualsWorksWithPrimitiveTypes:0:[] = 0.0, Parents; -2
org.junit.tests.experimental.categories.CategoriesAndParameterizedTest$VanillaCategorizedJUnitTest:testSomething:0:[] = 0.0, Parents; -2
java.io.ByteArrayOutputStream:toString:0:[] = 0.0, Parents; -2
org.junit.runner.notification.SynchronizedRunListener:testIgnored:1:[org.junit.runner.Description] = 0.99, Parents; -2
org.junit.tests.experimental.categories.MultiCategoryTest$InheritanceAllAnyTest:x:0:[] = 0.0, Parents; -2
java.lang.SecurityManager:checkSystemClipboardAccess:0:[] = 0.0, Parents; -2
org.junit.tests.assertion.AssertionTest:arraysEqualWithMessage:0:[] = 0.0, Parents; -2
java.util.concurrent.FutureTask:get:0:[] = 0.0, Parents; -2
junit.tests.framework.TestCaseTest:assertTrue:1:[boolean] = 0.0, Parents; -2
java.lang.InstantiationException:<init>:1:[java.lang.String] = 0.0, Parents; -2
org.junit.tests.running.classes.ParameterizedTestTest$BeforeAndAfter:after:0:[] = 0.0, Parents; -2
org.junit.runners.parameterized.BlockJUnit4ClassRunnerWithParameters:getTestClass:0:[] = 0.0, Parents; -2
org.junit.tests.running.classes.SuiteTest$AllWithBeforeAndAfterClass:<init>:0:[] = 0.0, Parents; -2
org.junit.tests.experimental.categories.CategoryTest:testCountWithMultipleIncludeFilter:0:[] = 0.99, Parents; -2
org.junit.runners.model.FrameworkMember:getAnnotation:1:[java.lang.Class] = 0.0, Parents; -2
org.hamcrest.CoreMatchers:allOf:6:[org.hamcrest.Matcher, org.hamcrest.Matcher, org.hamcrest.Matcher, org.hamcrest.Matcher, org.hamcrest.Matcher, org.hamcrest.Matcher] = 0.0, Parents; -2
org.junit.tests.experimental.rules.MethodRulesTest:runsAllMethodRulesThatAreReturnedByMethods:0:[] = 0.99, Parents; -2
org.junit.tests.experimental.theories.runner.WithParameterSupplier$TestClassUsingSupplierWithTestClassConstructor:<init>:0:[] = 0.0, Parents; -2
org.junit.tests.experimental.theories.runner.UnsuccessfulWithDataPointFields$DataPointMethodsMustBePublic:<init>:0:[] = 0.0, Parents; -2
org.junit.tests.experimental.theories.internal.AllMembersSupplierTest:dataPointsCollectionFieldsShouldBeRecognized:0:[] = 0.99, Parents; -2
java.util.Vector:<init>:1:[int] = 0.0, Parents; -2
java.lang.Math:abs:1:[float] = 0.0, Parents; -2
org.junit.internal.runners.MethodRoadie:runTestMethod:0:[] = 0.12173913043478261, Parents; -2
java.lang.Integer:parseInt:1:[java.lang.String] = 0.0, Parents; -2
java.util.concurrent.atomic.AtomicLong:<init>:1:[long] = 0.0, Parents; -2
org.junit.tests.experimental.theories.runner.WithDataPointMethod$DataPointMethodReturnsMutableObject:<init>:0:[] = 0.0, Parents; -2
java.lang.SecurityManager:checkSecurityAccess:1:[java.lang.String] = 0.0, Parents; -2
java.lang.Integer:valueOf:1:[int] = 0.0, Parents; -2
org.junit.experimental.categories.Categories$CategoryFilter:apply:1:[java.lang.Object] = 0.0, Parents; -2
org.junit.tests.manipulation.SortableTest:access$1:0:[] = 0.0, Parents; -2
org.junit.tests.experimental.categories.MultiCategoryTest$InheritanceAllTest:w:0:[] = 0.0, Parents; -2
java.lang.System:arraycopy:5:[java.lang.Object, int, java.lang.Object, int, int] = 0.0, Parents; -2
java.security.ProtectionDomain:getCodeSource:0:[] = 0.0, Parents; -2
org.junit.internal.ArrayComparisonFailure:initCause:1:[java.lang.Throwable] = 0.0, Parents; -2
org.junit.runners.BlockJUnit4ClassRunner$1:run:0:[] = 0.0, Parents; -2
org.junit.runner.FilterOptionIntegrationTest:shouldExcludeSomeTests:0:[] = 0.99, Parents; -2
org.junit.tests.running.classes.ParameterizedTestTest:plansNamedCorrectly:0:[] = 0.0, Parents; -2
org.junit.internal.runners.statements.RunAfters:evaluate:0:[] = 0.08917197452229299, Parents; -2
org.junit.tests.junit3compatibility.AllTestsTest:<init>:0:[] = 0.0, Parents; -2
org.junit.internal.builders.AnnotatedBuilderTest:memberClassDeepInsideAnnotatedTopLevelClass_isRunWithTopLevelRunner:0:[] = 0.99, Parents; -2
java.lang.InterruptedException:printStackTrace:1:[java.io.PrintStream] = 0.0, Parents; -2
java.lang.Class:getMethod:2:[java.lang.String, java.lang.Class[]] = 0.0, Parents; -2
org.junit.tests.experimental.rules.RuleMemberValidatorTest:methodRejectNonStaticClassRule:0:[] = 0.99, Parents; -2
org.junit.tests.experimental.rules.EventCollector$3:describeMismatchSafely:2:[org.junit.tests.experimental.rules.EventCollector, org.hamcrest.Description] = 0.99, Parents; -2
java.lang.SecurityManager:checkConnect:2:[java.lang.String, int] = 0.0, Parents; -2
org.junit.tests.assertion.AssertionTest:assertThatIncludesAdvancedMismatch:0:[] = 0.0, Parents; -2
org.junit.tests.experimental.theories.runner.WithDataPointMethod$DataPointMethodReturnsMutableObject:everythingsEmpty:2:[java.util.List, int] = 0.0, Parents; -2
java.util.Comparator:compare:2:[java.lang.Object, java.lang.Object] = 0.0, Parents; -2
org.junit.tests.experimental.rules.EventCollector$1:describeMismatchSafely:2:[org.junit.tests.experimental.rules.EventCollector, org.hamcrest.Description] = 0.99, Parents; -2
java.util.concurrent.atomic.AtomicLong:<init>:0:[] = 0.0, Parents; -2
java.lang.String:substring:2:[int, int] = 0.0, Parents; -2
java.nio.channels.FileChannel:write:1:[java.nio.ByteBuffer] = 0.0, Parents; -2
java.util.HashMap:<init>:0:[] = 0.0, Parents; -2
org.junit.tests.experimental.theories.internal.AllMembersSupplierTest:dataPointsArrayFieldMayContainNullValue:0:[] = 0.99, Parents; -2
java.lang.Object:wait:0:[] = 0.0, Parents; -2
org.junit.runners.parameterized.TestWithParametersTest:doesNotConsiderParametersWhichChangedAfterTestInstantiation:0:[] = 0.99, Parents; -2
java.util.concurrent.ExecutorService:shutdown:0:[] = 0.0, Parents; -2
org.junit.runner.notification.SynchronizedRunListener:testAssumptionFailure:1:[org.junit.runner.notification.Failure] = 0.99, Parents; -2
org.junit.tests.experimental.theories.runner.WithAutoGeneratedDataPoints$TheoryTestClassWithSpecificBooleanDataPoint:<init>:0:[] = 0.0, Parents; -2
java.util.Set:contains:1:[java.lang.Object] = 0.0, Parents; -2
junit.tests.framework.AssertTest:assertTrue:1:[boolean] = 0.0, Parents; -2
org.junit.tests.running.classes.ClassLevelMethodsWithIgnoredTestsTest$AfterClassWithIgnoredTest:test:0:[] = 0.99, Parents; -2
org.hamcrest.core.Is:is:1:[org.hamcrest.Matcher] = 0.0, Parents; -2
org.junit.tests.experimental.theories.runner.WithUnresolvedGenericTypeVariablesOnTheoryParms$TypeVariableOnComponentOfArrayTypeOnTheoryParm:items:0:[] = 0.0, Parents; -2
org.junit.tests.experimental.categories.CategoryTest:testInheritance:0:[] = 0.99, Parents; -2
java.io.File:mkdir:0:[] = 0.0, Parents; -2
java.util.List:isEmpty:0:[] = 0.0, Parents; -2
java.util.Vector:get:1:[int] = 0.0, Parents; -2
org.junit.tests.manipulation.SingleMethodTest:nonexistentMethodCreatesFailure:0:[] = 0.0, Parents; -2
java.lang.Double:valueOf:1:[double] = 0.0, Parents; -2
java.lang.ThreadGroup:<init>:1:[java.lang.String] = 0.0, Parents; -2
java.util.ArrayList:add:1:[java.lang.Object] = 0.0, Parents; -2
org.junit.tests.experimental.categories.CategoryTest$A:a:0:[] = 0.0, Parents; -2
org.junit.tests.description.TestDescriptionMethodNameTest:methodNameTest:0:[] = 0.0, Parents; -2
java.util.concurrent.CopyOnWriteArrayList:<init>:1:[java.util.Collection] = 0.0, Parents; -2
org.junit.tests.experimental.categories.CategoryTest$AllIncludedMustMatched:<init>:0:[] = 0.0, Parents; -2
org.junit.runner.FilterFactoriesTest:createSuiteRequest:0:[] = 0.99, Parents; -2
org.junit.tests.running.classes.ClassLevelMethodsWithIgnoredTestsTest:beforeClassShouldNotRunWhenWholeClassIsIgnored:0:[] = 0.99, Parents; -2
org.junit.tests.running.classes.ParameterizedTestTest$UseParameterizedFactoryAbstractTest:<init>:0:[] = 0.0, Parents; -2
org.junit.tests.manipulation.SortableTest:access$0:0:[] = 0.0, Parents; -2
org.junit.tests.running.classes.ParameterizedTestTest$FibonacciTest:test:0:[] = 0.0, Parents; -2
org.junit.tests.junit3compatibility.ForwardCompatibilityTest:assertEquals:2:[java.lang.String, java.lang.String] = 0.0, Parents; -2
org.junit.runner.JUnitCore:main:1:[java.lang.String[]] = 0.6428571428571429, Parents; -2
org.junit.tests.experimental.rules.RuleMemberValidatorTest:rejectStaticTestRule:0:[] = 0.99, Parents; -2
org.junit.tests.assertion.AssertionTest:nullAndStringNullPrintCorrectError:0:[] = 0.0, Parents; -2
org.junit.tests.experimental.theories.internal.AllMembersSupplierTest:dataPointsAnnotationMeansTreatAsArrayOnly:0:[] = 0.99, Parents; -2
org.junit.tests.running.methods.TestMethodTest:testFailures:0:[] = 0.0, Parents; -2
java.util.HashMap:<init>:1:[java.util.Map] = 0.0, Parents; -2
java.lang.reflect.InvocationTargetException:getTargetException:0:[] = 0.0, Parents; -2
org.junit.tests.running.classes.ParameterizedTestTest$FibonacciWithParameterizedFieldTest:test:0:[] = 0.0, Parents; -2
org.junit.tests.experimental.theories.internal.ParameterizedAssertionErrorTest:canJoinWhenToStringFails:0:[] = 0.0, Parents; -2
org.junit.tests.experimental.MatcherTest:<init>:0:[] = 0.0, Parents; -2
java.util.concurrent.atomic.AtomicInteger:<init>:1:[int] = 0.0, Parents; -2
org.junit.tests.experimental.categories.CategoryValidatorTest:errorIsAddedWhenCategoryIsUsedWithBefore:0:[] = 0.99, Parents; -2
java.lang.IllegalAccessException:toString:0:[] = 0.0, Parents; -2
org.junit.tests.experimental.rules.TemporaryFolderUsageTest:assertFileExists:1:[java.io.File] = 0.0, Parents; -2
org.junit.tests.running.classes.ParameterizedTestTest$BadNumberOfAnnotatedFieldTest:test:0:[] = 0.0, Parents; -2
org.junit.runner.JUnitCommandLineParseResultTest:shouldCreateFailureUponUnknownOption:0:[] = 0.99, Parents; -2
org.junit.AssumptionViolatedExceptionTest:canSetCauseWithInstanceCreatedWithAssumptionObjectAndMatcher:0:[] = 0.0, Parents; -2
java.util.concurrent.ExecutionException:getCause:0:[] = 0.0, Parents; -2
org.junit.tests.assertion.AssertionTest:notEqualsObjectWithNullWithMessage:0:[] = 0.0, Parents; -2
org.junit.tests.experimental.categories.MultiCategoryTest$InheritanceAllTest:<init>:0:[] = 0.0, Parents; -2
org.junit.tests.junit3compatibility.ForwardCompatibilityTest:assertTrue:1:[boolean] = 0.0, Parents; -2
java.lang.StringBuilder:append:1:[int] = 0.0, Parents; -2
org.junit.internal.runners.rules.RuleMemberValidator$MemberMustBeNonStaticOrAlsoClassRule:validate:3:[org.junit.runners.model.FrameworkMember, java.lang.Class, java.util.List] = 0.99, Parents; -2
org.junit.AssumptionViolatedException:getMessage:0:[] = 0.0, Parents; -2
org.junit.tests.experimental.categories.CategoryTest$AllIncludedMustBeMatchedSuite:<init>:0:[] = 0.0, Parents; -2
org.junit.experimental.theories.Theories:validateTestMethods:1:[java.util.List] = 0.49382716049382713, Parents; -2
org.junit.tests.assertion.AssertionTest:notEqualsNullWithObjectWithMessage:0:[] = 0.0, Parents; -2
org.junit.tests.experimental.rules.TemporaryFolderUsageTest:canSetTheBaseFileForATemporaryFolder:0:[] = 0.0, Parents; -2
org.junit.tests.running.methods.AnnotationTest$SimpleTestWithFutureProofExplicitRunner:<init>:0:[] = 0.0, Parents; -2
org.junit.tests.running.classes.ClassLevelMethodsWithIgnoredTestsTest$BeforeClassWithIgnoredTest:beforeClass:0:[] = 0.99, Parents; -2
org.junit.tests.junit3compatibility.ForwardCompatibilityTest$NoExceptionTest:<init>:0:[] = 0.0, Parents; -2
org.junit.tests.experimental.theories.runner.WithAutoGeneratedDataPoints$TheoryTestClassWithAutogeneratedParameterValues:<init>:0:[] = 0.0, Parents; -2
java.util.Set:isEmpty:0:[] = 0.0, Parents; -2
org.junit.tests.running.methods.TestMethodTest:onlyIgnoredMethodsIsStillFineTestClass:0:[] = 0.0, Parents; -2
junit.samples.SimpleTest:assertTrue:1:[boolean] = 0.0, Parents; -2
java.io.ObjectInputStream:close:0:[] = 0.0, Parents; -2
org.junit.runner.notification.RunNotifier$5:run:0:[] = 0.0, Parents; -2
java.io.RandomAccessFile:<init>:2:[java.io.File, java.lang.String] = 0.0, Parents; -2
org.junit.tests.experimental.theories.runner.UnsuccessfulWithDataPointFields:canRunTheories:0:[] = 0.15384615384615385, Parents; -2
org.junit.tests.experimental.theories.runner.WithExtendedParameterSources$DataPointArrayToBeUsedForWholeParameter:<init>:0:[] = 0.0, Parents; -2
org.junit.tests.experimental.theories.runner.FailingDataPointMethods$HasFailingDataPointArrayMethod:<init>:0:[] = 0.0, Parents; -2
org.junit.samples.ListTest:contains:0:[] = 0.0, Parents; -2
org.junit.tests.experimental.rules.RuleMemberValidatorTest:acceptMethodNonStaticTestRule:0:[] = 0.99, Parents; -2
org.junit.tests.experimental.theories.runner.SuccessfulWithDataPointFields$PositiveIntsWithMethodParams:<init>:1:[int] = 0.0, Parents; -2
java.lang.Math:atan:1:[double] = 0.0, Parents; -2
java.lang.management.ThreadMXBean:isThreadCpuTimeSupported:0:[] = 0.0, Parents; -2
junit.samples.SimpleTest:assertEquals:2:[long, long] = 0.0, Parents; -2
java.util.concurrent.TimeUnit:name:0:[] = 0.0, Parents; -2
java.lang.Error:<init>:0:[] = 0.0, Parents; -2
java.text.MessageFormat:format:2:[java.lang.String, java.lang.Object[]] = 0.0, Parents; -2
junit.tests.runner.ResultTest:assertEquals:3:[java.lang.String, int, int] = 0.0, Parents; -2
java.lang.ClassLoader:getResource:1:[java.lang.String] = 0.0, Parents; -2
org.junit.tests.experimental.theories.runner.SuccessfulWithDataPointFields$PositiveIntsWithMethodParams:haveAPostiveSquare:1:[int] = 0.0, Parents; -2
org.junit.tests.running.classes.ParameterizedTestTest$PrivateConstructor:data:0:[] = 0.0, Parents; -2
org.junit.tests.experimental.ExperimentalTests:<init>:0:[] = 0.0, Parents; -2
org.hamcrest.BaseDescription:<init>:0:[] = 0.0, Parents; -2
java.lang.Integer:valueOf:1:[java.lang.String] = 0.0, Parents; -2
junit.tests.runner.TextRunnerSingleMethodTest$InvocationTest:fail:1:[java.lang.String] = 0.0, Parents; -2
junit.tests.extensions.ExtensionTest$2:fail:0:[] = 0.0, Parents; -2
org.junit.rules.StopwatchTest:succeeded:0:[] = 0.99, Parents; -2
org.junit.runners.parameterized.BlockJUnit4ClassRunnerWithParameters:validateZeroArgConstructor:1:[java.util.List] = 0.0, Parents; -2
org.junit.tests.running.classes.ClassLevelMethodsWithIgnoredTestsTest$BeforeClassWithIgnoredTest:test:0:[] = 0.99, Parents; -2
org.junit.rules.Timeout:apply:2:[org.junit.runners.model.Statement, org.junit.runner.Description] = 0.5757575757575758, Parents; -2
org.junit.rules.Stopwatch$InternalWatcher:succeeded:1:[org.junit.runner.Description] = 0.99, Parents; -2
org.junit.tests.assertion.AssertionTest:shortsNotEqual:0:[] = 0.0, Parents; -2
org.junit.tests.assertion.AssertionTest:arraysDifferAtElement1nullMessage:0:[] = 0.0, Parents; -2
org.junit.tests.running.classes.SuiteTest$AllWithOutAnnotation:<init>:0:[] = 0.0, Parents; -2
org.junit.tests.assertion.AssertionTest:multiDimensionalArraysAreNotEqualNoMessage:0:[] = 0.0, Parents; -2
java.util.Set:containsAll:1:[java.util.Collection] = 0.0, Parents; -2
org.junit.tests.assertion.AssertionTest:arraysNotEqualWithMessage:0:[] = 0.0, Parents; -2
java.lang.Throwable:getCause:0:[] = 0.0, Parents; -2
org.junit.runners.parameterized.BlockJUnit4ClassRunnerWithParameters:validateOnlyOneConstructor:1:[java.util.List] = 0.0, Parents; -2
java.lang.System:getProperty:1:[java.lang.String] = 0.0, Parents; -2
org.junit.tests.experimental.theories.runner.WithExtendedParameterSources:ShouldRejectTheoriesWithOnlyDisallowedNullData:0:[] = 0.99, Parents; -2
org.junit.runner.FilterFactoriesTest:shouldCreateFilter:0:[] = 0.99, Parents; -2
java.lang.String:indexOf:1:[java.lang.String] = 0.0, Parents; -2
org.junit.runner.notification.ConcurrentRunNotifierTest$AbstractConcurrentFailuresTest$1:call:0:[] = 0.99, Parents; -2
org.junit.rules.TestWatchman$1:evaluate:0:[] = 0.09375, Parents; -2
org.junit.experimental.ParallelComputer:getSuite:2:[org.junit.runners.model.RunnerBuilder, java.lang.Class[]] = 0.06666666666666667, Parents; -2
java.lang.IllegalArgumentException:<init>:0:[] = 0.0, Parents; -2
junit.extensions.ActiveTestSuite:testCount:0:[] = 0.0, Parents; -2
junit.tests.runner.StackFilterTest:assertEquals:2:[java.lang.String, java.lang.String] = 0.0, Parents; -2
org.junit.runner.notification.ConcurrentRunNotifierTest:realUsage:0:[] = 0.99, Parents; -2
org.junit.tests.experimental.AssumptionTest:<clinit>:0:[] = 0.0, Parents; -2
org.hamcrest.Description:appendDescriptionOf:1:[org.hamcrest.SelfDescribing] = 0.0, Parents; -2
org.junit.tests.experimental.theories.runner.UnsuccessfulWithDataPointFields$NullsOK:everythingIsA:1:[java.lang.String] = 0.0, Parents; -2
org.junit.tests.running.classes.ClassLevelMethodsWithIgnoredTestsTest$AfterClassWithIgnoredTest:afterClass:0:[] = 0.99, Parents; -2
org.junit.tests.assertion.AssertionTest:sameWithMessage:0:[] = 0.0, Parents; -2
java.lang.SecurityManager:checkAccept:2:[java.lang.String, int] = 0.0, Parents; -2
org.junit.internal.runners.JUnit4ClassRunner:getDescription:0:[] = 0.045454545454545456, Parents; -2
org.junit.tests.running.classes.ParameterizedTestTest$FibonacciTestWithArray:test:0:[] = 0.0, Parents; -2
org.junit.runners.model.TestClassTest:annotatedMethodValues:0:[] = 0.0, Parents; -2
org.junit.tests.listening.TextListenerTest:assertTrue:1:[boolean] = 0.0, Parents; -2
org.junit.tests.running.classes.SuiteTest$Hercules:<init>:0:[] = 0.0, Parents; -2
org.junit.tests.running.methods.ExpectedTest$NoneThrown:<init>:0:[] = 0.0, Parents; -2
org.junit.tests.experimental.theories.extendingwithstubs.GuesserQueue:add:1:[java.lang.Object] = 0.0, Parents; -2
org.junit.tests.experimental.theories.runner.WithUnresolvedGenericTypeVariablesOnTheoryParms$TypeVariableOnTheoryOnly:<init>:0:[] = 0.0, Parents; -2
org.junit.tests.experimental.theories.runner.FailingDataPointMethods:shouldNotIgnoreNonMatchingSingleDataPointExceptions:0:[] = 0.99, Parents; -2
org.hamcrest.CoreMatchers:not:1:[java.lang.Object] = 0.0, Parents; -2
org.junit.experimental.categories.Categories$CategoryFilter:matchesAnyParentCategories:2:[java.util.Set, java.util.Set] = 0.99, Parents; -2
org.hamcrest.CoreMatchers:hasItems:1:[java.lang.Object[]] = 0.0, Parents; -2
org.junit.internal.ExactComparisonCriteria:arrayEquals:3:[java.lang.String, java.lang.Object, java.lang.Object] = 0.0, Parents; -2
org.junit.tests.junit3compatibility.JUnit38ClassRunnerTest:assertAnnotationFiltering:1:[org.junit.internal.runners.JUnit38ClassRunner] = 0.0, Parents; -2
java.io.PrintWriter:println:1:[java.lang.String] = 0.0, Parents; -2
junit.tests.framework.AssertTest:assertNotNull:1:[java.lang.Object] = 0.0, Parents; -2
org.junit.tests.assertion.AssertionTest:fails:0:[] = 0.0, Parents; -2
junit.runner.BaseTestRunner:getFilteredTrace:1:[java.lang.Throwable] = 0.4090909090909091, Parents; -2
java.lang.SecurityManager:checkAccess:1:[java.lang.Thread] = 0.0, Parents; -2
org.junit.tests.experimental.AssumptionTest:failedAssumptionsMeanPassing:0:[] = 0.0, Parents; -2
org.junit.runners.BlockJUnit4ClassRunner:validateMethods:1:[java.util.List] = 0.25, Parents; -2
org.junit.tests.experimental.theories.ParameterSignatureTest:getType:0:[] = 0.0, Parents; -2
org.junit.experimental.theories.Theories:getTestClass:0:[] = 0.0, Parents; -2
org.junit.tests.experimental.theories.runner.FailingDataPointMethods$HasFailingDataPointArrayMethod:failingDataPoints:0:[] = 0.0, Parents; -2
org.junit.tests.experimental.theories.extendingwithstubs.Guesser$GuessMap:containsKey:1:[java.lang.Object] = 0.0, Parents; -2
java.lang.management.ManagementFactory:getThreadMXBean:0:[] = 0.0, Parents; -2
org.junit.tests.running.methods.ParameterizedTestMethodTest:testFailures:0:[] = 0.0, Parents; -2
java.lang.Float:floatValue:0:[] = 0.0, Parents; -2
java.io.ObjectStreamClass:lookup:1:[java.lang.Class] = 0.0, Parents; -2
org.junit.tests.experimental.theories.runner.UnsuccessfulWithDataPointFields:dataPointFieldsMustBeStatic:0:[] = 0.99, Parents; -2
java.lang.Class:isInstance:1:[java.lang.Object] = 0.0, Parents; -2
java.util.Set:add:1:[java.lang.Object] = 0.0, Parents; -2
org.junit.tests.junit3compatibility.ForwardCompatibilityTest:assertFalse:1:[boolean] = 0.0, Parents; -2
org.junit.internal.MethodSorterTest:testAscendingMethodSorter:0:[] = 0.99, Parents; -2
java.util.LinkedList:<init>:0:[] = 0.0, Parents; -2
java.lang.Long:<init>:1:[long] = 0.0, Parents; -2
org.junit.rules.StopwatchTest:runtimeAfterTestShouldReturnRunDuration:0:[] = 0.99, Parents; -2
org.junit.experimental.theories.internal.SpecificDataPointsSupplier:getValueSources:1:[org.junit.experimental.theories.ParameterSignature] = 0.0, Parents; -2
org.junit.tests.running.methods.TestMethodTest:ignoreRunner:0:[] = 0.0, Parents; -2
org.junit.tests.experimental.theories.internal.AllMembersSupplierTest:dataPointsCollectionMethodShouldBeRecognized:0:[] = 0.99, Parents; -2
org.hamcrest.StringDescription:toString:1:[org.hamcrest.SelfDescribing] = 0.0, Parents; -2
org.junit.validator.AnnotationsValidator$FieldValidator:validateAnnotatable:2:[org.junit.validator.AnnotationValidator, org.junit.runners.model.FrameworkField] = 0.99, Parents; -2
org.junit.experimental.theories.internal.Assignments:getAllArguments:0:[] = 0.99, Parents; -2
org.junit.samples.ListTest:testCopy:0:[] = 0.0, Parents; -2
org.junit.tests.experimental.rules.MethodRulesTest$CallsMethodReturningRuleOnlyOnce:doNothing:0:[] = 0.99, Parents; -2
org.junit.runners.ParentRunner:<init>:1:[java.lang.Class] = 0.425, Parents; -2
org.junit.runner.notification.ConcurrentRunNotifierTest$AbstractConcurrentFailuresTest:test:0:[] = 0.99, Parents; -2
org.junit.tests.running.classes.ParentRunnerFilteringTest$ExampleSuite:<init>:0:[] = 0.0, Parents; -2
java.util.concurrent.locks.ReentrantLock:<init>:0:[] = 0.0, Parents; -2
org.junit.validator.PublicClassValidatorTest:rejectsNonPublicClass:0:[] = 0.99, Parents; -2
java.lang.reflect.Method:isSynthetic:0:[] = 0.0, Parents; -2
org.junit.tests.experimental.theories.ParameterSignatureTest:primitiveTypesShouldBeAcceptedAsWrapperTypes:0:[] = 0.0, Parents; -2
java.util.List:clear:0:[] = 0.0, Parents; -2
org.hamcrest.CoreMatchers:equalTo:1:[java.lang.Object] = 0.0, Parents; -2
org.junit.runners.parameterized.TestWithParameters:<init>:3:[java.lang.String, org.junit.runners.model.TestClass, java.util.List] = 0.99, Parents; -2
org.junit.tests.experimental.theories.runner.UnsuccessfulWithDataPointFields$DataPointFieldsMustBePublic:<init>:0:[] = 0.0, Parents; -2
org.hamcrest.core.IsEqual:equalTo:1:[java.lang.Object] = 0.0, Parents; -2
org.junit.internal.runners.JUnit4ClassRunner:runMethods:1:[org.junit.runner.notification.RunNotifier] = 0.06451612903225806, Parents; -2
org.junit.tests.running.classes.ParameterizedTestTest:countWithParameterizedField:0:[] = 0.0, Parents; -2
org.junit.tests.assertion.AssertionTest:<init>:0:[] = 0.0, Parents; -2
java.util.Vector:size:0:[] = 0.0, Parents; -2
org.junit.tests.experimental.theories.runner.WithDataPointMethod$HasDateMethod:<init>:0:[] = 0.0, Parents; -2
junit.framework.JUnit4TestAdapterCache:put:2:[java.lang.Object, java.lang.Object] = 0.0, Parents; -2
org.junit.tests.experimental.theories.runner.WhenNoParametersMatch:<init>:0:[] = 0.0, Parents; -2
org.junit.runner.JUnitCommandLineParseResultTest:shouldStopParsingOptionsUponDoubleHyphenArg:0:[] = 0.99, Parents; -2
org.junit.tests.experimental.theories.runner.WithExtendedParameterSources$ShouldRejectTheoriesWithOnlyDisallowedNullData:<init>:0:[] = 0.0, Parents; -2
org.junit.tests.running.classes.ParameterizedTestTest:<init>:0:[] = 0.0, Parents; -2
java.util.Map:keySet:0:[] = 0.0, Parents; -2
java.lang.Class:isAnnotationPresent:1:[java.lang.Class] = 0.0, Parents; -2
org.junit.runners.Parameterized:<init>:1:[java.lang.Class] = 0.43478260869565216, Parents; -2
org.junit.tests.experimental.rules.RuleMemberValidatorTest:rejectClassRuleThatIsImplemetationOfMethodRule:0:[] = 0.99, Parents; -2
org.junit.tests.assertion.AssertionTest:nullWithMessage:0:[] = 0.0, Parents; -2
java.lang.Class:getSimpleName:0:[] = 0.0, Parents; -2
java.lang.String:startsWith:1:[java.lang.String] = 0.0, Parents; -2
org.junit.tests.ObjectContractTest:<clinit>:0:[] = 0.0, Parents; -2
java.lang.String:contains:1:[java.lang.CharSequence] = 0.0, Parents; -2
org.junit.runners.AllTests:testCount:0:[] = 0.0, Parents; -2
junit.samples.money.MoneyTest:assertFalse:1:[boolean] = 0.0, Parents; -2
org.junit.internal.builders.AnnotatedBuilderTest:memberClassInsideAnnotatedTopLevelClass_isRunWithTopLevelRunner:0:[] = 0.99, Parents; -2
java.lang.SecurityManager:checkRead:1:[java.io.FileDescriptor] = 0.0, Parents; -2
org.junit.tests.experimental.categories.MultiCategoryTest:runSuite:0:[] = 0.99, Parents; -2
org.junit.runners.model.TestClassTest:providesAnnotatedMethodsSortedByName:0:[] = 0.0, Parents; -2
java.io.File:getParent:0:[] = 0.0, Parents; -2
org.junit.tests.experimental.theories.runner.WithParameterSupplier:shouldPickUpDataPointsFromParameterSupplier:0:[] = 0.99, Parents; -2
java.util.ArrayList:<init>:1:[java.util.Collection] = 0.0, Parents; -2
org.junit.tests.experimental.theories.runner.WithDataPointMethod$HasDataPointMethod:<init>:0:[] = 0.0, Parents; -2
junit.tests.framework.ComparisonCompactorTest:testComparisonErrorOverlappingMatches2:0:[] = 0.99, Parents; -2
org.junit.tests.experimental.max.DescriptionTest:usesPassedInClassObject:0:[] = 0.0, Parents; -2
org.junit.tests.assertion.AssertionTest:notEqualsObjectWithNull:0:[] = 0.0, Parents; -2
org.junit.tests.running.methods.TimeoutTest:stalledThreadAppearsInStackTrace:0:[] = 0.29577464788732394, Parents; -2
org.junit.tests.experimental.categories.CategoryTest$OneFastOneSlow:<init>:0:[] = 0.0, Parents; -2
org.junit.tests.experimental.rules.TemporaryFolderUsageTest:newFileWithGivenFilenameThrowsIllegalArgumentExceptionIfFileExists:0:[] = 0.0, Parents; -2
org.junit.tests.experimental.rules.BlockJUnit4ClassRunnerOverrideTest$OverrideTestRulesTest:<init>:0:[] = 0.0, Parents; -2
org.junit.AssumptionViolatedExceptionTest:<clinit>:0:[] = 0.0, Parents; -2
